[ 2017-04-17T04:17:41+08:00 ] 127.0.0.1 /index.php?c=detail&a=view&id=9
INFO: [ app_init ] --START--
INFO: Run Behavior\BuildLiteBehavior [ RunTime:0.000000s ]
INFO: [ app_init ] --END-- [ RunTime:0.003000s ]
INFO: [ app_begin ] --START--
INFO: Run Behavior\ReadHtmlCacheBehavior [ RunTime:0.003000s ]
INFO: [ app_begin ] --END-- [ RunTime:0.003000s ]
NOTIC: [2048] Declaration of Home\Controller\CommonController::error() should be compatible with Think\Controller::error($message = '', $jumpUrl = '', $ajax = false) F:\Thinkphp\Application\Home\Controller\CommonController.class.php 第 41 行.
NOTIC: [2048] Declaration of Common\Model\BasicModel::save() should be compatible with Think\Model::save($data = '', $options = Array) F:\Thinkphp\Application\Common\Model\BasicModel.class.php 第 11 行.
NOTIC: [2048] Declaration of Common\Model\BasicModel::select() should be compatible with Think\Model::select($options = Array) F:\Thinkphp\Application\Common\Model\BasicModel.class.php 第 11 行.
NOTIC: [2048] Declaration of Common\Model\MenuModel::find() should be compatible with Think\Model::find($options = Array) F:\Thinkphp\Application\Common\Model\MenuModel.class.php 第 146 行.
SQL: SHOW COLUMNS FROM `cms_menu` [ RunTime:0.0070s ]
SQL: SELECT * FROM `cms_menu` WHERE `status` = 1 AND `type` = 0 ORDER BY listorder desc,menu_id  [ RunTime:0.0010s ]
NOTIC: [2048] Declaration of Common\Model\NewsModel::find() should be compatible with Think\Model::find($options = Array) F:\Thinkphp\Application\Common\Model\NewsModel.class.php 第 209 行.
SQL: SHOW COLUMNS FROM `cms_news` [ RunTime:0.0070s ]
SQL: SELECT * FROM `cms_news` WHERE ( news_id=9 ) LIMIT 1   [ RunTime:0.0010s ]
SQL: UPDATE `cms_news` SET `countnum`='3' WHERE ( news_id=9 ) [ RunTime:0.0010s ]
NOTIC: [2048] Declaration of Common\Model\NewsContentModel::find() should be compatible with Think\Model::find($options = Array) F:\Thinkphp\Application\Common\Model\NewsContentModel.class.php 第 62 行.
SQL: SHOW COLUMNS FROM `cms_news_content` [ RunTime:0.0050s ]
SQL: SELECT * FROM `cms_news_content` WHERE ( news_id=9 ) LIMIT 1   [ RunTime:0.0000s ]
INFO: [ view_parse ] --START--
INFO: [ template_filter ] --START--
INFO: Run Behavior\ContentReplaceBehavior [ RunTime:0.001000s ]
INFO: [ template_filter ] --END-- [ RunTime:0.001000s ]
NOTIC: [8] Undefined index: count F:\Thinkphp\Application\Runtime\Cache\Home\0d75cb75cd30b13fdd4834afd69acb19.php 第 155 行.
NOTIC: [8] Undefined variable: id F:\Thinkphp\Application\Runtime\Cache\Home\0d75cb75cd30b13fdd4834afd69acb19.php 第 666 行.
NOTIC: [8] Undefined variable: nickname F:\Thinkphp\Application\Runtime\Cache\Home\0d75cb75cd30b13fdd4834afd69acb19.php 第 666 行.
NOTIC: [8] Undefined variable: headimage F:\Thinkphp\Application\Runtime\Cache\Home\0d75cb75cd30b13fdd4834afd69acb19.php 第 668 行.
NOTIC: [8] Undefined variable: nickname F:\Thinkphp\Application\Runtime\Cache\Home\0d75cb75cd30b13fdd4834afd69acb19.php 第 668 行.
NOTIC: [8] Undefined variable: id F:\Thinkphp\Application\Runtime\Cache\Home\0d75cb75cd30b13fdd4834afd69acb19.php 第 672 行.
NOTIC: [8] Undefined variable: score F:\Thinkphp\Application\Runtime\Cache\Home\0d75cb75cd30b13fdd4834afd69acb19.php 第 672 行.
NOTIC: [8] Undefined variable: userid F:\Thinkphp\Application\Runtime\Cache\Home\0d75cb75cd30b13fdd4834afd69acb19.php 第 672 行.
NOTIC: [8] Undefined variable: score F:\Thinkphp\Application\Runtime\Cache\Home\0d75cb75cd30b13fdd4834afd69acb19.php 第 672 行.
NOTIC: [8] Undefined variable: nickname F:\Thinkphp\Application\Runtime\Cache\Home\0d75cb75cd30b13fdd4834afd69acb19.php 第 673 行.
NOTIC: [8] Undefined variable: content F:\Thinkphp\Application\Runtime\Cache\Home\0d75cb75cd30b13fdd4834afd69acb19.php 第 675 行.
NOTIC: [8] Undefined variable: createdate F:\Thinkphp\Application\Runtime\Cache\Home\0d75cb75cd30b13fdd4834afd69acb19.php 第 677 行.
NOTIC: [8] Undefined variable: createdate F:\Thinkphp\Application\Runtime\Cache\Home\0d75cb75cd30b13fdd4834afd69acb19.php 第 677 行.
NOTIC: [8] Undefined variable: id F:\Thinkphp\Application\Runtime\Cache\Home\0d75cb75cd30b13fdd4834afd69acb19.php 第 678 行.
NOTIC: [8] Undefined variable: supportnum F:\Thinkphp\Application\Runtime\Cache\Home\0d75cb75cd30b13fdd4834afd69acb19.php 第 678 行.
NOTIC: [8] Undefined variable: id F:\Thinkphp\Application\Runtime\Cache\Home\0d75cb75cd30b13fdd4834afd69acb19.php 第 679 行.
NOTIC: [8] Undefined variable: opposenum F:\Thinkphp\Application\Runtime\Cache\Home\0d75cb75cd30b13fdd4834afd69acb19.php 第 679 行.
NOTIC: [8] Undefined variable: id F:\Thinkphp\Application\Runtime\Cache\Home\0d75cb75cd30b13fdd4834afd69acb19.php 第 680 行.
NOTIC: [8] Undefined variable: id F:\Thinkphp\Application\Runtime\Cache\Home\0d75cb75cd30b13fdd4834afd69acb19.php 第 680 行.
NOTIC: [8] Undefined variable: userid F:\Thinkphp\Application\Runtime\Cache\Home\0d75cb75cd30b13fdd4834afd69acb19.php 第 680 行.
NOTIC: [8] Undefined variable: commentnum F:\Thinkphp\Application\Runtime\Cache\Home\0d75cb75cd30b13fdd4834afd69acb19.php 第 680 行.
NOTIC: [8] Undefined variable: id F:\Thinkphp\Application\Runtime\Cache\Home\0d75cb75cd30b13fdd4834afd69acb19.php 第 686 行.
NOTIC: [8] Undefined variable: id F:\Thinkphp\Application\Runtime\Cache\Home\0d75cb75cd30b13fdd4834afd69acb19.php 第 686 行.
NOTIC: [8] Undefined variable: id F:\Thinkphp\Application\Runtime\Cache\Home\0d75cb75cd30b13fdd4834afd69acb19.php 第 691 行.
NOTIC: [8] Undefined variable: nickname F:\Thinkphp\Application\Runtime\Cache\Home\0d75cb75cd30b13fdd4834afd69acb19.php 第 691 行.
NOTIC: [8] Undefined variable: headimage F:\Thinkphp\Application\Runtime\Cache\Home\0d75cb75cd30b13fdd4834afd69acb19.php 第 693 行.
NOTIC: [8] Undefined variable: nickname F:\Thinkphp\Application\Runtime\Cache\Home\0d75cb75cd30b13fdd4834afd69acb19.php 第 693 行.
NOTIC: [8] Undefined variable: nickname F:\Thinkphp\Application\Runtime\Cache\Home\0d75cb75cd30b13fdd4834afd69acb19.php 第 696 行.
NOTIC: [8] Undefined variable: rnickname F:\Thinkphp\Application\Runtime\Cache\Home\0d75cb75cd30b13fdd4834afd69acb19.php 第 696 行.
NOTIC: [8] Undefined variable: content F:\Thinkphp\Application\Runtime\Cache\Home\0d75cb75cd30b13fdd4834afd69acb19.php 第 697 行.
NOTIC: [8] Undefined variable: createdate F:\Thinkphp\Application\Runtime\Cache\Home\0d75cb75cd30b13fdd4834afd69acb19.php 第 699 行.
NOTIC: [8] Undefined variable: createdate F:\Thinkphp\Application\Runtime\Cache\Home\0d75cb75cd30b13fdd4834afd69acb19.php 第 699 行.
NOTIC: [8] Undefined variable: cpid F:\Thinkphp\Application\Runtime\Cache\Home\0d75cb75cd30b13fdd4834afd69acb19.php 第 700 行.
NOTIC: [8] Undefined variable: id F:\Thinkphp\Application\Runtime\Cache\Home\0d75cb75cd30b13fdd4834afd69acb19.php 第 700 行.
NOTIC: [8] Undefined variable: userid F:\Thinkphp\Application\Runtime\Cache\Home\0d75cb75cd30b13fdd4834afd69acb19.php 第 700 行.
INFO: Run Behavior\ParseTemplateBehavior [ RunTime:0.017001s ]
INFO: [ view_parse ] --END-- [ RunTime:0.017001s ]
INFO: [ view_filter ] --START--
INFO: Run Behavior\WriteHtmlCacheBehavior [ RunTime:0.001000s ]
INFO: [ view_filter ] --END-- [ RunTime:0.001000s ]
INFO: [ app_end ] --START--
INFO: Run Behavior\ShowPageTraceBehavior [ RunTime:0.001000s ]
INFO: [ app_end ] --END-- [ RunTime:0.001000s ]

[ 2017-04-17T04:20:42+08:00 ] 127.0.0.1 /index.php?c=cat&id=11
INFO: [ app_init ] --START--
INFO: Run Behavior\BuildLiteBehavior [ RunTime:0.000000s ]
INFO: [ app_init ] --END-- [ RunTime:0.001001s ]
INFO: [ app_begin ] --START--
INFO: Run Behavior\ReadHtmlCacheBehavior [ RunTime:0.001000s ]
INFO: [ app_begin ] --END-- [ RunTime:0.001000s ]
NOTIC: [2048] Declaration of Home\Controller\CommonController::error() should be compatible with Think\Controller::error($message = '', $jumpUrl = '', $ajax = false) F:\Thinkphp\Application\Home\Controller\CommonController.class.php 第 41 行.
NOTIC: [2048] Declaration of Common\Model\BasicModel::save() should be compatible with Think\Model::save($data = '', $options = Array) F:\Thinkphp\Application\Common\Model\BasicModel.class.php 第 11 行.
NOTIC: [2048] Declaration of Common\Model\BasicModel::select() should be compatible with Think\Model::select($options = Array) F:\Thinkphp\Application\Common\Model\BasicModel.class.php 第 11 行.
NOTIC: [2048] Declaration of Common\Model\MenuModel::find() should be compatible with Think\Model::find($options = Array) F:\Thinkphp\Application\Common\Model\MenuModel.class.php 第 146 行.
SQL: SHOW COLUMNS FROM `cms_menu` [ RunTime:0.0040s ]
SQL: SELECT * FROM `cms_menu` WHERE `status` = 1 AND `type` = 0 ORDER BY listorder desc,menu_id  [ RunTime:0.0010s ]
SQL: SELECT * FROM `cms_menu` WHERE ( menu_id=11 ) LIMIT 1   [ RunTime:0.0000s ]
NOTIC: [2048] Declaration of Common\Model\NewsModel::find() should be compatible with Think\Model::find($options = Array) F:\Thinkphp\Application\Common\Model\NewsModel.class.php 第 209 行.
SQL: SHOW COLUMNS FROM `cms_news` [ RunTime:0.0050s ]
SQL: SELECT * FROM `cms_news` WHERE `status` = 1 ORDER BY countnum desc,news_id desc  LIMIT 10   [ RunTime:0.0010s ]
NOTIC: [8] Undefined index: p F:\Thinkphp\Application\Home\Controller\CatController.class.php 第 21 行.
SQL: SELECT * FROM `cms_news` WHERE `status` <> -1 AND `thumb` <> '' AND `catid` = 11 ORDER BY listorder desc,news_id desc LIMIT 0,2   [ RunTime:0.0010s ]
SQL: SELECT COUNT(*) AS tp_count FROM `cms_news` WHERE `status` <> -1 AND `thumb` <> '' AND `catid` = 11 LIMIT 1   [ RunTime:0.0000s ]
INFO: [ view_parse ] --START--
INFO: [ template_filter ] --START--
INFO: Run Behavior\ContentReplaceBehavior [ RunTime:0.000000s ]
INFO: [ template_filter ] --END-- [ RunTime:0.000000s ]
INFO: Run Behavior\ParseTemplateBehavior [ RunTime:0.012001s ]
INFO: [ view_parse ] --END-- [ RunTime:0.012001s ]
INFO: [ view_filter ] --START--
INFO: Run Behavior\WriteHtmlCacheBehavior [ RunTime:0.001000s ]
INFO: [ view_filter ] --END-- [ RunTime:0.001000s ]
INFO: [ app_end ] --START--
INFO: Run Behavior\ShowPageTraceBehavior [ RunTime:0.000000s ]
INFO: [ app_end ] --END-- [ RunTime:0.001000s ]

[ 2017-04-17T04:20:47+08:00 ] 127.0.0.1 /index.php?c=cat&id=12
INFO: [ app_init ] --START--
INFO: Run Behavior\BuildLiteBehavior [ RunTime:0.000000s ]
INFO: [ app_init ] --END-- [ RunTime:0.000000s ]
INFO: [ app_begin ] --START--
INFO: Run Behavior\ReadHtmlCacheBehavior [ RunTime:0.000000s ]
INFO: [ app_begin ] --END-- [ RunTime:0.000000s ]
NOTIC: [2048] Declaration of Home\Controller\CommonController::error() should be compatible with Think\Controller::error($message = '', $jumpUrl = '', $ajax = false) F:\Thinkphp\Application\Home\Controller\CommonController.class.php 第 41 行.
NOTIC: [2048] Declaration of Common\Model\BasicModel::save() should be compatible with Think\Model::save($data = '', $options = Array) F:\Thinkphp\Application\Common\Model\BasicModel.class.php 第 11 行.
NOTIC: [2048] Declaration of Common\Model\BasicModel::select() should be compatible with Think\Model::select($options = Array) F:\Thinkphp\Application\Common\Model\BasicModel.class.php 第 11 行.
NOTIC: [2048] Declaration of Common\Model\MenuModel::find() should be compatible with Think\Model::find($options = Array) F:\Thinkphp\Application\Common\Model\MenuModel.class.php 第 146 行.
SQL: SHOW COLUMNS FROM `cms_menu` [ RunTime:0.0040s ]
SQL: SELECT * FROM `cms_menu` WHERE `status` = 1 AND `type` = 0 ORDER BY listorder desc,menu_id  [ RunTime:0.0000s ]
SQL: SELECT * FROM `cms_menu` WHERE ( menu_id=12 ) LIMIT 1   [ RunTime:0.0000s ]
NOTIC: [2048] Declaration of Common\Model\NewsModel::find() should be compatible with Think\Model::find($options = Array) F:\Thinkphp\Application\Common\Model\NewsModel.class.php 第 209 行.
SQL: SHOW COLUMNS FROM `cms_news` [ RunTime:0.0040s ]
SQL: SELECT * FROM `cms_news` WHERE `status` = 1 ORDER BY countnum desc,news_id desc  LIMIT 10   [ RunTime:0.0000s ]
NOTIC: [8] Undefined index: p F:\Thinkphp\Application\Home\Controller\CatController.class.php 第 21 行.
SQL: SELECT * FROM `cms_news` WHERE `status` <> -1 AND `thumb` <> '' AND `catid` = 12 ORDER BY listorder desc,news_id desc LIMIT 0,2   [ RunTime:0.0000s ]
SQL: SELECT COUNT(*) AS tp_count FROM `cms_news` WHERE `status` <> -1 AND `thumb` <> '' AND `catid` = 12 LIMIT 1   [ RunTime:0.0200s ]
INFO: [ view_parse ] --START--
INFO: [ template_filter ] --START--
INFO: Run Behavior\ContentReplaceBehavior [ RunTime:0.000000s ]
INFO: [ template_filter ] --END-- [ RunTime:0.000000s ]
INFO: Run Behavior\ParseTemplateBehavior [ RunTime:0.011000s ]
INFO: [ view_parse ] --END-- [ RunTime:0.011000s ]
INFO: [ view_filter ] --START--
INFO: Run Behavior\WriteHtmlCacheBehavior [ RunTime:0.001000s ]
INFO: [ view_filter ] --END-- [ RunTime:0.001000s ]
INFO: [ app_end ] --START--
INFO: Run Behavior\ShowPageTraceBehavior [ RunTime:0.001000s ]
INFO: [ app_end ] --END-- [ RunTime:0.001000s ]

[ 2017-04-17T04:20:58+08:00 ] 127.0.0.1 /index.php?c=index&a=getCount
INFO: [ app_init ] --START--
INFO: Run Behavior\BuildLiteBehavior [ RunTime:0.000000s ]
INFO: [ app_init ] --END-- [ RunTime:0.000000s ]
INFO: [ app_begin ] --START--
INFO: Run Behavior\ReadHtmlCacheBehavior [ RunTime:0.001000s ]
INFO: [ app_begin ] --END-- [ RunTime:0.001000s ]
NOTIC: [2048] Declaration of Home\Controller\CommonController::error() should be compatible with Think\Controller::error($message = '', $jumpUrl = '', $ajax = false) F:\Thinkphp\Application\Home\Controller\CommonController.class.php 第 41 行.
NOTIC: [2048] Declaration of Common\Model\BasicModel::save() should be compatible with Think\Model::save($data = '', $options = Array) F:\Thinkphp\Application\Common\Model\BasicModel.class.php 第 11 行.
NOTIC: [2048] Declaration of Common\Model\BasicModel::select() should be compatible with Think\Model::select($options = Array) F:\Thinkphp\Application\Common\Model\BasicModel.class.php 第 11 行.
NOTIC: [2048] Declaration of Common\Model\MenuModel::find() should be compatible with Think\Model::find($options = Array) F:\Thinkphp\Application\Common\Model\MenuModel.class.php 第 146 行.
SQL: SHOW COLUMNS FROM `cms_menu` [ RunTime:0.0070s ]
SQL: SELECT * FROM `cms_menu` WHERE `status` = 1 AND `type` = 0 ORDER BY listorder desc,menu_id  [ RunTime:0.0010s ]
NOTIC: [2048] Declaration of Common\Model\NewsModel::find() should be compatible with Think\Model::find($options = Array) F:\Thinkphp\Application\Common\Model\NewsModel.class.php 第 209 行.
SQL: SHOW COLUMNS FROM `cms_news` [ RunTime:0.0050s ]
SQL: SELECT * FROM `cms_news` WHERE `news_id` IN ('7','6')  [ RunTime:0.0000s ]

[ 2017-04-17T04:40:05+08:00 ] 127.0.0.1 /index.php
INFO: [ app_init ] --START--
INFO: Run Behavior\BuildLiteBehavior [ RunTime:0.000000s ]
INFO: [ app_init ] --END-- [ RunTime:0.001000s ]
INFO: [ app_begin ] --START--
INFO: Run Behavior\ReadHtmlCacheBehavior [ RunTime:0.001000s ]
INFO: [ app_begin ] --END-- [ RunTime:0.001000s ]
NOTIC: [2048] Declaration of Home\Controller\CommonController::error() should be compatible with Think\Controller::error($message = '', $jumpUrl = '', $ajax = false) F:\Thinkphp\Application\Home\Controller\CommonController.class.php 第 41 行.
NOTIC: [2048] Declaration of Common\Model\BasicModel::save() should be compatible with Think\Model::save($data = '', $options = Array) F:\Thinkphp\Application\Common\Model\BasicModel.class.php 第 11 行.
NOTIC: [2048] Declaration of Common\Model\BasicModel::select() should be compatible with Think\Model::select($options = Array) F:\Thinkphp\Application\Common\Model\BasicModel.class.php 第 11 行.
NOTIC: [2048] Declaration of Common\Model\MenuModel::find() should be compatible with Think\Model::find($options = Array) F:\Thinkphp\Application\Common\Model\MenuModel.class.php 第 146 行.
SQL: SHOW COLUMNS FROM `cms_menu` [ RunTime:0.0080s ]
SQL: SELECT * FROM `cms_menu` WHERE `status` = 1 AND `type` = 0 ORDER BY listorder desc,menu_id  [ RunTime:0.0010s ]
NOTIC: [2048] Declaration of Common\Model\NewsModel::find() should be compatible with Think\Model::find($options = Array) F:\Thinkphp\Application\Common\Model\NewsModel.class.php 第 209 行.
SQL: SHOW COLUMNS FROM `cms_news` [ RunTime:0.0070s ]
SQL: SELECT * FROM `cms_news` WHERE `status` = 1 ORDER BY countnum desc,news_id desc  LIMIT 10   [ RunTime:0.0010s ]
NOTIC: [2048] Declaration of Common\Model\PositionContentModel::find() should be compatible with Think\Model::find($options = Array) F:\Thinkphp\Application\Common\Model\PositionContentModel.class.php 第 113 行.
SQL: SHOW COLUMNS FROM `cms_position_content` [ RunTime:0.0240s ]
NOTIC: [8] Undefined index: title F:\Thinkphp\Application\Common\Model\PositionContentModel.class.php 第 42 行.
SQL: SELECT * FROM `cms_position_content` WHERE `status` = 1 AND `position_id` = 3 ORDER BY listorder desc,id desc LIMIT 2   [ RunTime:0.0010s ]
NOTIC: [8] Undefined index: title F:\Thinkphp\Application\Common\Model\PositionContentModel.class.php 第 42 行.
SQL: SELECT * FROM `cms_position_content` WHERE `status` = 1 AND `position_id` = 4 ORDER BY listorder desc,id desc LIMIT 3   [ RunTime:0.0010s ]
SQL: SHOW COLUMNS FROM `cms_news` [ RunTime:0.0040s ]
SQL: SELECT * FROM `cms_news` WHERE ( status=1 and thumb<>"" and recommend=1 ) ORDER BY create_time desc,countnum desc LIMIT 3   [ RunTime:0.0010s ]
NOTIC: [8] Undefined index: title F:\Thinkphp\Application\Common\Model\PositionContentModel.class.php 第 42 行.
SQL: SELECT * FROM `cms_position_content` WHERE `status` = 1 AND `position_id` = 2 ORDER BY listorder desc,id desc LIMIT 5   [ RunTime:0.0010s ]
NOTIC: [8] Undefined index: title F:\Thinkphp\Application\Common\Model\PositionContentModel.class.php 第 42 行.
SQL: SELECT * FROM `cms_position_content` WHERE `status` = 1 AND `position_id` = 1 ORDER BY listorder desc,id desc LIMIT 10   [ RunTime:0.0000s ]
NOTIC: [8] Undefined variable: midPicNews F:\Thinkphp\Application\Home\Controller\IndexController.class.php 第 40 行.
INFO: [ view_parse ] --START--
INFO: [ template_filter ] --START--
INFO: Run Behavior\ContentReplaceBehavior [ RunTime:0.000000s ]
INFO: [ template_filter ] --END-- [ RunTime:0.000000s ]
NOTIC: [8] Undefined index: count F:\Thinkphp\Application\Runtime\Cache\Home\2a94b8bda04ff446dcedd42276fc99ee.php 第 151 行.
NOTIC: [8] Undefined index: count F:\Thinkphp\Application\Runtime\Cache\Home\2a94b8bda04ff446dcedd42276fc99ee.php 第 151 行.
NOTIC: [8] Undefined index: description F:\Thinkphp\Application\Runtime\Cache\Home\2a94b8bda04ff446dcedd42276fc99ee.php 第 190 行.
INFO: Run Behavior\ParseTemplateBehavior [ RunTime:0.048003s ]
INFO: [ view_parse ] --END-- [ RunTime:0.048003s ]
INFO: [ view_filter ] --START--
INFO: Run Behavior\WriteHtmlCacheBehavior [ RunTime:0.000000s ]
INFO: [ view_filter ] --END-- [ RunTime:0.000000s ]
INFO: [ app_end ] --START--
INFO: Run Behavior\ShowPageTraceBehavior [ RunTime:0.001000s ]
INFO: [ app_end ] --END-- [ RunTime:0.001000s ]

[ 2017-04-17T04:40:06+08:00 ] 127.0.0.1 /index.php?c=index&a=getCount
INFO: [ app_init ] --START--
INFO: Run Behavior\BuildLiteBehavior [ RunTime:0.000000s ]
INFO: [ app_init ] --END-- [ RunTime:0.001000s ]
INFO: [ app_begin ] --START--
INFO: Run Behavior\ReadHtmlCacheBehavior [ RunTime:0.001000s ]
INFO: [ app_begin ] --END-- [ RunTime:0.001000s ]
NOTIC: [2048] Declaration of Home\Controller\CommonController::error() should be compatible with Think\Controller::error($message = '', $jumpUrl = '', $ajax = false) F:\Thinkphp\Application\Home\Controller\CommonController.class.php 第 41 行.
NOTIC: [2048] Declaration of Common\Model\BasicModel::save() should be compatible with Think\Model::save($data = '', $options = Array) F:\Thinkphp\Application\Common\Model\BasicModel.class.php 第 11 行.
NOTIC: [2048] Declaration of Common\Model\BasicModel::select() should be compatible with Think\Model::select($options = Array) F:\Thinkphp\Application\Common\Model\BasicModel.class.php 第 11 行.
NOTIC: [2048] Declaration of Common\Model\MenuModel::find() should be compatible with Think\Model::find($options = Array) F:\Thinkphp\Application\Common\Model\MenuModel.class.php 第 146 行.
SQL: SHOW COLUMNS FROM `cms_menu` [ RunTime:0.0100s ]
SQL: SELECT * FROM `cms_menu` WHERE `status` = 1 AND `type` = 0 ORDER BY listorder desc,menu_id  [ RunTime:0.0020s ]
NOTIC: [2048] Declaration of Common\Model\NewsModel::find() should be compatible with Think\Model::find($options = Array) F:\Thinkphp\Application\Common\Model\NewsModel.class.php 第 209 行.
SQL: SHOW COLUMNS FROM `cms_news` [ RunTime:0.0080s ]
SQL: SELECT * FROM `cms_news` WHERE `news_id` IN ('7','6')  [ RunTime:0.0010s ]

[ 2017-04-17T16:54:34+08:00 ] 127.0.0.1 /index.php?c=index&a=getCount
INFO: [ app_init ] --START--
INFO: Run Behavior\BuildLiteBehavior [ RunTime:0.000000s ]
INFO: [ app_init ] --END-- [ RunTime:0.000000s ]
INFO: [ app_begin ] --START--
INFO: Run Behavior\ReadHtmlCacheBehavior [ RunTime:0.001000s ]
INFO: [ app_begin ] --END-- [ RunTime:0.001000s ]
NOTIC: [2048] Declaration of Home\Controller\CommonController::error() should be compatible with Think\Controller::error($message = '', $jumpUrl = '', $ajax = false) F:\Thinkphp\Application\Home\Controller\CommonController.class.php 第 41 行.
NOTIC: [2048] Declaration of Common\Model\BasicModel::save() should be compatible with Think\Model::save($data = '', $options = Array) F:\Thinkphp\Application\Common\Model\BasicModel.class.php 第 11 行.
NOTIC: [2048] Declaration of Common\Model\BasicModel::select() should be compatible with Think\Model::select($options = Array) F:\Thinkphp\Application\Common\Model\BasicModel.class.php 第 11 行.
NOTIC: [2048] Declaration of Common\Model\MenuModel::find() should be compatible with Think\Model::find($options = Array) F:\Thinkphp\Application\Common\Model\MenuModel.class.php 第 146 行.
SQL: SHOW COLUMNS FROM `cms_menu` [ RunTime:0.0030s ]
SQL: SELECT * FROM `cms_menu` WHERE `status` = 1 AND `type` = 0 ORDER BY listorder desc,menu_id  [ RunTime:0.0000s ]
NOTIC: [2048] Declaration of Common\Model\NewsModel::find() should be compatible with Think\Model::find($options = Array) F:\Thinkphp\Application\Common\Model\NewsModel.class.php 第 209 行.
SQL: SHOW COLUMNS FROM `cms_news` [ RunTime:0.0040s ]
SQL: SELECT * FROM `cms_news` WHERE `news_id` IN ('7','6')  [ RunTime:0.0010s ]

[ 2017-04-17T16:54:50+08:00 ] 127.0.0.1 /index.php?c=detail&id=9
INFO: [ app_init ] --START--
INFO: Run Behavior\BuildLiteBehavior [ RunTime:0.000000s ]
INFO: [ app_init ] --END-- [ RunTime:0.001000s ]
INFO: [ app_begin ] --START--
INFO: Run Behavior\ReadHtmlCacheBehavior [ RunTime:0.000000s ]
INFO: [ app_begin ] --END-- [ RunTime:0.000000s ]
NOTIC: [2048] Declaration of Home\Controller\CommonController::error() should be compatible with Think\Controller::error($message = '', $jumpUrl = '', $ajax = false) F:\Thinkphp\Application\Home\Controller\CommonController.class.php 第 41 行.
NOTIC: [2048] Declaration of Common\Model\BasicModel::save() should be compatible with Think\Model::save($data = '', $options = Array) F:\Thinkphp\Application\Common\Model\BasicModel.class.php 第 11 行.
NOTIC: [2048] Declaration of Common\Model\BasicModel::select() should be compatible with Think\Model::select($options = Array) F:\Thinkphp\Application\Common\Model\BasicModel.class.php 第 11 行.
NOTIC: [2048] Declaration of Common\Model\MenuModel::find() should be compatible with Think\Model::find($options = Array) F:\Thinkphp\Application\Common\Model\MenuModel.class.php 第 146 行.
SQL: SHOW COLUMNS FROM `cms_menu` [ RunTime:0.0030s ]
SQL: SELECT * FROM `cms_menu` WHERE `status` = 1 AND `type` = 0 ORDER BY listorder desc,menu_id  [ RunTime:0.0000s ]
NOTIC: [2048] Declaration of Common\Model\NewsModel::find() should be compatible with Think\Model::find($options = Array) F:\Thinkphp\Application\Common\Model\NewsModel.class.php 第 209 行.
SQL: SHOW COLUMNS FROM `cms_news` [ RunTime:0.0040s ]
SQL: SELECT * FROM `cms_news` WHERE ( news_id=9 ) LIMIT 1   [ RunTime:0.0010s ]
SQL: UPDATE `cms_news` SET `countnum`='4' WHERE ( news_id=9 ) [ RunTime:0.0000s ]
NOTIC: [2048] Declaration of Common\Model\NewsContentModel::find() should be compatible with Think\Model::find($options = Array) F:\Thinkphp\Application\Common\Model\NewsContentModel.class.php 第 62 行.
SQL: SHOW COLUMNS FROM `cms_news_content` [ RunTime:0.0390s ]
SQL: SELECT * FROM `cms_news_content` WHERE ( news_id=9 ) LIMIT 1   [ RunTime:0.0010s ]
INFO: [ view_parse ] --START--
INFO: [ template_filter ] --START--
INFO: Run Behavior\ContentReplaceBehavior [ RunTime:0.001000s ]
INFO: [ template_filter ] --END-- [ RunTime:0.001000s ]
NOTIC: [8] Undefined index: count F:\Thinkphp\Application\Runtime\Cache\Home\0d75cb75cd30b13fdd4834afd69acb19.php 第 155 行.
NOTIC: [8] Undefined variable: id F:\Thinkphp\Application\Runtime\Cache\Home\0d75cb75cd30b13fdd4834afd69acb19.php 第 666 行.
NOTIC: [8] Undefined variable: nickname F:\Thinkphp\Application\Runtime\Cache\Home\0d75cb75cd30b13fdd4834afd69acb19.php 第 666 行.
NOTIC: [8] Undefined variable: headimage F:\Thinkphp\Application\Runtime\Cache\Home\0d75cb75cd30b13fdd4834afd69acb19.php 第 668 行.
NOTIC: [8] Undefined variable: nickname F:\Thinkphp\Application\Runtime\Cache\Home\0d75cb75cd30b13fdd4834afd69acb19.php 第 668 行.
NOTIC: [8] Undefined variable: id F:\Thinkphp\Application\Runtime\Cache\Home\0d75cb75cd30b13fdd4834afd69acb19.php 第 672 行.
NOTIC: [8] Undefined variable: score F:\Thinkphp\Application\Runtime\Cache\Home\0d75cb75cd30b13fdd4834afd69acb19.php 第 672 行.
NOTIC: [8] Undefined variable: userid F:\Thinkphp\Application\Runtime\Cache\Home\0d75cb75cd30b13fdd4834afd69acb19.php 第 672 行.
NOTIC: [8] Undefined variable: score F:\Thinkphp\Application\Runtime\Cache\Home\0d75cb75cd30b13fdd4834afd69acb19.php 第 672 行.
NOTIC: [8] Undefined variable: nickname F:\Thinkphp\Application\Runtime\Cache\Home\0d75cb75cd30b13fdd4834afd69acb19.php 第 673 行.
NOTIC: [8] Undefined variable: content F:\Thinkphp\Application\Runtime\Cache\Home\0d75cb75cd30b13fdd4834afd69acb19.php 第 675 行.
NOTIC: [8] Undefined variable: createdate F:\Thinkphp\Application\Runtime\Cache\Home\0d75cb75cd30b13fdd4834afd69acb19.php 第 677 行.
NOTIC: [8] Undefined variable: createdate F:\Thinkphp\Application\Runtime\Cache\Home\0d75cb75cd30b13fdd4834afd69acb19.php 第 677 行.
NOTIC: [8] Undefined variable: id F:\Thinkphp\Application\Runtime\Cache\Home\0d75cb75cd30b13fdd4834afd69acb19.php 第 678 行.
NOTIC: [8] Undefined variable: supportnum F:\Thinkphp\Application\Runtime\Cache\Home\0d75cb75cd30b13fdd4834afd69acb19.php 第 678 行.
NOTIC: [8] Undefined variable: id F:\Thinkphp\Application\Runtime\Cache\Home\0d75cb75cd30b13fdd4834afd69acb19.php 第 679 行.
NOTIC: [8] Undefined variable: opposenum F:\Thinkphp\Application\Runtime\Cache\Home\0d75cb75cd30b13fdd4834afd69acb19.php 第 679 行.
NOTIC: [8] Undefined variable: id F:\Thinkphp\Application\Runtime\Cache\Home\0d75cb75cd30b13fdd4834afd69acb19.php 第 680 行.
NOTIC: [8] Undefined variable: id F:\Thinkphp\Application\Runtime\Cache\Home\0d75cb75cd30b13fdd4834afd69acb19.php 第 680 行.
NOTIC: [8] Undefined variable: userid F:\Thinkphp\Application\Runtime\Cache\Home\0d75cb75cd30b13fdd4834afd69acb19.php 第 680 行.
NOTIC: [8] Undefined variable: commentnum F:\Thinkphp\Application\Runtime\Cache\Home\0d75cb75cd30b13fdd4834afd69acb19.php 第 680 行.
NOTIC: [8] Undefined variable: id F:\Thinkphp\Application\Runtime\Cache\Home\0d75cb75cd30b13fdd4834afd69acb19.php 第 686 行.
NOTIC: [8] Undefined variable: id F:\Thinkphp\Application\Runtime\Cache\Home\0d75cb75cd30b13fdd4834afd69acb19.php 第 686 行.
NOTIC: [8] Undefined variable: id F:\Thinkphp\Application\Runtime\Cache\Home\0d75cb75cd30b13fdd4834afd69acb19.php 第 691 行.
NOTIC: [8] Undefined variable: nickname F:\Thinkphp\Application\Runtime\Cache\Home\0d75cb75cd30b13fdd4834afd69acb19.php 第 691 行.
NOTIC: [8] Undefined variable: headimage F:\Thinkphp\Application\Runtime\Cache\Home\0d75cb75cd30b13fdd4834afd69acb19.php 第 693 行.
NOTIC: [8] Undefined variable: nickname F:\Thinkphp\Application\Runtime\Cache\Home\0d75cb75cd30b13fdd4834afd69acb19.php 第 693 行.
NOTIC: [8] Undefined variable: nickname F:\Thinkphp\Application\Runtime\Cache\Home\0d75cb75cd30b13fdd4834afd69acb19.php 第 696 行.
NOTIC: [8] Undefined variable: rnickname F:\Thinkphp\Application\Runtime\Cache\Home\0d75cb75cd30b13fdd4834afd69acb19.php 第 696 行.
NOTIC: [8] Undefined variable: content F:\Thinkphp\Application\Runtime\Cache\Home\0d75cb75cd30b13fdd4834afd69acb19.php 第 697 行.
NOTIC: [8] Undefined variable: createdate F:\Thinkphp\Application\Runtime\Cache\Home\0d75cb75cd30b13fdd4834afd69acb19.php 第 699 行.
NOTIC: [8] Undefined variable: createdate F:\Thinkphp\Application\Runtime\Cache\Home\0d75cb75cd30b13fdd4834afd69acb19.php 第 699 行.
NOTIC: [8] Undefined variable: cpid F:\Thinkphp\Application\Runtime\Cache\Home\0d75cb75cd30b13fdd4834afd69acb19.php 第 700 行.
NOTIC: [8] Undefined variable: id F:\Thinkphp\Application\Runtime\Cache\Home\0d75cb75cd30b13fdd4834afd69acb19.php 第 700 行.
NOTIC: [8] Undefined variable: userid F:\Thinkphp\Application\Runtime\Cache\Home\0d75cb75cd30b13fdd4834afd69acb19.php 第 700 行.
INFO: Run Behavior\ParseTemplateBehavior [ RunTime:0.040002s ]
INFO: [ view_parse ] --END-- [ RunTime:0.040002s ]
INFO: [ view_filter ] --START--
INFO: Run Behavior\WriteHtmlCacheBehavior [ RunTime:0.000000s ]
INFO: [ view_filter ] --END-- [ RunTime:0.000000s ]
INFO: [ app_end ] --START--
INFO: Run Behavior\ShowPageTraceBehavior [ RunTime:0.001000s ]
INFO: [ app_end ] --END-- [ RunTime:0.001000s ]

[ 2017-04-17T16:54:52+08:00 ] 127.0.0.1 /index.php?c=index&a=getCount
INFO: [ app_init ] --START--
INFO: Run Behavior\BuildLiteBehavior [ RunTime:0.000000s ]
INFO: [ app_init ] --END-- [ RunTime:0.001000s ]
INFO: [ app_begin ] --START--
INFO: Run Behavior\ReadHtmlCacheBehavior [ RunTime:0.000000s ]
INFO: [ app_begin ] --END-- [ RunTime:0.001000s ]
NOTIC: [2048] Declaration of Home\Controller\CommonController::error() should be compatible with Think\Controller::error($message = '', $jumpUrl = '', $ajax = false) F:\Thinkphp\Application\Home\Controller\CommonController.class.php 第 41 行.
NOTIC: [2048] Declaration of Common\Model\BasicModel::save() should be compatible with Think\Model::save($data = '', $options = Array) F:\Thinkphp\Application\Common\Model\BasicModel.class.php 第 11 行.
NOTIC: [2048] Declaration of Common\Model\BasicModel::select() should be compatible with Think\Model::select($options = Array) F:\Thinkphp\Application\Common\Model\BasicModel.class.php 第 11 行.
NOTIC: [2048] Declaration of Common\Model\MenuModel::find() should be compatible with Think\Model::find($options = Array) F:\Thinkphp\Application\Common\Model\MenuModel.class.php 第 146 行.
SQL: SHOW COLUMNS FROM `cms_menu` [ RunTime:0.0050s ]
SQL: SELECT * FROM `cms_menu` WHERE `status` = 1 AND `type` = 0 ORDER BY listorder desc,menu_id  [ RunTime:0.0000s ]
NOTIC: [2048] Declaration of Common\Model\NewsModel::find() should be compatible with Think\Model::find($options = Array) F:\Thinkphp\Application\Common\Model\NewsModel.class.php 第 209 行.
SQL: SHOW COLUMNS FROM `cms_news` [ RunTime:0.0050s ]
SQL: SELECT * FROM `cms_news` WHERE `news_id` IN ('7','6')  [ RunTime:0.0000s ]

[ 2017-04-17T16:54:54+08:00 ] 127.0.0.1 /index.php?c=detail&id=8
INFO: [ app_init ] --START--
INFO: Run Behavior\BuildLiteBehavior [ RunTime:0.000000s ]
INFO: [ app_init ] --END-- [ RunTime:0.001000s ]
INFO: [ app_begin ] --START--
INFO: Run Behavior\ReadHtmlCacheBehavior [ RunTime:0.001000s ]
INFO: [ app_begin ] --END-- [ RunTime:0.001000s ]
NOTIC: [2048] Declaration of Home\Controller\CommonController::error() should be compatible with Think\Controller::error($message = '', $jumpUrl = '', $ajax = false) F:\Thinkphp\Application\Home\Controller\CommonController.class.php 第 41 行.
NOTIC: [2048] Declaration of Common\Model\BasicModel::save() should be compatible with Think\Model::save($data = '', $options = Array) F:\Thinkphp\Application\Common\Model\BasicModel.class.php 第 11 行.
NOTIC: [2048] Declaration of Common\Model\BasicModel::select() should be compatible with Think\Model::select($options = Array) F:\Thinkphp\Application\Common\Model\BasicModel.class.php 第 11 行.
NOTIC: [2048] Declaration of Common\Model\MenuModel::find() should be compatible with Think\Model::find($options = Array) F:\Thinkphp\Application\Common\Model\MenuModel.class.php 第 146 行.
SQL: SHOW COLUMNS FROM `cms_menu` [ RunTime:0.0040s ]
SQL: SELECT * FROM `cms_menu` WHERE `status` = 1 AND `type` = 0 ORDER BY listorder desc,menu_id  [ RunTime:0.0010s ]
NOTIC: [2048] Declaration of Common\Model\NewsModel::find() should be compatible with Think\Model::find($options = Array) F:\Thinkphp\Application\Common\Model\NewsModel.class.php 第 209 行.
SQL: SHOW COLUMNS FROM `cms_news` [ RunTime:0.0040s ]
SQL: SELECT * FROM `cms_news` WHERE ( news_id=8 ) LIMIT 1   [ RunTime:0.0000s ]
SQL: UPDATE `cms_news` SET `countnum`='1' WHERE ( news_id=8 ) [ RunTime:0.0010s ]
NOTIC: [2048] Declaration of Common\Model\NewsContentModel::find() should be compatible with Think\Model::find($options = Array) F:\Thinkphp\Application\Common\Model\NewsContentModel.class.php 第 62 行.
SQL: SHOW COLUMNS FROM `cms_news_content` [ RunTime:0.0030s ]
SQL: SELECT * FROM `cms_news_content` WHERE ( news_id=8 ) LIMIT 1   [ RunTime:0.0000s ]
INFO: [ view_parse ] --START--
INFO: [ template_filter ] --START--
INFO: Run Behavior\ContentReplaceBehavior [ RunTime:0.001000s ]
INFO: [ template_filter ] --END-- [ RunTime:0.001000s ]
NOTIC: [8] Undefined index: count F:\Thinkphp\Application\Runtime\Cache\Home\0d75cb75cd30b13fdd4834afd69acb19.php 第 155 行.
NOTIC: [8] Undefined variable: id F:\Thinkphp\Application\Runtime\Cache\Home\0d75cb75cd30b13fdd4834afd69acb19.php 第 666 行.
NOTIC: [8] Undefined variable: nickname F:\Thinkphp\Application\Runtime\Cache\Home\0d75cb75cd30b13fdd4834afd69acb19.php 第 666 行.
NOTIC: [8] Undefined variable: headimage F:\Thinkphp\Application\Runtime\Cache\Home\0d75cb75cd30b13fdd4834afd69acb19.php 第 668 行.
NOTIC: [8] Undefined variable: nickname F:\Thinkphp\Application\Runtime\Cache\Home\0d75cb75cd30b13fdd4834afd69acb19.php 第 668 行.
NOTIC: [8] Undefined variable: id F:\Thinkphp\Application\Runtime\Cache\Home\0d75cb75cd30b13fdd4834afd69acb19.php 第 672 行.
NOTIC: [8] Undefined variable: score F:\Thinkphp\Application\Runtime\Cache\Home\0d75cb75cd30b13fdd4834afd69acb19.php 第 672 行.
NOTIC: [8] Undefined variable: userid F:\Thinkphp\Application\Runtime\Cache\Home\0d75cb75cd30b13fdd4834afd69acb19.php 第 672 行.
NOTIC: [8] Undefined variable: score F:\Thinkphp\Application\Runtime\Cache\Home\0d75cb75cd30b13fdd4834afd69acb19.php 第 672 行.
NOTIC: [8] Undefined variable: nickname F:\Thinkphp\Application\Runtime\Cache\Home\0d75cb75cd30b13fdd4834afd69acb19.php 第 673 行.
NOTIC: [8] Undefined variable: content F:\Thinkphp\Application\Runtime\Cache\Home\0d75cb75cd30b13fdd4834afd69acb19.php 第 675 行.
NOTIC: [8] Undefined variable: createdate F:\Thinkphp\Application\Runtime\Cache\Home\0d75cb75cd30b13fdd4834afd69acb19.php 第 677 行.
NOTIC: [8] Undefined variable: createdate F:\Thinkphp\Application\Runtime\Cache\Home\0d75cb75cd30b13fdd4834afd69acb19.php 第 677 行.
NOTIC: [8] Undefined variable: id F:\Thinkphp\Application\Runtime\Cache\Home\0d75cb75cd30b13fdd4834afd69acb19.php 第 678 行.
NOTIC: [8] Undefined variable: supportnum F:\Thinkphp\Application\Runtime\Cache\Home\0d75cb75cd30b13fdd4834afd69acb19.php 第 678 行.
NOTIC: [8] Undefined variable: id F:\Thinkphp\Application\Runtime\Cache\Home\0d75cb75cd30b13fdd4834afd69acb19.php 第 679 行.
NOTIC: [8] Undefined variable: opposenum F:\Thinkphp\Application\Runtime\Cache\Home\0d75cb75cd30b13fdd4834afd69acb19.php 第 679 行.
NOTIC: [8] Undefined variable: id F:\Thinkphp\Application\Runtime\Cache\Home\0d75cb75cd30b13fdd4834afd69acb19.php 第 680 行.
NOTIC: [8] Undefined variable: id F:\Thinkphp\Application\Runtime\Cache\Home\0d75cb75cd30b13fdd4834afd69acb19.php 第 680 行.
NOTIC: [8] Undefined variable: userid F:\Thinkphp\Application\Runtime\Cache\Home\0d75cb75cd30b13fdd4834afd69acb19.php 第 680 行.
NOTIC: [8] Undefined variable: commentnum F:\Thinkphp\Application\Runtime\Cache\Home\0d75cb75cd30b13fdd4834afd69acb19.php 第 680 行.
NOTIC: [8] Undefined variable: id F:\Thinkphp\Application\Runtime\Cache\Home\0d75cb75cd30b13fdd4834afd69acb19.php 第 686 行.
NOTIC: [8] Undefined variable: id F:\Thinkphp\Application\Runtime\Cache\Home\0d75cb75cd30b13fdd4834afd69acb19.php 第 686 行.
NOTIC: [8] Undefined variable: id F:\Thinkphp\Application\Runtime\Cache\Home\0d75cb75cd30b13fdd4834afd69acb19.php 第 691 行.
NOTIC: [8] Undefined variable: nickname F:\Thinkphp\Application\Runtime\Cache\Home\0d75cb75cd30b13fdd4834afd69acb19.php 第 691 行.
NOTIC: [8] Undefined variable: headimage F:\Thinkphp\Application\Runtime\Cache\Home\0d75cb75cd30b13fdd4834afd69acb19.php 第 693 行.
NOTIC: [8] Undefined variable: nickname F:\Thinkphp\Application\Runtime\Cache\Home\0d75cb75cd30b13fdd4834afd69acb19.php 第 693 行.
NOTIC: [8] Undefined variable: nickname F:\Thinkphp\Application\Runtime\Cache\Home\0d75cb75cd30b13fdd4834afd69acb19.php 第 696 行.
NOTIC: [8] Undefined variable: rnickname F:\Thinkphp\Application\Runtime\Cache\Home\0d75cb75cd30b13fdd4834afd69acb19.php 第 696 行.
NOTIC: [8] Undefined variable: content F:\Thinkphp\Application\Runtime\Cache\Home\0d75cb75cd30b13fdd4834afd69acb19.php 第 697 行.
NOTIC: [8] Undefined variable: createdate F:\Thinkphp\Application\Runtime\Cache\Home\0d75cb75cd30b13fdd4834afd69acb19.php 第 699 行.
NOTIC: [8] Undefined variable: createdate F:\Thinkphp\Application\Runtime\Cache\Home\0d75cb75cd30b13fdd4834afd69acb19.php 第 699 行.
NOTIC: [8] Undefined variable: cpid F:\Thinkphp\Application\Runtime\Cache\Home\0d75cb75cd30b13fdd4834afd69acb19.php 第 700 行.
NOTIC: [8] Undefined variable: id F:\Thinkphp\Application\Runtime\Cache\Home\0d75cb75cd30b13fdd4834afd69acb19.php 第 700 行.
NOTIC: [8] Undefined variable: userid F:\Thinkphp\Application\Runtime\Cache\Home\0d75cb75cd30b13fdd4834afd69acb19.php 第 700 行.
INFO: Run Behavior\ParseTemplateBehavior [ RunTime:0.016001s ]
INFO: [ view_parse ] --END-- [ RunTime:0.016001s ]
INFO: [ view_filter ] --START--
INFO: Run Behavior\WriteHtmlCacheBehavior [ RunTime:0.001000s ]
INFO: [ view_filter ] --END-- [ RunTime:0.001000s ]
INFO: [ app_end ] --START--
INFO: Run Behavior\ShowPageTraceBehavior [ RunTime:0.001000s ]
INFO: [ app_end ] --END-- [ RunTime:0.001000s ]

[ 2017-04-17T16:54:59+08:00 ] 127.0.0.1 /index.php?c=cat&id=8
INFO: [ app_init ] --START--
INFO: Run Behavior\BuildLiteBehavior [ RunTime:0.000000s ]
INFO: [ app_init ] --END-- [ RunTime:0.001000s ]
INFO: [ app_begin ] --START--
INFO: Run Behavior\ReadHtmlCacheBehavior [ RunTime:0.000000s ]
INFO: [ app_begin ] --END-- [ RunTime:0.001000s ]
NOTIC: [2048] Declaration of Home\Controller\CommonController::error() should be compatible with Think\Controller::error($message = '', $jumpUrl = '', $ajax = false) F:\Thinkphp\Application\Home\Controller\CommonController.class.php 第 41 行.
NOTIC: [2048] Declaration of Common\Model\BasicModel::save() should be compatible with Think\Model::save($data = '', $options = Array) F:\Thinkphp\Application\Common\Model\BasicModel.class.php 第 11 行.
NOTIC: [2048] Declaration of Common\Model\BasicModel::select() should be compatible with Think\Model::select($options = Array) F:\Thinkphp\Application\Common\Model\BasicModel.class.php 第 11 行.
NOTIC: [2048] Declaration of Common\Model\MenuModel::find() should be compatible with Think\Model::find($options = Array) F:\Thinkphp\Application\Common\Model\MenuModel.class.php 第 146 行.
SQL: SHOW COLUMNS FROM `cms_menu` [ RunTime:0.0050s ]
SQL: SELECT * FROM `cms_menu` WHERE `status` = 1 AND `type` = 0 ORDER BY listorder desc,menu_id  [ RunTime:0.0010s ]
SQL: SELECT * FROM `cms_menu` WHERE ( menu_id=8 ) LIMIT 1   [ RunTime:0.0000s ]
NOTIC: [2048] Declaration of Common\Model\NewsModel::find() should be compatible with Think\Model::find($options = Array) F:\Thinkphp\Application\Common\Model\NewsModel.class.php 第 209 行.
SQL: SHOW COLUMNS FROM `cms_news` [ RunTime:0.0040s ]
SQL: SELECT * FROM `cms_news` WHERE `status` = 1 ORDER BY countnum desc,news_id desc  LIMIT 10   [ RunTime:0.0020s ]
NOTIC: [8] Undefined index: p F:\Thinkphp\Application\Home\Controller\CatController.class.php 第 21 行.
SQL: SELECT * FROM `cms_news` WHERE `status` <> -1 AND `thumb` <> '' AND `catid` = 8 ORDER BY listorder desc,news_id desc LIMIT 0,2   [ RunTime:0.0010s ]
SQL: SELECT COUNT(*) AS tp_count FROM `cms_news` WHERE `status` <> -1 AND `thumb` <> '' AND `catid` = 8 LIMIT 1   [ RunTime:0.0010s ]
INFO: [ view_parse ] --START--
INFO: [ template_filter ] --START--
INFO: Run Behavior\ContentReplaceBehavior [ RunTime:0.000000s ]
INFO: [ template_filter ] --END-- [ RunTime:0.000000s ]
INFO: Run Behavior\ParseTemplateBehavior [ RunTime:0.013000s ]
INFO: [ view_parse ] --END-- [ RunTime:0.013000s ]
INFO: [ view_filter ] --START--
INFO: Run Behavior\WriteHtmlCacheBehavior [ RunTime:0.001000s ]
INFO: [ view_filter ] --END-- [ RunTime:0.001000s ]
INFO: [ app_end ] --START--
INFO: Run Behavior\ShowPageTraceBehavior [ RunTime:0.001000s ]
INFO: [ app_end ] --END-- [ RunTime:0.001000s ]

[ 2017-04-17T16:55:00+08:00 ] 127.0.0.1 /index.php?c=cat&id=10
INFO: [ app_init ] --START--
INFO: Run Behavior\BuildLiteBehavior [ RunTime:0.000000s ]
INFO: [ app_init ] --END-- [ RunTime:0.000000s ]
INFO: [ app_begin ] --START--
INFO: Run Behavior\ReadHtmlCacheBehavior [ RunTime:0.001000s ]
INFO: [ app_begin ] --END-- [ RunTime:0.001000s ]
NOTIC: [2048] Declaration of Home\Controller\CommonController::error() should be compatible with Think\Controller::error($message = '', $jumpUrl = '', $ajax = false) F:\Thinkphp\Application\Home\Controller\CommonController.class.php 第 41 行.
NOTIC: [2048] Declaration of Common\Model\BasicModel::save() should be compatible with Think\Model::save($data = '', $options = Array) F:\Thinkphp\Application\Common\Model\BasicModel.class.php 第 11 行.
NOTIC: [2048] Declaration of Common\Model\BasicModel::select() should be compatible with Think\Model::select($options = Array) F:\Thinkphp\Application\Common\Model\BasicModel.class.php 第 11 行.
NOTIC: [2048] Declaration of Common\Model\MenuModel::find() should be compatible with Think\Model::find($options = Array) F:\Thinkphp\Application\Common\Model\MenuModel.class.php 第 146 行.
SQL: SHOW COLUMNS FROM `cms_menu` [ RunTime:0.0060s ]
SQL: SELECT * FROM `cms_menu` WHERE `status` = 1 AND `type` = 0 ORDER BY listorder desc,menu_id  [ RunTime:0.0010s ]
SQL: SELECT * FROM `cms_menu` WHERE ( menu_id=10 ) LIMIT 1   [ RunTime:0.0010s ]
NOTIC: [2048] Declaration of Common\Model\NewsModel::find() should be compatible with Think\Model::find($options = Array) F:\Thinkphp\Application\Common\Model\NewsModel.class.php 第 209 行.
SQL: SHOW COLUMNS FROM `cms_news` [ RunTime:0.0070s ]
SQL: SELECT * FROM `cms_news` WHERE `status` = 1 ORDER BY countnum desc,news_id desc  LIMIT 10   [ RunTime:0.0010s ]
NOTIC: [8] Undefined index: p F:\Thinkphp\Application\Home\Controller\CatController.class.php 第 21 行.
SQL: SELECT * FROM `cms_news` WHERE `status` <> -1 AND `thumb` <> '' AND `catid` = 10 ORDER BY listorder desc,news_id desc LIMIT 0,2   [ RunTime:0.0010s ]
SQL: SELECT COUNT(*) AS tp_count FROM `cms_news` WHERE `status` <> -1 AND `thumb` <> '' AND `catid` = 10 LIMIT 1   [ RunTime:0.0010s ]
INFO: [ view_parse ] --START--
INFO: [ template_filter ] --START--
INFO: Run Behavior\ContentReplaceBehavior [ RunTime:0.000000s ]
INFO: [ template_filter ] --END-- [ RunTime:0.000000s ]
INFO: Run Behavior\ParseTemplateBehavior [ RunTime:0.012000s ]
INFO: [ view_parse ] --END-- [ RunTime:0.012000s ]
INFO: [ view_filter ] --START--
INFO: Run Behavior\WriteHtmlCacheBehavior [ RunTime:0.000000s ]
INFO: [ view_filter ] --END-- [ RunTime:0.000000s ]
INFO: [ app_end ] --START--
INFO: Run Behavior\ShowPageTraceBehavior [ RunTime:0.001000s ]
INFO: [ app_end ] --END-- [ RunTime:0.001000s ]

[ 2017-04-17T16:55:01+08:00 ] 127.0.0.1 /index.php?c=cat&id=11
INFO: [ app_init ] --START--
INFO: Run Behavior\BuildLiteBehavior [ RunTime:0.000000s ]
INFO: [ app_init ] --END-- [ RunTime:0.001000s ]
INFO: [ app_begin ] --START--
INFO: Run Behavior\ReadHtmlCacheBehavior [ RunTime:0.001000s ]
INFO: [ app_begin ] --END-- [ RunTime:0.001000s ]
NOTIC: [2048] Declaration of Home\Controller\CommonController::error() should be compatible with Think\Controller::error($message = '', $jumpUrl = '', $ajax = false) F:\Thinkphp\Application\Home\Controller\CommonController.class.php 第 41 行.
NOTIC: [2048] Declaration of Common\Model\BasicModel::save() should be compatible with Think\Model::save($data = '', $options = Array) F:\Thinkphp\Application\Common\Model\BasicModel.class.php 第 11 行.
NOTIC: [2048] Declaration of Common\Model\BasicModel::select() should be compatible with Think\Model::select($options = Array) F:\Thinkphp\Application\Common\Model\BasicModel.class.php 第 11 行.
NOTIC: [2048] Declaration of Common\Model\MenuModel::find() should be compatible with Think\Model::find($options = Array) F:\Thinkphp\Application\Common\Model\MenuModel.class.php 第 146 行.
SQL: SHOW COLUMNS FROM `cms_menu` [ RunTime:0.0040s ]
SQL: SELECT * FROM `cms_menu` WHERE `status` = 1 AND `type` = 0 ORDER BY listorder desc,menu_id  [ RunTime:0.0010s ]
SQL: SELECT * FROM `cms_menu` WHERE ( menu_id=11 ) LIMIT 1   [ RunTime:0.0000s ]
NOTIC: [2048] Declaration of Common\Model\NewsModel::find() should be compatible with Think\Model::find($options = Array) F:\Thinkphp\Application\Common\Model\NewsModel.class.php 第 209 行.
SQL: SHOW COLUMNS FROM `cms_news` [ RunTime:0.0040s ]
SQL: SELECT * FROM `cms_news` WHERE `status` = 1 ORDER BY countnum desc,news_id desc  LIMIT 10   [ RunTime:0.0000s ]
NOTIC: [8] Undefined index: p F:\Thinkphp\Application\Home\Controller\CatController.class.php 第 21 行.
SQL: SELECT * FROM `cms_news` WHERE `status` <> -1 AND `thumb` <> '' AND `catid` = 11 ORDER BY listorder desc,news_id desc LIMIT 0,2   [ RunTime:0.0000s ]
SQL: SELECT COUNT(*) AS tp_count FROM `cms_news` WHERE `status` <> -1 AND `thumb` <> '' AND `catid` = 11 LIMIT 1   [ RunTime:0.0010s ]
INFO: [ view_parse ] --START--
INFO: [ template_filter ] --START--
INFO: Run Behavior\ContentReplaceBehavior [ RunTime:0.000000s ]
INFO: [ template_filter ] --END-- [ RunTime:0.000000s ]
INFO: Run Behavior\ParseTemplateBehavior [ RunTime:0.011001s ]
INFO: [ view_parse ] --END-- [ RunTime:0.011001s ]
INFO: [ view_filter ] --START--
INFO: Run Behavior\WriteHtmlCacheBehavior [ RunTime:0.000000s ]
INFO: [ view_filter ] --END-- [ RunTime:0.000000s ]
INFO: [ app_end ] --START--
INFO: Run Behavior\ShowPageTraceBehavior [ RunTime:0.000000s ]
INFO: [ app_end ] --END-- [ RunTime:0.000000s ]

[ 2017-04-17T16:55:02+08:00 ] 127.0.0.1 /index.php?c=cat&id=12
INFO: [ app_init ] --START--
INFO: Run Behavior\BuildLiteBehavior [ RunTime:0.000000s ]
INFO: [ app_init ] --END-- [ RunTime:0.001000s ]
INFO: [ app_begin ] --START--
INFO: Run Behavior\ReadHtmlCacheBehavior [ RunTime:0.001000s ]
INFO: [ app_begin ] --END-- [ RunTime:0.001000s ]
NOTIC: [2048] Declaration of Home\Controller\CommonController::error() should be compatible with Think\Controller::error($message = '', $jumpUrl = '', $ajax = false) F:\Thinkphp\Application\Home\Controller\CommonController.class.php 第 41 行.
NOTIC: [2048] Declaration of Common\Model\BasicModel::save() should be compatible with Think\Model::save($data = '', $options = Array) F:\Thinkphp\Application\Common\Model\BasicModel.class.php 第 11 行.
NOTIC: [2048] Declaration of Common\Model\BasicModel::select() should be compatible with Think\Model::select($options = Array) F:\Thinkphp\Application\Common\Model\BasicModel.class.php 第 11 行.
NOTIC: [2048] Declaration of Common\Model\MenuModel::find() should be compatible with Think\Model::find($options = Array) F:\Thinkphp\Application\Common\Model\MenuModel.class.php 第 146 行.
SQL: SHOW COLUMNS FROM `cms_menu` [ RunTime:0.0040s ]
SQL: SELECT * FROM `cms_menu` WHERE `status` = 1 AND `type` = 0 ORDER BY listorder desc,menu_id  [ RunTime:0.0000s ]
SQL: SELECT * FROM `cms_menu` WHERE ( menu_id=12 ) LIMIT 1   [ RunTime:0.0000s ]
NOTIC: [2048] Declaration of Common\Model\NewsModel::find() should be compatible with Think\Model::find($options = Array) F:\Thinkphp\Application\Common\Model\NewsModel.class.php 第 209 行.
SQL: SHOW COLUMNS FROM `cms_news` [ RunTime:0.0040s ]
SQL: SELECT * FROM `cms_news` WHERE `status` = 1 ORDER BY countnum desc,news_id desc  LIMIT 10   [ RunTime:0.0010s ]
NOTIC: [8] Undefined index: p F:\Thinkphp\Application\Home\Controller\CatController.class.php 第 21 行.
SQL: SELECT * FROM `cms_news` WHERE `status` <> -1 AND `thumb` <> '' AND `catid` = 12 ORDER BY listorder desc,news_id desc LIMIT 0,2   [ RunTime:0.0010s ]
SQL: SELECT COUNT(*) AS tp_count FROM `cms_news` WHERE `status` <> -1 AND `thumb` <> '' AND `catid` = 12 LIMIT 1   [ RunTime:0.0000s ]
INFO: [ view_parse ] --START--
INFO: [ template_filter ] --START--
INFO: Run Behavior\ContentReplaceBehavior [ RunTime:0.000000s ]
INFO: [ template_filter ] --END-- [ RunTime:0.000000s ]
INFO: Run Behavior\ParseTemplateBehavior [ RunTime:0.012001s ]
INFO: [ view_parse ] --END-- [ RunTime:0.012001s ]
INFO: [ view_filter ] --START--
INFO: Run Behavior\WriteHtmlCacheBehavior [ RunTime:0.000000s ]
INFO: [ view_filter ] --END-- [ RunTime:0.000000s ]
INFO: [ app_end ] --START--
INFO: Run Behavior\ShowPageTraceBehavior [ RunTime:0.001000s ]
INFO: [ app_end ] --END-- [ RunTime:0.001000s ]

[ 2017-04-17T16:55:14+08:00 ] 127.0.0.1 /index.php?c=index&a=getCount
INFO: [ app_init ] --START--
INFO: Run Behavior\BuildLiteBehavior [ RunTime:0.000000s ]
INFO: [ app_init ] --END-- [ RunTime:0.000000s ]
INFO: [ app_begin ] --START--
INFO: Run Behavior\ReadHtmlCacheBehavior [ RunTime:0.000000s ]
INFO: [ app_begin ] --END-- [ RunTime:0.000000s ]
NOTIC: [2048] Declaration of Home\Controller\CommonController::error() should be compatible with Think\Controller::error($message = '', $jumpUrl = '', $ajax = false) F:\Thinkphp\Application\Home\Controller\CommonController.class.php 第 41 行.
NOTIC: [2048] Declaration of Common\Model\BasicModel::save() should be compatible with Think\Model::save($data = '', $options = Array) F:\Thinkphp\Application\Common\Model\BasicModel.class.php 第 11 行.
NOTIC: [2048] Declaration of Common\Model\BasicModel::select() should be compatible with Think\Model::select($options = Array) F:\Thinkphp\Application\Common\Model\BasicModel.class.php 第 11 行.
NOTIC: [2048] Declaration of Common\Model\MenuModel::find() should be compatible with Think\Model::find($options = Array) F:\Thinkphp\Application\Common\Model\MenuModel.class.php 第 146 行.
SQL: SHOW COLUMNS FROM `cms_menu` [ RunTime:0.0040s ]
SQL: SELECT * FROM `cms_menu` WHERE `status` = 1 AND `type` = 0 ORDER BY listorder desc,menu_id  [ RunTime:0.0010s ]
NOTIC: [2048] Declaration of Common\Model\NewsModel::find() should be compatible with Think\Model::find($options = Array) F:\Thinkphp\Application\Common\Model\NewsModel.class.php 第 209 行.
SQL: SHOW COLUMNS FROM `cms_news` [ RunTime:0.0050s ]
SQL: SELECT * FROM `cms_news` WHERE `news_id` IN ('7','6')  [ RunTime:0.0010s ]

