[ 2017-04-27T08:14:28+08:00 ] 127.0.0.1 /index.php?c=index&a=getCount
INFO: [ app_init ] --START--
INFO: Run Behavior\BuildLiteBehavior [ RunTime:0.000000s ]
INFO: [ app_init ] --END-- [ RunTime:0.000000s ]
INFO: [ app_begin ] --START--
INFO: Run Behavior\ReadHtmlCacheBehavior [ RunTime:0.001000s ]
INFO: [ app_begin ] --END-- [ RunTime:0.001000s ]
NOTIC: [2] Declaration of Home\Controller\CommonController::error($message = '') should be compatible with Think\Controller::error($message = '', $jumpUrl = '', $ajax = false) F:\Thinkphp\Application\Home\Controller\CommonController.class.php 第 41 行.
NOTIC: [2] Declaration of Common\Model\BasicModel::save($data = Array) should be compatible with Think\Model::save($data = '', $options = Array) F:\Thinkphp\Application\Common\Model\BasicModel.class.php 第 10 行.
NOTIC: [2] Declaration of Common\Model\BasicModel::select() should be compatible with Think\Model::select($options = Array) F:\Thinkphp\Application\Common\Model\BasicModel.class.php 第 10 行.
NOTIC: [2] Declaration of Common\Model\MenuModel::find($id) should be compatible with Think\Model::find($options = Array) F:\Thinkphp\Application\Common\Model\MenuModel.class.php 第 146 行.
SQL: SHOW COLUMNS FROM `cms_menu` [ RunTime:0.0080s ]
SQL: SELECT * FROM `cms_menu` WHERE `status` = 1 AND `type` = 0 ORDER BY listorder desc,menu_id  [ RunTime:0.0010s ]
NOTIC: [2] Declaration of Common\Model\NewsModel::find($id) should be compatible with Think\Model::find($options = Array) F:\Thinkphp\Application\Common\Model\NewsModel.class.php 第 209 行.
SQL: SHOW COLUMNS FROM `cms_news` [ RunTime:0.0110s ]
SQL: SELECT * FROM `cms_news` WHERE `news_id` IN ('7','6')  [ RunTime:0.2470s ]

[ 2017-04-27T08:15:21+08:00 ] 127.0.0.1 /index.php?c=index&a=build_html
INFO: [ app_init ] --START--
INFO: Run Behavior\BuildLiteBehavior [ RunTime:0.000000s ]
INFO: [ app_init ] --END-- [ RunTime:0.001000s ]
INFO: [ app_begin ] --START--
INFO: Run Behavior\ReadHtmlCacheBehavior [ RunTime:0.000000s ]
INFO: [ app_begin ] --END-- [ RunTime:0.000000s ]
NOTIC: [2] Declaration of Home\Controller\CommonController::error($message = '') should be compatible with Think\Controller::error($message = '', $jumpUrl = '', $ajax = false) F:\Thinkphp\Application\Home\Controller\CommonController.class.php 第 41 行.
NOTIC: [2] Declaration of Common\Model\BasicModel::save($data = Array) should be compatible with Think\Model::save($data = '', $options = Array) F:\Thinkphp\Application\Common\Model\BasicModel.class.php 第 10 行.
NOTIC: [2] Declaration of Common\Model\BasicModel::select() should be compatible with Think\Model::select($options = Array) F:\Thinkphp\Application\Common\Model\BasicModel.class.php 第 10 行.
NOTIC: [2] Declaration of Common\Model\MenuModel::find($id) should be compatible with Think\Model::find($options = Array) F:\Thinkphp\Application\Common\Model\MenuModel.class.php 第 146 行.
SQL: SHOW COLUMNS FROM `cms_menu` [ RunTime:0.0040s ]
SQL: SELECT * FROM `cms_menu` WHERE `status` = 1 AND `type` = 0 ORDER BY listorder desc,menu_id  [ RunTime:0.0000s ]
NOTIC: [2] Declaration of Common\Model\NewsModel::find($id) should be compatible with Think\Model::find($options = Array) F:\Thinkphp\Application\Common\Model\NewsModel.class.php 第 209 行.
SQL: SHOW COLUMNS FROM `cms_news` [ RunTime:0.0050s ]
SQL: SELECT * FROM `cms_news` WHERE `status` = 1 ORDER BY countnum desc,news_id desc  LIMIT 10   [ RunTime:0.0000s ]
NOTIC: [2] Declaration of Common\Model\PositionContentModel::find($id) should be compatible with Think\Model::find($options = Array) F:\Thinkphp\Application\Common\Model\PositionContentModel.class.php 第 113 行.
SQL: SHOW COLUMNS FROM `cms_position_content` [ RunTime:0.0860s ]
NOTIC: [8] Undefined index: title F:\Thinkphp\Application\Common\Model\PositionContentModel.class.php 第 42 行.
SQL: SELECT * FROM `cms_position_content` WHERE `status` = 1 AND `position_id` = 3 ORDER BY listorder desc,id desc LIMIT 2   [ RunTime:0.0120s ]
NOTIC: [8] Undefined index: title F:\Thinkphp\Application\Common\Model\PositionContentModel.class.php 第 42 行.
SQL: SELECT * FROM `cms_position_content` WHERE `status` = 1 AND `position_id` = 4 ORDER BY listorder desc,id desc LIMIT 4   [ RunTime:0.0010s ]
SQL: SHOW COLUMNS FROM `cms_news` [ RunTime:0.0140s ]
SQL: SELECT * FROM `cms_news` WHERE ( status=1 and thumb<>"" and recommend=1 ) ORDER BY create_time desc,countnum desc LIMIT 3   [ RunTime:0.0020s ]
NOTIC: [8] Undefined index: title F:\Thinkphp\Application\Common\Model\PositionContentModel.class.php 第 42 行.
SQL: SELECT * FROM `cms_position_content` WHERE `status` = 1 AND `position_id` = 2 ORDER BY listorder desc,id desc LIMIT 5   [ RunTime:0.0020s ]
NOTIC: [8] Undefined index: title F:\Thinkphp\Application\Common\Model\PositionContentModel.class.php 第 42 行.
SQL: SELECT * FROM `cms_position_content` WHERE `status` = 1 AND `position_id` = 1 ORDER BY listorder desc,id desc LIMIT 10   [ RunTime:0.0240s ]
INFO: [ view_parse ] --START--
INFO: [ template_filter ] --START--
INFO: Run Behavior\ContentReplaceBehavior [ RunTime:0.022001s ]
INFO: [ template_filter ] --END-- [ RunTime:0.022001s ]
NOTIC: [8] Undefined index: count F:\Thinkphp\Application\Runtime\Cache\Home\2a94b8bda04ff446dcedd42276fc99ee.php 第 151 行.
NOTIC: [8] Undefined index: count F:\Thinkphp\Application\Runtime\Cache\Home\2a94b8bda04ff446dcedd42276fc99ee.php 第 151 行.
NOTIC: [8] Undefined index: description F:\Thinkphp\Application\Runtime\Cache\Home\2a94b8bda04ff446dcedd42276fc99ee.php 第 190 行.
NOTIC: [8] Undefined index: description F:\Thinkphp\Application\Runtime\Cache\Home\2a94b8bda04ff446dcedd42276fc99ee.php 第 190 行.
INFO: Run Behavior\ParseTemplateBehavior [ RunTime:0.106006s ]
INFO: [ view_parse ] --END-- [ RunTime:0.106006s ]
INFO: [ view_filter ] --START--
INFO: Run Behavior\WriteHtmlCacheBehavior [ RunTime:0.001000s ]
INFO: [ view_filter ] --END-- [ RunTime:0.001000s ]

[ 2017-04-27T08:15:25+08:00 ] 127.0.0.1 /index.php?c=index&a=getCount
INFO: [ app_init ] --START--
INFO: Run Behavior\BuildLiteBehavior [ RunTime:0.000000s ]
INFO: [ app_init ] --END-- [ RunTime:0.001000s ]
INFO: [ app_begin ] --START--
INFO: Run Behavior\ReadHtmlCacheBehavior [ RunTime:0.000000s ]
INFO: [ app_begin ] --END-- [ RunTime:0.001000s ]
NOTIC: [2] Declaration of Home\Controller\CommonController::error($message = '') should be compatible with Think\Controller::error($message = '', $jumpUrl = '', $ajax = false) F:\Thinkphp\Application\Home\Controller\CommonController.class.php 第 41 行.
NOTIC: [2] Declaration of Common\Model\BasicModel::save($data = Array) should be compatible with Think\Model::save($data = '', $options = Array) F:\Thinkphp\Application\Common\Model\BasicModel.class.php 第 10 行.
NOTIC: [2] Declaration of Common\Model\BasicModel::select() should be compatible with Think\Model::select($options = Array) F:\Thinkphp\Application\Common\Model\BasicModel.class.php 第 10 行.
NOTIC: [2] Declaration of Common\Model\MenuModel::find($id) should be compatible with Think\Model::find($options = Array) F:\Thinkphp\Application\Common\Model\MenuModel.class.php 第 146 行.
SQL: SHOW COLUMNS FROM `cms_menu` [ RunTime:0.0060s ]
SQL: SELECT * FROM `cms_menu` WHERE `status` = 1 AND `type` = 0 ORDER BY listorder desc,menu_id  [ RunTime:0.0010s ]
NOTIC: [2] Declaration of Common\Model\NewsModel::find($id) should be compatible with Think\Model::find($options = Array) F:\Thinkphp\Application\Common\Model\NewsModel.class.php 第 209 行.
SQL: SHOW COLUMNS FROM `cms_news` [ RunTime:0.0070s ]
SQL: SELECT * FROM `cms_news` WHERE `news_id` IN ('7','6')  [ RunTime:0.0000s ]

[ 2017-04-27T08:15:37+08:00 ] 127.0.0.1 /index.php?c=detail&id=12
INFO: [ app_init ] --START--
INFO: Run Behavior\BuildLiteBehavior [ RunTime:0.000000s ]
INFO: [ app_init ] --END-- [ RunTime:0.001000s ]
INFO: [ app_begin ] --START--
INFO: Run Behavior\ReadHtmlCacheBehavior [ RunTime:0.001000s ]
INFO: [ app_begin ] --END-- [ RunTime:0.002000s ]
NOTIC: [2] Declaration of Home\Controller\CommonController::error($message = '') should be compatible with Think\Controller::error($message = '', $jumpUrl = '', $ajax = false) F:\Thinkphp\Application\Home\Controller\CommonController.class.php 第 41 行.
NOTIC: [2] Declaration of Common\Model\BasicModel::save($data = Array) should be compatible with Think\Model::save($data = '', $options = Array) F:\Thinkphp\Application\Common\Model\BasicModel.class.php 第 10 行.
NOTIC: [2] Declaration of Common\Model\BasicModel::select() should be compatible with Think\Model::select($options = Array) F:\Thinkphp\Application\Common\Model\BasicModel.class.php 第 10 行.
NOTIC: [2] Declaration of Common\Model\MenuModel::find($id) should be compatible with Think\Model::find($options = Array) F:\Thinkphp\Application\Common\Model\MenuModel.class.php 第 146 行.
SQL: SHOW COLUMNS FROM `cms_menu` [ RunTime:0.0060s ]
SQL: SELECT * FROM `cms_menu` WHERE `status` = 1 AND `type` = 0 ORDER BY listorder desc,menu_id  [ RunTime:0.0000s ]
NOTIC: [2] Declaration of Common\Model\NewsModel::find($id) should be compatible with Think\Model::find($options = Array) F:\Thinkphp\Application\Common\Model\NewsModel.class.php 第 209 行.
SQL: SHOW COLUMNS FROM `cms_news` [ RunTime:0.0060s ]
SQL: SELECT * FROM `cms_news` WHERE ( news_id=12 ) LIMIT 1   [ RunTime:0.0010s ]
SQL: UPDATE `cms_news` SET `countnum`='1' WHERE ( news_id=12 ) [ RunTime:0.0000s ]
NOTIC: [2] Declaration of Common\Model\NewsContentModel::find($id) should be compatible with Think\Model::find($options = Array) F:\Thinkphp\Application\Common\Model\NewsContentModel.class.php 第 62 行.
SQL: SHOW COLUMNS FROM `cms_news_content` [ RunTime:0.0050s ]
SQL: SELECT * FROM `cms_news_content` WHERE ( news_id=12 ) LIMIT 1   [ RunTime:0.0000s ]
INFO: [ view_parse ] --START--
INFO: [ template_filter ] --START--
INFO: Run Behavior\ContentReplaceBehavior [ RunTime:0.001000s ]
INFO: [ template_filter ] --END-- [ RunTime:0.001000s ]
NOTIC: [8] Undefined index: count F:\Thinkphp\Application\Runtime\Cache\Home\0d75cb75cd30b13fdd4834afd69acb19.php 第 155 行.
NOTIC: [8] Undefined variable: id F:\Thinkphp\Application\Runtime\Cache\Home\0d75cb75cd30b13fdd4834afd69acb19.php 第 666 行.
NOTIC: [8] Undefined variable: nickname F:\Thinkphp\Application\Runtime\Cache\Home\0d75cb75cd30b13fdd4834afd69acb19.php 第 666 行.
NOTIC: [8] Undefined variable: headimage F:\Thinkphp\Application\Runtime\Cache\Home\0d75cb75cd30b13fdd4834afd69acb19.php 第 668 行.
NOTIC: [8] Undefined variable: nickname F:\Thinkphp\Application\Runtime\Cache\Home\0d75cb75cd30b13fdd4834afd69acb19.php 第 668 行.
NOTIC: [8] Undefined variable: id F:\Thinkphp\Application\Runtime\Cache\Home\0d75cb75cd30b13fdd4834afd69acb19.php 第 672 行.
NOTIC: [8] Undefined variable: score F:\Thinkphp\Application\Runtime\Cache\Home\0d75cb75cd30b13fdd4834afd69acb19.php 第 672 行.
NOTIC: [8] Undefined variable: userid F:\Thinkphp\Application\Runtime\Cache\Home\0d75cb75cd30b13fdd4834afd69acb19.php 第 672 行.
NOTIC: [8] Undefined variable: score F:\Thinkphp\Application\Runtime\Cache\Home\0d75cb75cd30b13fdd4834afd69acb19.php 第 672 行.
NOTIC: [8] Undefined variable: nickname F:\Thinkphp\Application\Runtime\Cache\Home\0d75cb75cd30b13fdd4834afd69acb19.php 第 673 行.
NOTIC: [8] Undefined variable: content F:\Thinkphp\Application\Runtime\Cache\Home\0d75cb75cd30b13fdd4834afd69acb19.php 第 675 行.
NOTIC: [8] Undefined variable: createdate F:\Thinkphp\Application\Runtime\Cache\Home\0d75cb75cd30b13fdd4834afd69acb19.php 第 677 行.
NOTIC: [8] Undefined variable: createdate F:\Thinkphp\Application\Runtime\Cache\Home\0d75cb75cd30b13fdd4834afd69acb19.php 第 677 行.
NOTIC: [8] Undefined variable: id F:\Thinkphp\Application\Runtime\Cache\Home\0d75cb75cd30b13fdd4834afd69acb19.php 第 678 行.
NOTIC: [8] Undefined variable: supportnum F:\Thinkphp\Application\Runtime\Cache\Home\0d75cb75cd30b13fdd4834afd69acb19.php 第 678 行.
NOTIC: [8] Undefined variable: id F:\Thinkphp\Application\Runtime\Cache\Home\0d75cb75cd30b13fdd4834afd69acb19.php 第 679 行.
NOTIC: [8] Undefined variable: opposenum F:\Thinkphp\Application\Runtime\Cache\Home\0d75cb75cd30b13fdd4834afd69acb19.php 第 679 行.
NOTIC: [8] Undefined variable: id F:\Thinkphp\Application\Runtime\Cache\Home\0d75cb75cd30b13fdd4834afd69acb19.php 第 680 行.
NOTIC: [8] Undefined variable: id F:\Thinkphp\Application\Runtime\Cache\Home\0d75cb75cd30b13fdd4834afd69acb19.php 第 680 行.
NOTIC: [8] Undefined variable: userid F:\Thinkphp\Application\Runtime\Cache\Home\0d75cb75cd30b13fdd4834afd69acb19.php 第 680 行.
NOTIC: [8] Undefined variable: commentnum F:\Thinkphp\Application\Runtime\Cache\Home\0d75cb75cd30b13fdd4834afd69acb19.php 第 680 行.
NOTIC: [8] Undefined variable: id F:\Thinkphp\Application\Runtime\Cache\Home\0d75cb75cd30b13fdd4834afd69acb19.php 第 686 行.
NOTIC: [8] Undefined variable: id F:\Thinkphp\Application\Runtime\Cache\Home\0d75cb75cd30b13fdd4834afd69acb19.php 第 686 行.
NOTIC: [8] Undefined variable: id F:\Thinkphp\Application\Runtime\Cache\Home\0d75cb75cd30b13fdd4834afd69acb19.php 第 691 行.
NOTIC: [8] Undefined variable: nickname F:\Thinkphp\Application\Runtime\Cache\Home\0d75cb75cd30b13fdd4834afd69acb19.php 第 691 行.
NOTIC: [8] Undefined variable: headimage F:\Thinkphp\Application\Runtime\Cache\Home\0d75cb75cd30b13fdd4834afd69acb19.php 第 693 行.
NOTIC: [8] Undefined variable: nickname F:\Thinkphp\Application\Runtime\Cache\Home\0d75cb75cd30b13fdd4834afd69acb19.php 第 693 行.
NOTIC: [8] Undefined variable: nickname F:\Thinkphp\Application\Runtime\Cache\Home\0d75cb75cd30b13fdd4834afd69acb19.php 第 696 行.
NOTIC: [8] Undefined variable: rnickname F:\Thinkphp\Application\Runtime\Cache\Home\0d75cb75cd30b13fdd4834afd69acb19.php 第 696 行.
NOTIC: [8] Undefined variable: content F:\Thinkphp\Application\Runtime\Cache\Home\0d75cb75cd30b13fdd4834afd69acb19.php 第 697 行.
NOTIC: [8] Undefined variable: createdate F:\Thinkphp\Application\Runtime\Cache\Home\0d75cb75cd30b13fdd4834afd69acb19.php 第 699 行.
NOTIC: [8] Undefined variable: createdate F:\Thinkphp\Application\Runtime\Cache\Home\0d75cb75cd30b13fdd4834afd69acb19.php 第 699 行.
NOTIC: [8] Undefined variable: cpid F:\Thinkphp\Application\Runtime\Cache\Home\0d75cb75cd30b13fdd4834afd69acb19.php 第 700 行.
NOTIC: [8] Undefined variable: id F:\Thinkphp\Application\Runtime\Cache\Home\0d75cb75cd30b13fdd4834afd69acb19.php 第 700 行.
NOTIC: [8] Undefined variable: userid F:\Thinkphp\Application\Runtime\Cache\Home\0d75cb75cd30b13fdd4834afd69acb19.php 第 700 行.
INFO: Run Behavior\ParseTemplateBehavior [ RunTime:0.073004s ]
INFO: [ view_parse ] --END-- [ RunTime:0.074004s ]
INFO: [ view_filter ] --START--
INFO: Run Behavior\WriteHtmlCacheBehavior [ RunTime:0.001000s ]
INFO: [ view_filter ] --END-- [ RunTime:0.001000s ]
INFO: [ app_end ] --START--
INFO: Run Behavior\ShowPageTraceBehavior [ RunTime:0.003001s ]
INFO: [ app_end ] --END-- [ RunTime:0.003001s ]

[ 2017-04-27T08:15:49+08:00 ] 127.0.0.1 /index.php?c=index&a=getCount
INFO: [ app_init ] --START--
INFO: Run Behavior\BuildLiteBehavior [ RunTime:0.000000s ]
INFO: [ app_init ] --END-- [ RunTime:0.000000s ]
INFO: [ app_begin ] --START--
INFO: Run Behavior\ReadHtmlCacheBehavior [ RunTime:0.001001s ]
INFO: [ app_begin ] --END-- [ RunTime:0.001001s ]
NOTIC: [2] Declaration of Home\Controller\CommonController::error($message = '') should be compatible with Think\Controller::error($message = '', $jumpUrl = '', $ajax = false) F:\Thinkphp\Application\Home\Controller\CommonController.class.php 第 41 行.
NOTIC: [2] Declaration of Common\Model\BasicModel::save($data = Array) should be compatible with Think\Model::save($data = '', $options = Array) F:\Thinkphp\Application\Common\Model\BasicModel.class.php 第 10 行.
NOTIC: [2] Declaration of Common\Model\BasicModel::select() should be compatible with Think\Model::select($options = Array) F:\Thinkphp\Application\Common\Model\BasicModel.class.php 第 10 行.
NOTIC: [2] Declaration of Common\Model\MenuModel::find($id) should be compatible with Think\Model::find($options = Array) F:\Thinkphp\Application\Common\Model\MenuModel.class.php 第 146 行.
SQL: SHOW COLUMNS FROM `cms_menu` [ RunTime:0.0060s ]
SQL: SELECT * FROM `cms_menu` WHERE `status` = 1 AND `type` = 0 ORDER BY listorder desc,menu_id  [ RunTime:0.0010s ]
NOTIC: [2] Declaration of Common\Model\NewsModel::find($id) should be compatible with Think\Model::find($options = Array) F:\Thinkphp\Application\Common\Model\NewsModel.class.php 第 209 行.
SQL: SHOW COLUMNS FROM `cms_news` [ RunTime:0.0070s ]
SQL: SELECT * FROM `cms_news` WHERE `news_id` IN ('7','6')  [ RunTime:0.0000s ]

[ 2017-04-27T08:16:13+08:00 ] 127.0.0.1 /index.php?c=index&a=getCount
INFO: [ app_init ] --START--
INFO: Run Behavior\BuildLiteBehavior [ RunTime:0.000000s ]
INFO: [ app_init ] --END-- [ RunTime:0.001000s ]
INFO: [ app_begin ] --START--
INFO: Run Behavior\ReadHtmlCacheBehavior [ RunTime:0.001000s ]
INFO: [ app_begin ] --END-- [ RunTime:0.001000s ]
NOTIC: [2] Declaration of Home\Controller\CommonController::error($message = '') should be compatible with Think\Controller::error($message = '', $jumpUrl = '', $ajax = false) F:\Thinkphp\Application\Home\Controller\CommonController.class.php 第 41 行.
NOTIC: [2] Declaration of Common\Model\BasicModel::save($data = Array) should be compatible with Think\Model::save($data = '', $options = Array) F:\Thinkphp\Application\Common\Model\BasicModel.class.php 第 10 行.
NOTIC: [2] Declaration of Common\Model\BasicModel::select() should be compatible with Think\Model::select($options = Array) F:\Thinkphp\Application\Common\Model\BasicModel.class.php 第 10 行.
NOTIC: [2] Declaration of Common\Model\MenuModel::find($id) should be compatible with Think\Model::find($options = Array) F:\Thinkphp\Application\Common\Model\MenuModel.class.php 第 146 行.
SQL: SHOW COLUMNS FROM `cms_menu` [ RunTime:0.0060s ]
SQL: SELECT * FROM `cms_menu` WHERE `status` = 1 AND `type` = 0 ORDER BY listorder desc,menu_id  [ RunTime:0.0000s ]
NOTIC: [2] Declaration of Common\Model\NewsModel::find($id) should be compatible with Think\Model::find($options = Array) F:\Thinkphp\Application\Common\Model\NewsModel.class.php 第 209 行.
SQL: SHOW COLUMNS FROM `cms_news` [ RunTime:0.0060s ]
SQL: SELECT * FROM `cms_news` WHERE `news_id` IN ('7','6')  [ RunTime:0.0000s ]

[ 2017-04-27T08:19:55+08:00 ] 127.0.0.1 /index.php
INFO: [ app_init ] --START--
INFO: Run Behavior\BuildLiteBehavior [ RunTime:0.000000s ]
INFO: [ app_init ] --END-- [ RunTime:0.001000s ]
INFO: [ app_begin ] --START--
INFO: Run Behavior\ReadHtmlCacheBehavior [ RunTime:0.001000s ]
INFO: [ app_begin ] --END-- [ RunTime:0.001000s ]
NOTIC: [2] Declaration of Home\Controller\CommonController::error($message = '') should be compatible with Think\Controller::error($message = '', $jumpUrl = '', $ajax = false) F:\Thinkphp\Application\Home\Controller\CommonController.class.php 第 41 行.
NOTIC: [2] Declaration of Common\Model\BasicModel::save($data = Array) should be compatible with Think\Model::save($data = '', $options = Array) F:\Thinkphp\Application\Common\Model\BasicModel.class.php 第 10 行.
NOTIC: [2] Declaration of Common\Model\BasicModel::select() should be compatible with Think\Model::select($options = Array) F:\Thinkphp\Application\Common\Model\BasicModel.class.php 第 10 行.
NOTIC: [2] Declaration of Common\Model\MenuModel::find($id) should be compatible with Think\Model::find($options = Array) F:\Thinkphp\Application\Common\Model\MenuModel.class.php 第 146 行.
SQL: SHOW COLUMNS FROM `cms_menu` [ RunTime:0.0050s ]
SQL: SELECT * FROM `cms_menu` WHERE `status` = 1 AND `type` = 0 ORDER BY listorder desc,menu_id  [ RunTime:0.0010s ]
NOTIC: [2] Declaration of Common\Model\NewsModel::find($id) should be compatible with Think\Model::find($options = Array) F:\Thinkphp\Application\Common\Model\NewsModel.class.php 第 209 行.
SQL: SHOW COLUMNS FROM `cms_news` [ RunTime:0.0580s ]
SQL: SELECT * FROM `cms_news` WHERE `status` = 1 ORDER BY countnum desc,news_id desc  LIMIT 10   [ RunTime:0.0010s ]
NOTIC: [2] Declaration of Common\Model\PositionContentModel::find($id) should be compatible with Think\Model::find($options = Array) F:\Thinkphp\Application\Common\Model\PositionContentModel.class.php 第 113 行.
SQL: SHOW COLUMNS FROM `cms_position_content` [ RunTime:0.0080s ]
NOTIC: [8] Undefined index: title F:\Thinkphp\Application\Common\Model\PositionContentModel.class.php 第 42 行.
SQL: SELECT * FROM `cms_position_content` WHERE `status` = 1 AND `position_id` = 3 ORDER BY listorder desc,id desc LIMIT 2   [ RunTime:0.0010s ]
NOTIC: [8] Undefined index: title F:\Thinkphp\Application\Common\Model\PositionContentModel.class.php 第 42 行.
SQL: SELECT * FROM `cms_position_content` WHERE `status` = 1 AND `position_id` = 4 ORDER BY listorder desc,id desc LIMIT 4   [ RunTime:0.0010s ]
SQL: SHOW COLUMNS FROM `cms_news` [ RunTime:0.0050s ]
SQL: SELECT * FROM `cms_news` WHERE ( status=1 and thumb<>"" and recommend=1 ) ORDER BY create_time desc,countnum desc LIMIT 3   [ RunTime:0.0010s ]
NOTIC: [8] Undefined index: title F:\Thinkphp\Application\Common\Model\PositionContentModel.class.php 第 42 行.
SQL: SELECT * FROM `cms_position_content` WHERE `status` = 1 AND `position_id` = 2 ORDER BY listorder desc,id desc LIMIT 5   [ RunTime:0.0010s ]
NOTIC: [8] Undefined index: title F:\Thinkphp\Application\Common\Model\PositionContentModel.class.php 第 42 行.
SQL: SELECT * FROM `cms_position_content` WHERE `status` = 1 AND `position_id` = 1 ORDER BY listorder desc,id desc LIMIT 10   [ RunTime:0.0000s ]
INFO: [ view_parse ] --START--
INFO: [ template_filter ] --START--
INFO: Run Behavior\ContentReplaceBehavior [ RunTime:0.000000s ]
INFO: [ template_filter ] --END-- [ RunTime:0.000000s ]
NOTIC: [8] Undefined index: count F:\Thinkphp\Application\Runtime\Cache\Home\2a94b8bda04ff446dcedd42276fc99ee.php 第 151 行.
NOTIC: [8] Undefined index: count F:\Thinkphp\Application\Runtime\Cache\Home\2a94b8bda04ff446dcedd42276fc99ee.php 第 151 行.
NOTIC: [8] Undefined index: description F:\Thinkphp\Application\Runtime\Cache\Home\2a94b8bda04ff446dcedd42276fc99ee.php 第 190 行.
NOTIC: [8] Undefined index: description F:\Thinkphp\Application\Runtime\Cache\Home\2a94b8bda04ff446dcedd42276fc99ee.php 第 190 行.
INFO: Run Behavior\ParseTemplateBehavior [ RunTime:0.056003s ]
INFO: [ view_parse ] --END-- [ RunTime:0.056003s ]
INFO: [ view_filter ] --START--
INFO: Run Behavior\WriteHtmlCacheBehavior [ RunTime:0.001000s ]
INFO: [ view_filter ] --END-- [ RunTime:0.001000s ]
INFO: [ app_end ] --START--
INFO: Run Behavior\ShowPageTraceBehavior [ RunTime:0.001000s ]
INFO: [ app_end ] --END-- [ RunTime:0.001000s ]

[ 2017-04-27T08:19:56+08:00 ] 127.0.0.1 /index.php?c=index&a=getCount
INFO: [ app_init ] --START--
INFO: Run Behavior\BuildLiteBehavior [ RunTime:0.000000s ]
INFO: [ app_init ] --END-- [ RunTime:0.000000s ]
INFO: [ app_begin ] --START--
INFO: Run Behavior\ReadHtmlCacheBehavior [ RunTime:0.001000s ]
INFO: [ app_begin ] --END-- [ RunTime:0.001000s ]
NOTIC: [2] Declaration of Home\Controller\CommonController::error($message = '') should be compatible with Think\Controller::error($message = '', $jumpUrl = '', $ajax = false) F:\Thinkphp\Application\Home\Controller\CommonController.class.php 第 41 行.
NOTIC: [2] Declaration of Common\Model\BasicModel::save($data = Array) should be compatible with Think\Model::save($data = '', $options = Array) F:\Thinkphp\Application\Common\Model\BasicModel.class.php 第 10 行.
NOTIC: [2] Declaration of Common\Model\BasicModel::select() should be compatible with Think\Model::select($options = Array) F:\Thinkphp\Application\Common\Model\BasicModel.class.php 第 10 行.
NOTIC: [2] Declaration of Common\Model\MenuModel::find($id) should be compatible with Think\Model::find($options = Array) F:\Thinkphp\Application\Common\Model\MenuModel.class.php 第 146 行.
SQL: SHOW COLUMNS FROM `cms_menu` [ RunTime:0.0080s ]
SQL: SELECT * FROM `cms_menu` WHERE `status` = 1 AND `type` = 0 ORDER BY listorder desc,menu_id  [ RunTime:0.0010s ]
NOTIC: [2] Declaration of Common\Model\NewsModel::find($id) should be compatible with Think\Model::find($options = Array) F:\Thinkphp\Application\Common\Model\NewsModel.class.php 第 209 行.
SQL: SHOW COLUMNS FROM `cms_news` [ RunTime:0.0090s ]
SQL: SELECT * FROM `cms_news` WHERE `news_id` IN ('7','6')  [ RunTime:0.0010s ]

[ 2017-04-27T08:19:57+08:00 ] 127.0.0.1 /index.php
INFO: [ app_init ] --START--
INFO: Run Behavior\BuildLiteBehavior [ RunTime:0.000000s ]
INFO: [ app_init ] --END-- [ RunTime:0.001000s ]
INFO: [ app_begin ] --START--
INFO: Run Behavior\ReadHtmlCacheBehavior [ RunTime:0.000000s ]
INFO: [ app_begin ] --END-- [ RunTime:0.000000s ]
NOTIC: [2] Declaration of Home\Controller\CommonController::error($message = '') should be compatible with Think\Controller::error($message = '', $jumpUrl = '', $ajax = false) F:\Thinkphp\Application\Home\Controller\CommonController.class.php 第 41 行.
NOTIC: [2] Declaration of Common\Model\BasicModel::save($data = Array) should be compatible with Think\Model::save($data = '', $options = Array) F:\Thinkphp\Application\Common\Model\BasicModel.class.php 第 10 行.
NOTIC: [2] Declaration of Common\Model\BasicModel::select() should be compatible with Think\Model::select($options = Array) F:\Thinkphp\Application\Common\Model\BasicModel.class.php 第 10 行.
NOTIC: [2] Declaration of Common\Model\MenuModel::find($id) should be compatible with Think\Model::find($options = Array) F:\Thinkphp\Application\Common\Model\MenuModel.class.php 第 146 行.
SQL: SHOW COLUMNS FROM `cms_menu` [ RunTime:0.0050s ]
SQL: SELECT * FROM `cms_menu` WHERE `status` = 1 AND `type` = 0 ORDER BY listorder desc,menu_id  [ RunTime:0.0000s ]
NOTIC: [2] Declaration of Common\Model\NewsModel::find($id) should be compatible with Think\Model::find($options = Array) F:\Thinkphp\Application\Common\Model\NewsModel.class.php 第 209 行.
SQL: SHOW COLUMNS FROM `cms_news` [ RunTime:0.0050s ]
SQL: SELECT * FROM `cms_news` WHERE `status` = 1 ORDER BY countnum desc,news_id desc  LIMIT 10   [ RunTime:0.0010s ]
NOTIC: [2] Declaration of Common\Model\PositionContentModel::find($id) should be compatible with Think\Model::find($options = Array) F:\Thinkphp\Application\Common\Model\PositionContentModel.class.php 第 113 行.
SQL: SHOW COLUMNS FROM `cms_position_content` [ RunTime:0.0060s ]
NOTIC: [8] Undefined index: title F:\Thinkphp\Application\Common\Model\PositionContentModel.class.php 第 42 行.
SQL: SELECT * FROM `cms_position_content` WHERE `status` = 1 AND `position_id` = 3 ORDER BY listorder desc,id desc LIMIT 2   [ RunTime:0.0000s ]
NOTIC: [8] Undefined index: title F:\Thinkphp\Application\Common\Model\PositionContentModel.class.php 第 42 行.
SQL: SELECT * FROM `cms_position_content` WHERE `status` = 1 AND `position_id` = 4 ORDER BY listorder desc,id desc LIMIT 4   [ RunTime:0.0000s ]
SQL: SHOW COLUMNS FROM `cms_news` [ RunTime:0.0040s ]
SQL: SELECT * FROM `cms_news` WHERE ( status=1 and thumb<>"" and recommend=1 ) ORDER BY create_time desc,countnum desc LIMIT 3   [ RunTime:0.0000s ]
NOTIC: [8] Undefined index: title F:\Thinkphp\Application\Common\Model\PositionContentModel.class.php 第 42 行.
SQL: SELECT * FROM `cms_position_content` WHERE `status` = 1 AND `position_id` = 2 ORDER BY listorder desc,id desc LIMIT 5   [ RunTime:0.0010s ]
NOTIC: [8] Undefined index: title F:\Thinkphp\Application\Common\Model\PositionContentModel.class.php 第 42 行.
SQL: SELECT * FROM `cms_position_content` WHERE `status` = 1 AND `position_id` = 1 ORDER BY listorder desc,id desc LIMIT 10   [ RunTime:0.0000s ]
INFO: [ view_parse ] --START--
INFO: [ template_filter ] --START--
INFO: Run Behavior\ContentReplaceBehavior [ RunTime:0.000000s ]
INFO: [ template_filter ] --END-- [ RunTime:0.000000s ]
NOTIC: [8] Undefined index: count F:\Thinkphp\Application\Runtime\Cache\Home\2a94b8bda04ff446dcedd42276fc99ee.php 第 151 行.
NOTIC: [8] Undefined index: count F:\Thinkphp\Application\Runtime\Cache\Home\2a94b8bda04ff446dcedd42276fc99ee.php 第 151 行.
NOTIC: [8] Undefined index: description F:\Thinkphp\Application\Runtime\Cache\Home\2a94b8bda04ff446dcedd42276fc99ee.php 第 190 行.
NOTIC: [8] Undefined index: description F:\Thinkphp\Application\Runtime\Cache\Home\2a94b8bda04ff446dcedd42276fc99ee.php 第 190 行.
INFO: Run Behavior\ParseTemplateBehavior [ RunTime:0.013001s ]
INFO: [ view_parse ] --END-- [ RunTime:0.013001s ]
INFO: [ view_filter ] --START--
INFO: Run Behavior\WriteHtmlCacheBehavior [ RunTime:0.000000s ]
INFO: [ view_filter ] --END-- [ RunTime:0.000000s ]
INFO: [ app_end ] --START--
INFO: Run Behavior\ShowPageTraceBehavior [ RunTime:0.001000s ]
INFO: [ app_end ] --END-- [ RunTime:0.001000s ]

[ 2017-04-27T08:19:57+08:00 ] 127.0.0.1 /index.php?c=index&a=getCount
INFO: [ app_init ] --START--
INFO: Run Behavior\BuildLiteBehavior [ RunTime:0.000000s ]
INFO: [ app_init ] --END-- [ RunTime:0.001000s ]
INFO: [ app_begin ] --START--
INFO: Run Behavior\ReadHtmlCacheBehavior [ RunTime:0.002000s ]
INFO: [ app_begin ] --END-- [ RunTime:0.002000s ]
NOTIC: [2] Declaration of Home\Controller\CommonController::error($message = '') should be compatible with Think\Controller::error($message = '', $jumpUrl = '', $ajax = false) F:\Thinkphp\Application\Home\Controller\CommonController.class.php 第 41 行.
NOTIC: [2] Declaration of Common\Model\BasicModel::save($data = Array) should be compatible with Think\Model::save($data = '', $options = Array) F:\Thinkphp\Application\Common\Model\BasicModel.class.php 第 10 行.
NOTIC: [2] Declaration of Common\Model\BasicModel::select() should be compatible with Think\Model::select($options = Array) F:\Thinkphp\Application\Common\Model\BasicModel.class.php 第 10 行.
NOTIC: [2] Declaration of Common\Model\MenuModel::find($id) should be compatible with Think\Model::find($options = Array) F:\Thinkphp\Application\Common\Model\MenuModel.class.php 第 146 行.
SQL: SHOW COLUMNS FROM `cms_menu` [ RunTime:0.0070s ]
SQL: SELECT * FROM `cms_menu` WHERE `status` = 1 AND `type` = 0 ORDER BY listorder desc,menu_id  [ RunTime:0.0010s ]
NOTIC: [2] Declaration of Common\Model\NewsModel::find($id) should be compatible with Think\Model::find($options = Array) F:\Thinkphp\Application\Common\Model\NewsModel.class.php 第 209 行.
SQL: SHOW COLUMNS FROM `cms_news` [ RunTime:0.0060s ]
SQL: SELECT * FROM `cms_news` WHERE `news_id` IN ('7','6')  [ RunTime:0.0010s ]

[ 2017-04-27T08:20:03+08:00 ] 127.0.0.1 /index.php
INFO: [ app_init ] --START--
INFO: Run Behavior\BuildLiteBehavior [ RunTime:0.000000s ]
INFO: [ app_init ] --END-- [ RunTime:0.002000s ]
INFO: [ app_begin ] --START--
INFO: Run Behavior\ReadHtmlCacheBehavior [ RunTime:0.001000s ]
INFO: [ app_begin ] --END-- [ RunTime:0.001000s ]
NOTIC: [2] Declaration of Home\Controller\CommonController::error($message = '') should be compatible with Think\Controller::error($message = '', $jumpUrl = '', $ajax = false) F:\Thinkphp\Application\Home\Controller\CommonController.class.php 第 41 行.
NOTIC: [2] Declaration of Common\Model\BasicModel::save($data = Array) should be compatible with Think\Model::save($data = '', $options = Array) F:\Thinkphp\Application\Common\Model\BasicModel.class.php 第 10 行.
NOTIC: [2] Declaration of Common\Model\BasicModel::select() should be compatible with Think\Model::select($options = Array) F:\Thinkphp\Application\Common\Model\BasicModel.class.php 第 10 行.
NOTIC: [2] Declaration of Common\Model\MenuModel::find($id) should be compatible with Think\Model::find($options = Array) F:\Thinkphp\Application\Common\Model\MenuModel.class.php 第 146 行.
SQL: SHOW COLUMNS FROM `cms_menu` [ RunTime:0.0090s ]
SQL: SELECT * FROM `cms_menu` WHERE `status` = 1 AND `type` = 0 ORDER BY listorder desc,menu_id  [ RunTime:0.0000s ]
NOTIC: [2] Declaration of Common\Model\NewsModel::find($id) should be compatible with Think\Model::find($options = Array) F:\Thinkphp\Application\Common\Model\NewsModel.class.php 第 209 行.
SQL: SHOW COLUMNS FROM `cms_news` [ RunTime:0.0100s ]
SQL: SELECT * FROM `cms_news` WHERE `status` = 1 ORDER BY countnum desc,news_id desc  LIMIT 10   [ RunTime:0.0010s ]
NOTIC: [2] Declaration of Common\Model\PositionContentModel::find($id) should be compatible with Think\Model::find($options = Array) F:\Thinkphp\Application\Common\Model\PositionContentModel.class.php 第 113 行.
SQL: SHOW COLUMNS FROM `cms_position_content` [ RunTime:0.0130s ]
NOTIC: [8] Undefined index: title F:\Thinkphp\Application\Common\Model\PositionContentModel.class.php 第 42 行.
SQL: SELECT * FROM `cms_position_content` WHERE `status` = 1 AND `position_id` = 3 ORDER BY listorder desc,id desc LIMIT 2   [ RunTime:0.0010s ]
NOTIC: [8] Undefined index: title F:\Thinkphp\Application\Common\Model\PositionContentModel.class.php 第 42 行.
SQL: SELECT * FROM `cms_position_content` WHERE `status` = 1 AND `position_id` = 4 ORDER BY listorder desc,id desc LIMIT 4   [ RunTime:0.0000s ]
SQL: SHOW COLUMNS FROM `cms_news` [ RunTime:0.0130s ]
SQL: SELECT * FROM `cms_news` WHERE ( status=1 and thumb<>"" and recommend=1 ) ORDER BY create_time desc,countnum desc LIMIT 3   [ RunTime:0.0010s ]
NOTIC: [8] Undefined index: title F:\Thinkphp\Application\Common\Model\PositionContentModel.class.php 第 42 行.
SQL: SELECT * FROM `cms_position_content` WHERE `status` = 1 AND `position_id` = 2 ORDER BY listorder desc,id desc LIMIT 5   [ RunTime:0.0000s ]
NOTIC: [8] Undefined index: title F:\Thinkphp\Application\Common\Model\PositionContentModel.class.php 第 42 行.
SQL: SELECT * FROM `cms_position_content` WHERE `status` = 1 AND `position_id` = 1 ORDER BY listorder desc,id desc LIMIT 10   [ RunTime:0.0010s ]
INFO: [ view_parse ] --START--
INFO: [ template_filter ] --START--
INFO: Run Behavior\ContentReplaceBehavior [ RunTime:0.000000s ]
INFO: [ template_filter ] --END-- [ RunTime:0.000000s ]
NOTIC: [8] Undefined index: count F:\Thinkphp\Application\Runtime\Cache\Home\2a94b8bda04ff446dcedd42276fc99ee.php 第 151 行.
NOTIC: [8] Undefined index: count F:\Thinkphp\Application\Runtime\Cache\Home\2a94b8bda04ff446dcedd42276fc99ee.php 第 151 行.
NOTIC: [8] Undefined index: description F:\Thinkphp\Application\Runtime\Cache\Home\2a94b8bda04ff446dcedd42276fc99ee.php 第 190 行.
NOTIC: [8] Undefined index: description F:\Thinkphp\Application\Runtime\Cache\Home\2a94b8bda04ff446dcedd42276fc99ee.php 第 190 行.
INFO: Run Behavior\ParseTemplateBehavior [ RunTime:0.021001s ]
INFO: [ view_parse ] --END-- [ RunTime:0.021001s ]
INFO: [ view_filter ] --START--
INFO: Run Behavior\WriteHtmlCacheBehavior [ RunTime:0.002000s ]
INFO: [ view_filter ] --END-- [ RunTime:0.002000s ]
INFO: [ app_end ] --START--
INFO: Run Behavior\ShowPageTraceBehavior [ RunTime:0.003000s ]
INFO: [ app_end ] --END-- [ RunTime:0.003000s ]

[ 2017-04-27T08:20:03+08:00 ] 127.0.0.1 /index.php?c=index&a=getCount
INFO: [ app_init ] --START--
INFO: Run Behavior\BuildLiteBehavior [ RunTime:0.000000s ]
INFO: [ app_init ] --END-- [ RunTime:0.000000s ]
INFO: [ app_begin ] --START--
INFO: Run Behavior\ReadHtmlCacheBehavior [ RunTime:0.001000s ]
INFO: [ app_begin ] --END-- [ RunTime:0.001000s ]
NOTIC: [2] Declaration of Home\Controller\CommonController::error($message = '') should be compatible with Think\Controller::error($message = '', $jumpUrl = '', $ajax = false) F:\Thinkphp\Application\Home\Controller\CommonController.class.php 第 41 行.
NOTIC: [2] Declaration of Common\Model\BasicModel::save($data = Array) should be compatible with Think\Model::save($data = '', $options = Array) F:\Thinkphp\Application\Common\Model\BasicModel.class.php 第 10 行.
NOTIC: [2] Declaration of Common\Model\BasicModel::select() should be compatible with Think\Model::select($options = Array) F:\Thinkphp\Application\Common\Model\BasicModel.class.php 第 10 行.
NOTIC: [2] Declaration of Common\Model\MenuModel::find($id) should be compatible with Think\Model::find($options = Array) F:\Thinkphp\Application\Common\Model\MenuModel.class.php 第 146 行.
SQL: SHOW COLUMNS FROM `cms_menu` [ RunTime:0.0060s ]
SQL: SELECT * FROM `cms_menu` WHERE `status` = 1 AND `type` = 0 ORDER BY listorder desc,menu_id  [ RunTime:0.0010s ]
NOTIC: [2] Declaration of Common\Model\NewsModel::find($id) should be compatible with Think\Model::find($options = Array) F:\Thinkphp\Application\Common\Model\NewsModel.class.php 第 209 行.
SQL: SHOW COLUMNS FROM `cms_news` [ RunTime:0.0070s ]
SQL: SELECT * FROM `cms_news` WHERE `news_id` IN ('7','6')  [ RunTime:0.0010s ]

[ 2017-04-27T08:20:37+08:00 ] 127.0.0.1 /index.php
INFO: [ app_init ] --START--
INFO: Run Behavior\BuildLiteBehavior [ RunTime:0.000000s ]
INFO: [ app_init ] --END-- [ RunTime:0.001000s ]
INFO: [ app_begin ] --START--
INFO: Run Behavior\ReadHtmlCacheBehavior [ RunTime:0.001000s ]
INFO: [ app_begin ] --END-- [ RunTime:0.001000s ]
NOTIC: [2] Declaration of Home\Controller\CommonController::error($message = '') should be compatible with Think\Controller::error($message = '', $jumpUrl = '', $ajax = false) F:\Thinkphp\Application\Home\Controller\CommonController.class.php 第 41 行.
NOTIC: [2] Declaration of Common\Model\BasicModel::save($data = Array) should be compatible with Think\Model::save($data = '', $options = Array) F:\Thinkphp\Application\Common\Model\BasicModel.class.php 第 10 行.
NOTIC: [2] Declaration of Common\Model\BasicModel::select() should be compatible with Think\Model::select($options = Array) F:\Thinkphp\Application\Common\Model\BasicModel.class.php 第 10 行.
NOTIC: [2] Declaration of Common\Model\MenuModel::find($id) should be compatible with Think\Model::find($options = Array) F:\Thinkphp\Application\Common\Model\MenuModel.class.php 第 146 行.
SQL: SHOW COLUMNS FROM `cms_menu` [ RunTime:0.1280s ]
SQL: SELECT * FROM `cms_menu` WHERE `status` = 1 AND `type` = 0 ORDER BY listorder desc,menu_id  [ RunTime:0.0010s ]
NOTIC: [2] Declaration of Common\Model\NewsModel::find($id) should be compatible with Think\Model::find($options = Array) F:\Thinkphp\Application\Common\Model\NewsModel.class.php 第 209 行.
SQL: SHOW COLUMNS FROM `cms_news` [ RunTime:0.0090s ]
SQL: SELECT * FROM `cms_news` WHERE `status` = 1 ORDER BY countnum desc,news_id desc  LIMIT 10   [ RunTime:0.0030s ]
NOTIC: [2] Declaration of Common\Model\PositionContentModel::find($id) should be compatible with Think\Model::find($options = Array) F:\Thinkphp\Application\Common\Model\PositionContentModel.class.php 第 113 行.
SQL: SHOW COLUMNS FROM `cms_position_content` [ RunTime:0.0100s ]
NOTIC: [8] Undefined index: title F:\Thinkphp\Application\Common\Model\PositionContentModel.class.php 第 42 行.
SQL: SELECT * FROM `cms_position_content` WHERE `status` = 1 AND `position_id` = 3 ORDER BY listorder desc,id desc LIMIT 2   [ RunTime:0.0010s ]
NOTIC: [8] Undefined index: title F:\Thinkphp\Application\Common\Model\PositionContentModel.class.php 第 42 行.
SQL: SELECT * FROM `cms_position_content` WHERE `status` = 1 AND `position_id` = 4 ORDER BY listorder desc,id desc LIMIT 4   [ RunTime:0.0010s ]
SQL: SHOW COLUMNS FROM `cms_news` [ RunTime:0.0050s ]
SQL: SELECT * FROM `cms_news` WHERE ( status=1 and thumb<>"" and recommend=1 ) ORDER BY create_time desc,countnum desc LIMIT 3   [ RunTime:0.0010s ]
NOTIC: [8] Undefined index: title F:\Thinkphp\Application\Common\Model\PositionContentModel.class.php 第 42 行.
SQL: SELECT * FROM `cms_position_content` WHERE `status` = 1 AND `position_id` = 2 ORDER BY listorder desc,id desc LIMIT 5   [ RunTime:0.0010s ]
NOTIC: [8] Undefined index: title F:\Thinkphp\Application\Common\Model\PositionContentModel.class.php 第 42 行.
SQL: SELECT * FROM `cms_position_content` WHERE `status` = 1 AND `position_id` = 1 ORDER BY listorder desc,id desc LIMIT 10   [ RunTime:0.0000s ]
INFO: [ view_parse ] --START--
INFO: [ template_filter ] --START--
INFO: Run Behavior\ContentReplaceBehavior [ RunTime:0.000000s ]
INFO: [ template_filter ] --END-- [ RunTime:0.000000s ]
NOTIC: [8] Undefined index: count F:\Thinkphp\Application\Runtime\Cache\Home\2a94b8bda04ff446dcedd42276fc99ee.php 第 151 行.
NOTIC: [8] Undefined index: count F:\Thinkphp\Application\Runtime\Cache\Home\2a94b8bda04ff446dcedd42276fc99ee.php 第 151 行.
NOTIC: [8] Undefined index: description F:\Thinkphp\Application\Runtime\Cache\Home\2a94b8bda04ff446dcedd42276fc99ee.php 第 190 行.
NOTIC: [8] Undefined index: description F:\Thinkphp\Application\Runtime\Cache\Home\2a94b8bda04ff446dcedd42276fc99ee.php 第 190 行.
INFO: Run Behavior\ParseTemplateBehavior [ RunTime:0.014000s ]
INFO: [ view_parse ] --END-- [ RunTime:0.014000s ]
INFO: [ view_filter ] --START--
INFO: Run Behavior\WriteHtmlCacheBehavior [ RunTime:0.001000s ]
INFO: [ view_filter ] --END-- [ RunTime:0.001000s ]
INFO: [ app_end ] --START--
INFO: Run Behavior\ShowPageTraceBehavior [ RunTime:0.000000s ]
INFO: [ app_end ] --END-- [ RunTime:0.000000s ]

[ 2017-04-27T08:20:37+08:00 ] 127.0.0.1 /index.php?c=index&a=getCount
INFO: [ app_init ] --START--
INFO: Run Behavior\BuildLiteBehavior [ RunTime:0.000000s ]
INFO: [ app_init ] --END-- [ RunTime:0.000000s ]
INFO: [ app_begin ] --START--
INFO: Run Behavior\ReadHtmlCacheBehavior [ RunTime:0.001000s ]
INFO: [ app_begin ] --END-- [ RunTime:0.002000s ]
NOTIC: [2] Declaration of Home\Controller\CommonController::error($message = '') should be compatible with Think\Controller::error($message = '', $jumpUrl = '', $ajax = false) F:\Thinkphp\Application\Home\Controller\CommonController.class.php 第 41 行.
NOTIC: [2] Declaration of Common\Model\BasicModel::save($data = Array) should be compatible with Think\Model::save($data = '', $options = Array) F:\Thinkphp\Application\Common\Model\BasicModel.class.php 第 10 行.
NOTIC: [2] Declaration of Common\Model\BasicModel::select() should be compatible with Think\Model::select($options = Array) F:\Thinkphp\Application\Common\Model\BasicModel.class.php 第 10 行.
NOTIC: [2] Declaration of Common\Model\MenuModel::find($id) should be compatible with Think\Model::find($options = Array) F:\Thinkphp\Application\Common\Model\MenuModel.class.php 第 146 行.
SQL: SHOW COLUMNS FROM `cms_menu` [ RunTime:0.0100s ]
SQL: SELECT * FROM `cms_menu` WHERE `status` = 1 AND `type` = 0 ORDER BY listorder desc,menu_id  [ RunTime:0.0010s ]
NOTIC: [2] Declaration of Common\Model\NewsModel::find($id) should be compatible with Think\Model::find($options = Array) F:\Thinkphp\Application\Common\Model\NewsModel.class.php 第 209 行.
SQL: SHOW COLUMNS FROM `cms_news` [ RunTime:0.0090s ]
SQL: SELECT * FROM `cms_news` WHERE `news_id` IN ('7','6')  [ RunTime:0.0000s ]

[ 2017-04-27T08:20:52+08:00 ] 127.0.0.1 /index.php
INFO: [ app_init ] --START--
INFO: Run Behavior\BuildLiteBehavior [ RunTime:0.001000s ]
INFO: [ app_init ] --END-- [ RunTime:0.001000s ]
INFO: [ app_begin ] --START--
INFO: Run Behavior\ReadHtmlCacheBehavior [ RunTime:0.001000s ]
INFO: [ app_begin ] --END-- [ RunTime:0.001000s ]
NOTIC: [2] Declaration of Home\Controller\CommonController::error($message = '') should be compatible with Think\Controller::error($message = '', $jumpUrl = '', $ajax = false) F:\Thinkphp\Application\Home\Controller\CommonController.class.php 第 41 行.
NOTIC: [2] Declaration of Common\Model\BasicModel::save($data = Array) should be compatible with Think\Model::save($data = '', $options = Array) F:\Thinkphp\Application\Common\Model\BasicModel.class.php 第 10 行.
NOTIC: [2] Declaration of Common\Model\BasicModel::select() should be compatible with Think\Model::select($options = Array) F:\Thinkphp\Application\Common\Model\BasicModel.class.php 第 10 行.
NOTIC: [2] Declaration of Common\Model\MenuModel::find($id) should be compatible with Think\Model::find($options = Array) F:\Thinkphp\Application\Common\Model\MenuModel.class.php 第 146 行.
SQL: SHOW COLUMNS FROM `cms_menu` [ RunTime:0.0080s ]
SQL: SELECT * FROM `cms_menu` WHERE `status` = 1 AND `type` = 0 ORDER BY listorder desc,menu_id  [ RunTime:0.0010s ]
NOTIC: [2] Declaration of Common\Model\NewsModel::find($id) should be compatible with Think\Model::find($options = Array) F:\Thinkphp\Application\Common\Model\NewsModel.class.php 第 209 行.
SQL: SHOW COLUMNS FROM `cms_news` [ RunTime:0.0060s ]
SQL: SELECT * FROM `cms_news` WHERE `status` = 1 ORDER BY countnum desc,news_id desc  LIMIT 10   [ RunTime:0.0010s ]
NOTIC: [2] Declaration of Common\Model\PositionContentModel::find($id) should be compatible with Think\Model::find($options = Array) F:\Thinkphp\Application\Common\Model\PositionContentModel.class.php 第 113 行.
SQL: SHOW COLUMNS FROM `cms_position_content` [ RunTime:0.0080s ]
NOTIC: [8] Undefined index: title F:\Thinkphp\Application\Common\Model\PositionContentModel.class.php 第 42 行.
SQL: SELECT * FROM `cms_position_content` WHERE `status` = 1 AND `position_id` = 3 ORDER BY listorder desc,id desc LIMIT 2   [ RunTime:0.0010s ]
NOTIC: [8] Undefined index: title F:\Thinkphp\Application\Common\Model\PositionContentModel.class.php 第 42 行.
SQL: SELECT * FROM `cms_position_content` WHERE `status` = 1 AND `position_id` = 4 ORDER BY listorder desc,id desc LIMIT 4   [ RunTime:0.0000s ]
SQL: SHOW COLUMNS FROM `cms_news` [ RunTime:0.0050s ]
SQL: SELECT * FROM `cms_news` WHERE ( status=1 and thumb<>"" and recommend=1 ) ORDER BY create_time desc,countnum desc LIMIT 3   [ RunTime:0.0000s ]
NOTIC: [8] Undefined index: title F:\Thinkphp\Application\Common\Model\PositionContentModel.class.php 第 42 行.
SQL: SELECT * FROM `cms_position_content` WHERE `status` = 1 AND `position_id` = 2 ORDER BY listorder desc,id desc LIMIT 5   [ RunTime:0.0000s ]
NOTIC: [8] Undefined index: title F:\Thinkphp\Application\Common\Model\PositionContentModel.class.php 第 42 行.
SQL: SELECT * FROM `cms_position_content` WHERE `status` = 1 AND `position_id` = 1 ORDER BY listorder desc,id desc LIMIT 10   [ RunTime:0.0010s ]
INFO: [ view_parse ] --START--
INFO: [ template_filter ] --START--
INFO: Run Behavior\ContentReplaceBehavior [ RunTime:0.000000s ]
INFO: [ template_filter ] --END-- [ RunTime:0.001000s ]
NOTIC: [8] Undefined index: count F:\Thinkphp\Application\Runtime\Cache\Home\2a94b8bda04ff446dcedd42276fc99ee.php 第 151 行.
NOTIC: [8] Undefined index: count F:\Thinkphp\Application\Runtime\Cache\Home\2a94b8bda04ff446dcedd42276fc99ee.php 第 151 行.
NOTIC: [8] Undefined index: description F:\Thinkphp\Application\Runtime\Cache\Home\2a94b8bda04ff446dcedd42276fc99ee.php 第 190 行.
NOTIC: [8] Undefined index: description F:\Thinkphp\Application\Runtime\Cache\Home\2a94b8bda04ff446dcedd42276fc99ee.php 第 190 行.
INFO: Run Behavior\ParseTemplateBehavior [ RunTime:0.015001s ]
INFO: [ view_parse ] --END-- [ RunTime:0.015001s ]
INFO: [ view_filter ] --START--
INFO: Run Behavior\WriteHtmlCacheBehavior [ RunTime:0.001000s ]
INFO: [ view_filter ] --END-- [ RunTime:0.001000s ]
INFO: [ app_end ] --START--
INFO: Run Behavior\ShowPageTraceBehavior [ RunTime:0.003000s ]
INFO: [ app_end ] --END-- [ RunTime:0.003000s ]

[ 2017-04-27T08:20:53+08:00 ] 127.0.0.1 /index.php?c=index&a=getCount
INFO: [ app_init ] --START--
INFO: Run Behavior\BuildLiteBehavior [ RunTime:0.000000s ]
INFO: [ app_init ] --END-- [ RunTime:0.000000s ]
INFO: [ app_begin ] --START--
INFO: Run Behavior\ReadHtmlCacheBehavior [ RunTime:0.001000s ]
INFO: [ app_begin ] --END-- [ RunTime:0.001000s ]
NOTIC: [2] Declaration of Home\Controller\CommonController::error($message = '') should be compatible with Think\Controller::error($message = '', $jumpUrl = '', $ajax = false) F:\Thinkphp\Application\Home\Controller\CommonController.class.php 第 41 行.
NOTIC: [2] Declaration of Common\Model\BasicModel::save($data = Array) should be compatible with Think\Model::save($data = '', $options = Array) F:\Thinkphp\Application\Common\Model\BasicModel.class.php 第 10 行.
NOTIC: [2] Declaration of Common\Model\BasicModel::select() should be compatible with Think\Model::select($options = Array) F:\Thinkphp\Application\Common\Model\BasicModel.class.php 第 10 行.
NOTIC: [2] Declaration of Common\Model\MenuModel::find($id) should be compatible with Think\Model::find($options = Array) F:\Thinkphp\Application\Common\Model\MenuModel.class.php 第 146 行.
SQL: SHOW COLUMNS FROM `cms_menu` [ RunTime:0.0050s ]
SQL: SELECT * FROM `cms_menu` WHERE `status` = 1 AND `type` = 0 ORDER BY listorder desc,menu_id  [ RunTime:0.0010s ]
NOTIC: [2] Declaration of Common\Model\NewsModel::find($id) should be compatible with Think\Model::find($options = Array) F:\Thinkphp\Application\Common\Model\NewsModel.class.php 第 209 行.
SQL: SHOW COLUMNS FROM `cms_news` [ RunTime:0.0050s ]
SQL: SELECT * FROM `cms_news` WHERE `news_id` IN ('7','6')  [ RunTime:0.0000s ]

[ 2017-04-27T08:20:55+08:00 ] 127.0.0.1 /index.php
INFO: [ app_init ] --START--
INFO: Run Behavior\BuildLiteBehavior [ RunTime:0.000000s ]
INFO: [ app_init ] --END-- [ RunTime:0.001000s ]
INFO: [ app_begin ] --START--
INFO: Run Behavior\ReadHtmlCacheBehavior [ RunTime:0.001000s ]
INFO: [ app_begin ] --END-- [ RunTime:0.001000s ]
NOTIC: [2] Declaration of Home\Controller\CommonController::error($message = '') should be compatible with Think\Controller::error($message = '', $jumpUrl = '', $ajax = false) F:\Thinkphp\Application\Home\Controller\CommonController.class.php 第 41 行.
NOTIC: [2] Declaration of Common\Model\BasicModel::save($data = Array) should be compatible with Think\Model::save($data = '', $options = Array) F:\Thinkphp\Application\Common\Model\BasicModel.class.php 第 10 行.
NOTIC: [2] Declaration of Common\Model\BasicModel::select() should be compatible with Think\Model::select($options = Array) F:\Thinkphp\Application\Common\Model\BasicModel.class.php 第 10 行.
NOTIC: [2] Declaration of Common\Model\MenuModel::find($id) should be compatible with Think\Model::find($options = Array) F:\Thinkphp\Application\Common\Model\MenuModel.class.php 第 146 行.
SQL: SHOW COLUMNS FROM `cms_menu` [ RunTime:0.0050s ]
SQL: SELECT * FROM `cms_menu` WHERE `status` = 1 AND `type` = 0 ORDER BY listorder desc,menu_id  [ RunTime:0.0010s ]
NOTIC: [2] Declaration of Common\Model\NewsModel::find($id) should be compatible with Think\Model::find($options = Array) F:\Thinkphp\Application\Common\Model\NewsModel.class.php 第 209 行.
SQL: SHOW COLUMNS FROM `cms_news` [ RunTime:0.0080s ]
SQL: SELECT * FROM `cms_news` WHERE `status` = 1 ORDER BY countnum desc,news_id desc  LIMIT 10   [ RunTime:0.0010s ]
NOTIC: [2] Declaration of Common\Model\PositionContentModel::find($id) should be compatible with Think\Model::find($options = Array) F:\Thinkphp\Application\Common\Model\PositionContentModel.class.php 第 113 行.
SQL: SHOW COLUMNS FROM `cms_position_content` [ RunTime:0.0050s ]
NOTIC: [8] Undefined index: title F:\Thinkphp\Application\Common\Model\PositionContentModel.class.php 第 42 行.
SQL: SELECT * FROM `cms_position_content` WHERE `status` = 1 AND `position_id` = 3 ORDER BY listorder desc,id desc LIMIT 2   [ RunTime:0.0000s ]
NOTIC: [8] Undefined index: title F:\Thinkphp\Application\Common\Model\PositionContentModel.class.php 第 42 行.
SQL: SELECT * FROM `cms_position_content` WHERE `status` = 1 AND `position_id` = 4 ORDER BY listorder desc,id desc LIMIT 4   [ RunTime:0.0000s ]
SQL: SHOW COLUMNS FROM `cms_news` [ RunTime:0.0090s ]
SQL: SELECT * FROM `cms_news` WHERE ( status=1 and thumb<>"" and recommend=1 ) ORDER BY create_time desc,countnum desc LIMIT 3   [ RunTime:0.0010s ]
NOTIC: [8] Undefined index: title F:\Thinkphp\Application\Common\Model\PositionContentModel.class.php 第 42 行.
SQL: SELECT * FROM `cms_position_content` WHERE `status` = 1 AND `position_id` = 2 ORDER BY listorder desc,id desc LIMIT 5   [ RunTime:0.0010s ]
NOTIC: [8] Undefined index: title F:\Thinkphp\Application\Common\Model\PositionContentModel.class.php 第 42 行.
SQL: SELECT * FROM `cms_position_content` WHERE `status` = 1 AND `position_id` = 1 ORDER BY listorder desc,id desc LIMIT 10   [ RunTime:0.0000s ]
INFO: [ view_parse ] --START--
INFO: [ template_filter ] --START--
INFO: Run Behavior\ContentReplaceBehavior [ RunTime:0.001000s ]
INFO: [ template_filter ] --END-- [ RunTime:0.001000s ]
NOTIC: [8] Undefined index: count F:\Thinkphp\Application\Runtime\Cache\Home\2a94b8bda04ff446dcedd42276fc99ee.php 第 151 行.
NOTIC: [8] Undefined index: count F:\Thinkphp\Application\Runtime\Cache\Home\2a94b8bda04ff446dcedd42276fc99ee.php 第 151 行.
NOTIC: [8] Undefined index: description F:\Thinkphp\Application\Runtime\Cache\Home\2a94b8bda04ff446dcedd42276fc99ee.php 第 190 行.
NOTIC: [8] Undefined index: description F:\Thinkphp\Application\Runtime\Cache\Home\2a94b8bda04ff446dcedd42276fc99ee.php 第 190 行.
INFO: Run Behavior\ParseTemplateBehavior [ RunTime:0.014000s ]
INFO: [ view_parse ] --END-- [ RunTime:0.014000s ]
INFO: [ view_filter ] --START--
INFO: Run Behavior\WriteHtmlCacheBehavior [ RunTime:0.000000s ]
INFO: [ view_filter ] --END-- [ RunTime:0.000000s ]
INFO: [ app_end ] --START--
INFO: Run Behavior\ShowPageTraceBehavior [ RunTime:0.001001s ]
INFO: [ app_end ] --END-- [ RunTime:0.001001s ]

[ 2017-04-27T08:20:56+08:00 ] 127.0.0.1 /index.php?c=index&a=getCount
INFO: [ app_init ] --START--
INFO: Run Behavior\BuildLiteBehavior [ RunTime:0.000000s ]
INFO: [ app_init ] --END-- [ RunTime:0.001000s ]
INFO: [ app_begin ] --START--
INFO: Run Behavior\ReadHtmlCacheBehavior [ RunTime:0.001000s ]
INFO: [ app_begin ] --END-- [ RunTime:0.001000s ]
NOTIC: [2] Declaration of Home\Controller\CommonController::error($message = '') should be compatible with Think\Controller::error($message = '', $jumpUrl = '', $ajax = false) F:\Thinkphp\Application\Home\Controller\CommonController.class.php 第 41 行.
NOTIC: [2] Declaration of Common\Model\BasicModel::save($data = Array) should be compatible with Think\Model::save($data = '', $options = Array) F:\Thinkphp\Application\Common\Model\BasicModel.class.php 第 10 行.
NOTIC: [2] Declaration of Common\Model\BasicModel::select() should be compatible with Think\Model::select($options = Array) F:\Thinkphp\Application\Common\Model\BasicModel.class.php 第 10 行.
NOTIC: [2] Declaration of Common\Model\MenuModel::find($id) should be compatible with Think\Model::find($options = Array) F:\Thinkphp\Application\Common\Model\MenuModel.class.php 第 146 行.
SQL: SHOW COLUMNS FROM `cms_menu` [ RunTime:0.0100s ]
SQL: SELECT * FROM `cms_menu` WHERE `status` = 1 AND `type` = 0 ORDER BY listorder desc,menu_id  [ RunTime:0.0010s ]
NOTIC: [2] Declaration of Common\Model\NewsModel::find($id) should be compatible with Think\Model::find($options = Array) F:\Thinkphp\Application\Common\Model\NewsModel.class.php 第 209 行.
SQL: SHOW COLUMNS FROM `cms_news` [ RunTime:0.0080s ]
SQL: SELECT * FROM `cms_news` WHERE `news_id` IN ('7','6')  [ RunTime:0.0010s ]

[ 2017-04-27T08:21:11+08:00 ] 127.0.0.1 /index.php
INFO: [ app_init ] --START--
INFO: Run Behavior\BuildLiteBehavior [ RunTime:0.000000s ]
INFO: [ app_init ] --END-- [ RunTime:0.001000s ]
INFO: [ app_begin ] --START--
INFO: Run Behavior\ReadHtmlCacheBehavior [ RunTime:0.001000s ]
INFO: [ app_begin ] --END-- [ RunTime:0.001000s ]
NOTIC: [2] Declaration of Home\Controller\CommonController::error($message = '') should be compatible with Think\Controller::error($message = '', $jumpUrl = '', $ajax = false) F:\Thinkphp\Application\Home\Controller\CommonController.class.php 第 41 行.
NOTIC: [2] Declaration of Common\Model\BasicModel::save($data = Array) should be compatible with Think\Model::save($data = '', $options = Array) F:\Thinkphp\Application\Common\Model\BasicModel.class.php 第 10 行.
NOTIC: [2] Declaration of Common\Model\BasicModel::select() should be compatible with Think\Model::select($options = Array) F:\Thinkphp\Application\Common\Model\BasicModel.class.php 第 10 行.
NOTIC: [2] Declaration of Common\Model\MenuModel::find($id) should be compatible with Think\Model::find($options = Array) F:\Thinkphp\Application\Common\Model\MenuModel.class.php 第 146 行.
SQL: SHOW COLUMNS FROM `cms_menu` [ RunTime:0.0050s ]
SQL: SELECT * FROM `cms_menu` WHERE `status` = 1 AND `type` = 0 ORDER BY listorder desc,menu_id  [ RunTime:0.0000s ]
NOTIC: [2] Declaration of Common\Model\NewsModel::find($id) should be compatible with Think\Model::find($options = Array) F:\Thinkphp\Application\Common\Model\NewsModel.class.php 第 209 行.
SQL: SHOW COLUMNS FROM `cms_news` [ RunTime:0.0050s ]
SQL: SELECT * FROM `cms_news` WHERE `status` = 1 ORDER BY countnum desc,news_id desc  LIMIT 10   [ RunTime:0.0010s ]
NOTIC: [2] Declaration of Common\Model\PositionContentModel::find($id) should be compatible with Think\Model::find($options = Array) F:\Thinkphp\Application\Common\Model\PositionContentModel.class.php 第 113 行.
SQL: SHOW COLUMNS FROM `cms_position_content` [ RunTime:0.0040s ]
NOTIC: [8] Undefined index: title F:\Thinkphp\Application\Common\Model\PositionContentModel.class.php 第 42 行.
SQL: SELECT * FROM `cms_position_content` WHERE `status` = 1 AND `position_id` = 3 ORDER BY listorder desc,id desc LIMIT 2   [ RunTime:0.0000s ]
NOTIC: [8] Undefined index: title F:\Thinkphp\Application\Common\Model\PositionContentModel.class.php 第 42 行.
SQL: SELECT * FROM `cms_position_content` WHERE `status` = 1 AND `position_id` = 4 ORDER BY listorder desc,id desc LIMIT 4   [ RunTime:0.0000s ]
SQL: SHOW COLUMNS FROM `cms_news` [ RunTime:0.0060s ]
SQL: SELECT * FROM `cms_news` WHERE ( status=1 and thumb<>"" and recommend=1 ) ORDER BY create_time desc,countnum desc LIMIT 3   [ RunTime:0.0010s ]
NOTIC: [8] Undefined index: title F:\Thinkphp\Application\Common\Model\PositionContentModel.class.php 第 42 行.
SQL: SELECT * FROM `cms_position_content` WHERE `status` = 1 AND `position_id` = 2 ORDER BY listorder desc,id desc LIMIT 5   [ RunTime:0.0000s ]
NOTIC: [8] Undefined index: title F:\Thinkphp\Application\Common\Model\PositionContentModel.class.php 第 42 行.
SQL: SELECT * FROM `cms_position_content` WHERE `status` = 1 AND `position_id` = 1 ORDER BY listorder desc,id desc LIMIT 10   [ RunTime:0.0010s ]
INFO: [ view_parse ] --START--
INFO: [ template_filter ] --START--
INFO: Run Behavior\ContentReplaceBehavior [ RunTime:0.000000s ]
INFO: [ template_filter ] --END-- [ RunTime:0.000000s ]
NOTIC: [8] Undefined index: count F:\Thinkphp\Application\Runtime\Cache\Home\2a94b8bda04ff446dcedd42276fc99ee.php 第 151 行.
NOTIC: [8] Undefined index: count F:\Thinkphp\Application\Runtime\Cache\Home\2a94b8bda04ff446dcedd42276fc99ee.php 第 151 行.
NOTIC: [8] Undefined index: description F:\Thinkphp\Application\Runtime\Cache\Home\2a94b8bda04ff446dcedd42276fc99ee.php 第 190 行.
NOTIC: [8] Undefined index: description F:\Thinkphp\Application\Runtime\Cache\Home\2a94b8bda04ff446dcedd42276fc99ee.php 第 190 行.
INFO: Run Behavior\ParseTemplateBehavior [ RunTime:0.012001s ]
INFO: [ view_parse ] --END-- [ RunTime:0.012001s ]
INFO: [ view_filter ] --START--
INFO: Run Behavior\WriteHtmlCacheBehavior [ RunTime:0.000000s ]
INFO: [ view_filter ] --END-- [ RunTime:0.000000s ]
INFO: [ app_end ] --START--
INFO: Run Behavior\ShowPageTraceBehavior [ RunTime:0.000000s ]
INFO: [ app_end ] --END-- [ RunTime:0.000000s ]

[ 2017-04-27T08:21:11+08:00 ] 127.0.0.1 /index.php?c=index&a=getCount
INFO: [ app_init ] --START--
INFO: Run Behavior\BuildLiteBehavior [ RunTime:0.000000s ]
INFO: [ app_init ] --END-- [ RunTime:0.000000s ]
INFO: [ app_begin ] --START--
INFO: Run Behavior\ReadHtmlCacheBehavior [ RunTime:0.000000s ]
INFO: [ app_begin ] --END-- [ RunTime:0.000000s ]
NOTIC: [2] Declaration of Home\Controller\CommonController::error($message = '') should be compatible with Think\Controller::error($message = '', $jumpUrl = '', $ajax = false) F:\Thinkphp\Application\Home\Controller\CommonController.class.php 第 41 行.
NOTIC: [2] Declaration of Common\Model\BasicModel::save($data = Array) should be compatible with Think\Model::save($data = '', $options = Array) F:\Thinkphp\Application\Common\Model\BasicModel.class.php 第 10 行.
NOTIC: [2] Declaration of Common\Model\BasicModel::select() should be compatible with Think\Model::select($options = Array) F:\Thinkphp\Application\Common\Model\BasicModel.class.php 第 10 行.
NOTIC: [2] Declaration of Common\Model\MenuModel::find($id) should be compatible with Think\Model::find($options = Array) F:\Thinkphp\Application\Common\Model\MenuModel.class.php 第 146 行.
SQL: SHOW COLUMNS FROM `cms_menu` [ RunTime:0.0060s ]
SQL: SELECT * FROM `cms_menu` WHERE `status` = 1 AND `type` = 0 ORDER BY listorder desc,menu_id  [ RunTime:0.0010s ]
NOTIC: [2] Declaration of Common\Model\NewsModel::find($id) should be compatible with Think\Model::find($options = Array) F:\Thinkphp\Application\Common\Model\NewsModel.class.php 第 209 行.
SQL: SHOW COLUMNS FROM `cms_news` [ RunTime:0.0070s ]
SQL: SELECT * FROM `cms_news` WHERE `news_id` IN ('7','6')  [ RunTime:0.0010s ]

[ 2017-04-27T08:21:24+08:00 ] 127.0.0.1 /index.php?c=detail&id=11
INFO: [ app_init ] --START--
INFO: Run Behavior\BuildLiteBehavior [ RunTime:0.000000s ]
INFO: [ app_init ] --END-- [ RunTime:0.000000s ]
INFO: [ app_begin ] --START--
INFO: Run Behavior\ReadHtmlCacheBehavior [ RunTime:0.001000s ]
INFO: [ app_begin ] --END-- [ RunTime:0.001000s ]
NOTIC: [2] Declaration of Home\Controller\CommonController::error($message = '') should be compatible with Think\Controller::error($message = '', $jumpUrl = '', $ajax = false) F:\Thinkphp\Application\Home\Controller\CommonController.class.php 第 41 行.
NOTIC: [2] Declaration of Common\Model\BasicModel::save($data = Array) should be compatible with Think\Model::save($data = '', $options = Array) F:\Thinkphp\Application\Common\Model\BasicModel.class.php 第 10 行.
NOTIC: [2] Declaration of Common\Model\BasicModel::select() should be compatible with Think\Model::select($options = Array) F:\Thinkphp\Application\Common\Model\BasicModel.class.php 第 10 行.
NOTIC: [2] Declaration of Common\Model\MenuModel::find($id) should be compatible with Think\Model::find($options = Array) F:\Thinkphp\Application\Common\Model\MenuModel.class.php 第 146 行.
SQL: SHOW COLUMNS FROM `cms_menu` [ RunTime:0.0090s ]
SQL: SELECT * FROM `cms_menu` WHERE `status` = 1 AND `type` = 0 ORDER BY listorder desc,menu_id  [ RunTime:0.0010s ]
NOTIC: [2] Declaration of Common\Model\NewsModel::find($id) should be compatible with Think\Model::find($options = Array) F:\Thinkphp\Application\Common\Model\NewsModel.class.php 第 209 行.
SQL: SHOW COLUMNS FROM `cms_news` [ RunTime:0.0050s ]
SQL: SELECT * FROM `cms_news` WHERE ( news_id=11 ) LIMIT 1   [ RunTime:0.0010s ]
SQL: UPDATE `cms_news` SET `countnum`='7' WHERE ( news_id=11 ) [ RunTime:0.0000s ]
NOTIC: [2] Declaration of Common\Model\NewsContentModel::find($id) should be compatible with Think\Model::find($options = Array) F:\Thinkphp\Application\Common\Model\NewsContentModel.class.php 第 62 行.
SQL: SHOW COLUMNS FROM `cms_news_content` [ RunTime:0.0200s ]
SQL: SELECT * FROM `cms_news_content` WHERE ( news_id=11 ) LIMIT 1   [ RunTime:0.0300s ]
INFO: [ view_parse ] --START--
INFO: [ template_filter ] --START--
INFO: Run Behavior\ContentReplaceBehavior [ RunTime:0.000000s ]
INFO: [ template_filter ] --END-- [ RunTime:0.000000s ]
NOTIC: [8] Undefined index: count F:\Thinkphp\Application\Runtime\Cache\Home\0d75cb75cd30b13fdd4834afd69acb19.php 第 155 行.
NOTIC: [8] Undefined variable: id F:\Thinkphp\Application\Runtime\Cache\Home\0d75cb75cd30b13fdd4834afd69acb19.php 第 666 行.
NOTIC: [8] Undefined variable: nickname F:\Thinkphp\Application\Runtime\Cache\Home\0d75cb75cd30b13fdd4834afd69acb19.php 第 666 行.
NOTIC: [8] Undefined variable: headimage F:\Thinkphp\Application\Runtime\Cache\Home\0d75cb75cd30b13fdd4834afd69acb19.php 第 668 行.
NOTIC: [8] Undefined variable: nickname F:\Thinkphp\Application\Runtime\Cache\Home\0d75cb75cd30b13fdd4834afd69acb19.php 第 668 行.
NOTIC: [8] Undefined variable: id F:\Thinkphp\Application\Runtime\Cache\Home\0d75cb75cd30b13fdd4834afd69acb19.php 第 672 行.
NOTIC: [8] Undefined variable: score F:\Thinkphp\Application\Runtime\Cache\Home\0d75cb75cd30b13fdd4834afd69acb19.php 第 672 行.
NOTIC: [8] Undefined variable: userid F:\Thinkphp\Application\Runtime\Cache\Home\0d75cb75cd30b13fdd4834afd69acb19.php 第 672 行.
NOTIC: [8] Undefined variable: score F:\Thinkphp\Application\Runtime\Cache\Home\0d75cb75cd30b13fdd4834afd69acb19.php 第 672 行.
NOTIC: [8] Undefined variable: nickname F:\Thinkphp\Application\Runtime\Cache\Home\0d75cb75cd30b13fdd4834afd69acb19.php 第 673 行.
NOTIC: [8] Undefined variable: content F:\Thinkphp\Application\Runtime\Cache\Home\0d75cb75cd30b13fdd4834afd69acb19.php 第 675 行.
NOTIC: [8] Undefined variable: createdate F:\Thinkphp\Application\Runtime\Cache\Home\0d75cb75cd30b13fdd4834afd69acb19.php 第 677 行.
NOTIC: [8] Undefined variable: createdate F:\Thinkphp\Application\Runtime\Cache\Home\0d75cb75cd30b13fdd4834afd69acb19.php 第 677 行.
NOTIC: [8] Undefined variable: id F:\Thinkphp\Application\Runtime\Cache\Home\0d75cb75cd30b13fdd4834afd69acb19.php 第 678 行.
NOTIC: [8] Undefined variable: supportnum F:\Thinkphp\Application\Runtime\Cache\Home\0d75cb75cd30b13fdd4834afd69acb19.php 第 678 行.
NOTIC: [8] Undefined variable: id F:\Thinkphp\Application\Runtime\Cache\Home\0d75cb75cd30b13fdd4834afd69acb19.php 第 679 行.
NOTIC: [8] Undefined variable: opposenum F:\Thinkphp\Application\Runtime\Cache\Home\0d75cb75cd30b13fdd4834afd69acb19.php 第 679 行.
NOTIC: [8] Undefined variable: id F:\Thinkphp\Application\Runtime\Cache\Home\0d75cb75cd30b13fdd4834afd69acb19.php 第 680 行.
NOTIC: [8] Undefined variable: id F:\Thinkphp\Application\Runtime\Cache\Home\0d75cb75cd30b13fdd4834afd69acb19.php 第 680 行.
NOTIC: [8] Undefined variable: userid F:\Thinkphp\Application\Runtime\Cache\Home\0d75cb75cd30b13fdd4834afd69acb19.php 第 680 行.
NOTIC: [8] Undefined variable: commentnum F:\Thinkphp\Application\Runtime\Cache\Home\0d75cb75cd30b13fdd4834afd69acb19.php 第 680 行.
NOTIC: [8] Undefined variable: id F:\Thinkphp\Application\Runtime\Cache\Home\0d75cb75cd30b13fdd4834afd69acb19.php 第 686 行.
NOTIC: [8] Undefined variable: id F:\Thinkphp\Application\Runtime\Cache\Home\0d75cb75cd30b13fdd4834afd69acb19.php 第 686 行.
NOTIC: [8] Undefined variable: id F:\Thinkphp\Application\Runtime\Cache\Home\0d75cb75cd30b13fdd4834afd69acb19.php 第 691 行.
NOTIC: [8] Undefined variable: nickname F:\Thinkphp\Application\Runtime\Cache\Home\0d75cb75cd30b13fdd4834afd69acb19.php 第 691 行.
NOTIC: [8] Undefined variable: headimage F:\Thinkphp\Application\Runtime\Cache\Home\0d75cb75cd30b13fdd4834afd69acb19.php 第 693 行.
NOTIC: [8] Undefined variable: nickname F:\Thinkphp\Application\Runtime\Cache\Home\0d75cb75cd30b13fdd4834afd69acb19.php 第 693 行.
NOTIC: [8] Undefined variable: nickname F:\Thinkphp\Application\Runtime\Cache\Home\0d75cb75cd30b13fdd4834afd69acb19.php 第 696 行.
NOTIC: [8] Undefined variable: rnickname F:\Thinkphp\Application\Runtime\Cache\Home\0d75cb75cd30b13fdd4834afd69acb19.php 第 696 行.
NOTIC: [8] Undefined variable: content F:\Thinkphp\Application\Runtime\Cache\Home\0d75cb75cd30b13fdd4834afd69acb19.php 第 697 行.
NOTIC: [8] Undefined variable: createdate F:\Thinkphp\Application\Runtime\Cache\Home\0d75cb75cd30b13fdd4834afd69acb19.php 第 699 行.
NOTIC: [8] Undefined variable: createdate F:\Thinkphp\Application\Runtime\Cache\Home\0d75cb75cd30b13fdd4834afd69acb19.php 第 699 行.
NOTIC: [8] Undefined variable: cpid F:\Thinkphp\Application\Runtime\Cache\Home\0d75cb75cd30b13fdd4834afd69acb19.php 第 700 行.
NOTIC: [8] Undefined variable: id F:\Thinkphp\Application\Runtime\Cache\Home\0d75cb75cd30b13fdd4834afd69acb19.php 第 700 行.
NOTIC: [8] Undefined variable: userid F:\Thinkphp\Application\Runtime\Cache\Home\0d75cb75cd30b13fdd4834afd69acb19.php 第 700 行.
INFO: Run Behavior\ParseTemplateBehavior [ RunTime:0.011001s ]
INFO: [ view_parse ] --END-- [ RunTime:0.011001s ]
INFO: [ view_filter ] --START--
INFO: Run Behavior\WriteHtmlCacheBehavior [ RunTime:0.001000s ]
INFO: [ view_filter ] --END-- [ RunTime:0.001000s ]
INFO: [ app_end ] --START--
INFO: Run Behavior\ShowPageTraceBehavior [ RunTime:0.001000s ]
INFO: [ app_end ] --END-- [ RunTime:0.001000s ]

[ 2017-04-27T08:21:32+08:00 ] 127.0.0.1 /index.php?c=index&a=getCount
INFO: [ app_init ] --START--
INFO: Run Behavior\BuildLiteBehavior [ RunTime:0.000000s ]
INFO: [ app_init ] --END-- [ RunTime:0.001000s ]
INFO: [ app_begin ] --START--
INFO: Run Behavior\ReadHtmlCacheBehavior [ RunTime:0.001000s ]
INFO: [ app_begin ] --END-- [ RunTime:0.001000s ]
NOTIC: [2] Declaration of Home\Controller\CommonController::error($message = '') should be compatible with Think\Controller::error($message = '', $jumpUrl = '', $ajax = false) F:\Thinkphp\Application\Home\Controller\CommonController.class.php 第 41 行.
NOTIC: [2] Declaration of Common\Model\BasicModel::save($data = Array) should be compatible with Think\Model::save($data = '', $options = Array) F:\Thinkphp\Application\Common\Model\BasicModel.class.php 第 10 行.
NOTIC: [2] Declaration of Common\Model\BasicModel::select() should be compatible with Think\Model::select($options = Array) F:\Thinkphp\Application\Common\Model\BasicModel.class.php 第 10 行.
NOTIC: [2] Declaration of Common\Model\MenuModel::find($id) should be compatible with Think\Model::find($options = Array) F:\Thinkphp\Application\Common\Model\MenuModel.class.php 第 146 行.
SQL: SHOW COLUMNS FROM `cms_menu` [ RunTime:0.0070s ]
SQL: SELECT * FROM `cms_menu` WHERE `status` = 1 AND `type` = 0 ORDER BY listorder desc,menu_id  [ RunTime:0.0010s ]
NOTIC: [2] Declaration of Common\Model\NewsModel::find($id) should be compatible with Think\Model::find($options = Array) F:\Thinkphp\Application\Common\Model\NewsModel.class.php 第 209 行.
SQL: SHOW COLUMNS FROM `cms_news` [ RunTime:0.0060s ]
SQL: SELECT * FROM `cms_news` WHERE `news_id` IN ('7','6')  [ RunTime:0.0010s ]

[ 2017-04-27T08:22:32+08:00 ] 127.0.0.1 /index.php?c=detail&id=6
INFO: [ app_init ] --START--
INFO: Run Behavior\BuildLiteBehavior [ RunTime:0.000000s ]
INFO: [ app_init ] --END-- [ RunTime:0.007001s ]
INFO: [ app_begin ] --START--
INFO: Run Behavior\ReadHtmlCacheBehavior [ RunTime:0.001000s ]
INFO: [ app_begin ] --END-- [ RunTime:0.001000s ]
NOTIC: [2] Declaration of Home\Controller\CommonController::error($message = '') should be compatible with Think\Controller::error($message = '', $jumpUrl = '', $ajax = false) F:\Thinkphp\Application\Home\Controller\CommonController.class.php 第 41 行.
NOTIC: [2] Declaration of Common\Model\BasicModel::save($data = Array) should be compatible with Think\Model::save($data = '', $options = Array) F:\Thinkphp\Application\Common\Model\BasicModel.class.php 第 10 行.
NOTIC: [2] Declaration of Common\Model\BasicModel::select() should be compatible with Think\Model::select($options = Array) F:\Thinkphp\Application\Common\Model\BasicModel.class.php 第 10 行.
NOTIC: [2] Declaration of Common\Model\MenuModel::find($id) should be compatible with Think\Model::find($options = Array) F:\Thinkphp\Application\Common\Model\MenuModel.class.php 第 146 行.
SQL: SHOW COLUMNS FROM `cms_menu` [ RunTime:0.0070s ]
SQL: SELECT * FROM `cms_menu` WHERE `status` = 1 AND `type` = 0 ORDER BY listorder desc,menu_id  [ RunTime:0.0010s ]
NOTIC: [2] Declaration of Common\Model\NewsModel::find($id) should be compatible with Think\Model::find($options = Array) F:\Thinkphp\Application\Common\Model\NewsModel.class.php 第 209 行.
SQL: SHOW COLUMNS FROM `cms_news` [ RunTime:0.0130s ]
SQL: SELECT * FROM `cms_news` WHERE ( news_id=6 ) LIMIT 1   [ RunTime:0.0020s ]
SQL: UPDATE `cms_news` SET `countnum`='3' WHERE ( news_id=6 ) [ RunTime:0.0010s ]
NOTIC: [2] Declaration of Common\Model\NewsContentModel::find($id) should be compatible with Think\Model::find($options = Array) F:\Thinkphp\Application\Common\Model\NewsContentModel.class.php 第 62 行.
SQL: SHOW COLUMNS FROM `cms_news_content` [ RunTime:0.0070s ]
SQL: SELECT * FROM `cms_news_content` WHERE ( news_id=6 ) LIMIT 1   [ RunTime:0.0540s ]
INFO: [ view_parse ] --START--
INFO: [ template_filter ] --START--
INFO: Run Behavior\ContentReplaceBehavior [ RunTime:0.000000s ]
INFO: [ template_filter ] --END-- [ RunTime:0.000000s ]
NOTIC: [8] Undefined index: count F:\Thinkphp\Application\Runtime\Cache\Home\0d75cb75cd30b13fdd4834afd69acb19.php 第 155 行.
NOTIC: [8] Undefined variable: id F:\Thinkphp\Application\Runtime\Cache\Home\0d75cb75cd30b13fdd4834afd69acb19.php 第 666 行.
NOTIC: [8] Undefined variable: nickname F:\Thinkphp\Application\Runtime\Cache\Home\0d75cb75cd30b13fdd4834afd69acb19.php 第 666 行.
NOTIC: [8] Undefined variable: headimage F:\Thinkphp\Application\Runtime\Cache\Home\0d75cb75cd30b13fdd4834afd69acb19.php 第 668 行.
NOTIC: [8] Undefined variable: nickname F:\Thinkphp\Application\Runtime\Cache\Home\0d75cb75cd30b13fdd4834afd69acb19.php 第 668 行.
NOTIC: [8] Undefined variable: id F:\Thinkphp\Application\Runtime\Cache\Home\0d75cb75cd30b13fdd4834afd69acb19.php 第 672 行.
NOTIC: [8] Undefined variable: score F:\Thinkphp\Application\Runtime\Cache\Home\0d75cb75cd30b13fdd4834afd69acb19.php 第 672 行.
NOTIC: [8] Undefined variable: userid F:\Thinkphp\Application\Runtime\Cache\Home\0d75cb75cd30b13fdd4834afd69acb19.php 第 672 行.
NOTIC: [8] Undefined variable: score F:\Thinkphp\Application\Runtime\Cache\Home\0d75cb75cd30b13fdd4834afd69acb19.php 第 672 行.
NOTIC: [8] Undefined variable: nickname F:\Thinkphp\Application\Runtime\Cache\Home\0d75cb75cd30b13fdd4834afd69acb19.php 第 673 行.
NOTIC: [8] Undefined variable: content F:\Thinkphp\Application\Runtime\Cache\Home\0d75cb75cd30b13fdd4834afd69acb19.php 第 675 行.
NOTIC: [8] Undefined variable: createdate F:\Thinkphp\Application\Runtime\Cache\Home\0d75cb75cd30b13fdd4834afd69acb19.php 第 677 行.
NOTIC: [8] Undefined variable: createdate F:\Thinkphp\Application\Runtime\Cache\Home\0d75cb75cd30b13fdd4834afd69acb19.php 第 677 行.
NOTIC: [8] Undefined variable: id F:\Thinkphp\Application\Runtime\Cache\Home\0d75cb75cd30b13fdd4834afd69acb19.php 第 678 行.
NOTIC: [8] Undefined variable: supportnum F:\Thinkphp\Application\Runtime\Cache\Home\0d75cb75cd30b13fdd4834afd69acb19.php 第 678 行.
NOTIC: [8] Undefined variable: id F:\Thinkphp\Application\Runtime\Cache\Home\0d75cb75cd30b13fdd4834afd69acb19.php 第 679 行.
NOTIC: [8] Undefined variable: opposenum F:\Thinkphp\Application\Runtime\Cache\Home\0d75cb75cd30b13fdd4834afd69acb19.php 第 679 行.
NOTIC: [8] Undefined variable: id F:\Thinkphp\Application\Runtime\Cache\Home\0d75cb75cd30b13fdd4834afd69acb19.php 第 680 行.
NOTIC: [8] Undefined variable: id F:\Thinkphp\Application\Runtime\Cache\Home\0d75cb75cd30b13fdd4834afd69acb19.php 第 680 行.
NOTIC: [8] Undefined variable: userid F:\Thinkphp\Application\Runtime\Cache\Home\0d75cb75cd30b13fdd4834afd69acb19.php 第 680 行.
NOTIC: [8] Undefined variable: commentnum F:\Thinkphp\Application\Runtime\Cache\Home\0d75cb75cd30b13fdd4834afd69acb19.php 第 680 行.
NOTIC: [8] Undefined variable: id F:\Thinkphp\Application\Runtime\Cache\Home\0d75cb75cd30b13fdd4834afd69acb19.php 第 686 行.
NOTIC: [8] Undefined variable: id F:\Thinkphp\Application\Runtime\Cache\Home\0d75cb75cd30b13fdd4834afd69acb19.php 第 686 行.
NOTIC: [8] Undefined variable: id F:\Thinkphp\Application\Runtime\Cache\Home\0d75cb75cd30b13fdd4834afd69acb19.php 第 691 行.
NOTIC: [8] Undefined variable: nickname F:\Thinkphp\Application\Runtime\Cache\Home\0d75cb75cd30b13fdd4834afd69acb19.php 第 691 行.
NOTIC: [8] Undefined variable: headimage F:\Thinkphp\Application\Runtime\Cache\Home\0d75cb75cd30b13fdd4834afd69acb19.php 第 693 行.
NOTIC: [8] Undefined variable: nickname F:\Thinkphp\Application\Runtime\Cache\Home\0d75cb75cd30b13fdd4834afd69acb19.php 第 693 行.
NOTIC: [8] Undefined variable: nickname F:\Thinkphp\Application\Runtime\Cache\Home\0d75cb75cd30b13fdd4834afd69acb19.php 第 696 行.
NOTIC: [8] Undefined variable: rnickname F:\Thinkphp\Application\Runtime\Cache\Home\0d75cb75cd30b13fdd4834afd69acb19.php 第 696 行.
NOTIC: [8] Undefined variable: content F:\Thinkphp\Application\Runtime\Cache\Home\0d75cb75cd30b13fdd4834afd69acb19.php 第 697 行.
NOTIC: [8] Undefined variable: createdate F:\Thinkphp\Application\Runtime\Cache\Home\0d75cb75cd30b13fdd4834afd69acb19.php 第 699 行.
NOTIC: [8] Undefined variable: createdate F:\Thinkphp\Application\Runtime\Cache\Home\0d75cb75cd30b13fdd4834afd69acb19.php 第 699 行.
NOTIC: [8] Undefined variable: cpid F:\Thinkphp\Application\Runtime\Cache\Home\0d75cb75cd30b13fdd4834afd69acb19.php 第 700 行.
NOTIC: [8] Undefined variable: id F:\Thinkphp\Application\Runtime\Cache\Home\0d75cb75cd30b13fdd4834afd69acb19.php 第 700 行.
NOTIC: [8] Undefined variable: userid F:\Thinkphp\Application\Runtime\Cache\Home\0d75cb75cd30b13fdd4834afd69acb19.php 第 700 行.
INFO: Run Behavior\ParseTemplateBehavior [ RunTime:0.014000s ]
INFO: [ view_parse ] --END-- [ RunTime:0.014000s ]
INFO: [ view_filter ] --START--
INFO: Run Behavior\WriteHtmlCacheBehavior [ RunTime:0.001001s ]
INFO: [ view_filter ] --END-- [ RunTime:0.001001s ]
INFO: [ app_end ] --START--
INFO: Run Behavior\ShowPageTraceBehavior [ RunTime:0.001000s ]
INFO: [ app_end ] --END-- [ RunTime:0.002000s ]

