[ 2017-07-24T11:17:03+08:00 ] 127.0.0.1 /index.php?c=index&a=getCount
INFO: [ app_init ] --START--
INFO: Run Behavior\BuildLiteBehavior [ RunTime:0.000000s ]
INFO: [ app_init ] --END-- [ RunTime:0.003000s ]
INFO: [ app_begin ] --START--
INFO: Run Behavior\ReadHtmlCacheBehavior [ RunTime:0.003000s ]
INFO: [ app_begin ] --END-- [ RunTime:0.004000s ]
NOTIC: [2] Declaration of Home\Controller\CommonController::error($message = '') should be compatible with Think\Controller::error($message = '', $jumpUrl = '', $ajax = false) F:\Thinkphp\Application\Home\Controller\CommonController.class.php 第 41 行.
NOTIC: [2] Declaration of Common\Model\BasicModel::save($data = Array) should be compatible with Think\Model::save($data = '', $options = Array) F:\Thinkphp\Application\Common\Model\BasicModel.class.php 第 10 行.
NOTIC: [2] Declaration of Common\Model\BasicModel::select() should be compatible with Think\Model::select($options = Array) F:\Thinkphp\Application\Common\Model\BasicModel.class.php 第 10 行.
NOTIC: [2] Declaration of Common\Model\MenuModel::find($id) should be compatible with Think\Model::find($options = Array) F:\Thinkphp\Application\Common\Model\MenuModel.class.php 第 146 行.
SQL: SHOW COLUMNS FROM `cms_menu` [ RunTime:0.0070s ]
SQL: SELECT * FROM `cms_menu` WHERE `status` = 1 AND `type` = 0 ORDER BY listorder desc,menu_id  [ RunTime:0.0010s ]
NOTIC: [2] Declaration of Common\Model\NewsModel::find($id) should be compatible with Think\Model::find($options = Array) F:\Thinkphp\Application\Common\Model\NewsModel.class.php 第 209 行.
SQL: SHOW COLUMNS FROM `cms_news` [ RunTime:0.0160s ]
SQL: SELECT * FROM `cms_news` WHERE `news_id` IN ('7','6')  [ RunTime:0.0020s ]

[ 2017-07-24T11:17:49+08:00 ] 127.0.0.1 /index.php?c=cat&id=9
INFO: [ app_init ] --START--
INFO: Run Behavior\BuildLiteBehavior [ RunTime:0.000000s ]
INFO: [ app_init ] --END-- [ RunTime:0.001000s ]
INFO: [ app_begin ] --START--
INFO: Run Behavior\ReadHtmlCacheBehavior [ RunTime:0.001000s ]
INFO: [ app_begin ] --END-- [ RunTime:0.002000s ]
NOTIC: [2] Declaration of Home\Controller\CommonController::error($message = '') should be compatible with Think\Controller::error($message = '', $jumpUrl = '', $ajax = false) F:\Thinkphp\Application\Home\Controller\CommonController.class.php 第 41 行.
NOTIC: [2] Declaration of Common\Model\BasicModel::save($data = Array) should be compatible with Think\Model::save($data = '', $options = Array) F:\Thinkphp\Application\Common\Model\BasicModel.class.php 第 10 行.
NOTIC: [2] Declaration of Common\Model\BasicModel::select() should be compatible with Think\Model::select($options = Array) F:\Thinkphp\Application\Common\Model\BasicModel.class.php 第 10 行.
NOTIC: [2] Declaration of Common\Model\MenuModel::find($id) should be compatible with Think\Model::find($options = Array) F:\Thinkphp\Application\Common\Model\MenuModel.class.php 第 146 行.
SQL: SHOW COLUMNS FROM `cms_menu` [ RunTime:0.0140s ]
SQL: SELECT * FROM `cms_menu` WHERE `status` = 1 AND `type` = 0 ORDER BY listorder desc,menu_id  [ RunTime:0.0020s ]
SQL: SELECT * FROM `cms_menu` WHERE ( menu_id=9 ) LIMIT 1   [ RunTime:0.0010s ]
NOTIC: [2] Declaration of Common\Model\NewsModel::find($id) should be compatible with Think\Model::find($options = Array) F:\Thinkphp\Application\Common\Model\NewsModel.class.php 第 209 行.
SQL: SHOW COLUMNS FROM `cms_news` [ RunTime:0.0060s ]
SQL: SELECT * FROM `cms_news` WHERE `status` = 1 ORDER BY countnum desc,news_id desc  LIMIT 10   [ RunTime:0.0010s ]
NOTIC: [8] Undefined index: p F:\Thinkphp\Application\Home\Controller\CatController.class.php 第 23 行.
SQL: SELECT * FROM `cms_news` WHERE `status` <> -1 AND `thumb` <> '' AND `catid` = 9 ORDER BY listorder desc,news_id desc LIMIT 0,2   [ RunTime:0.0010s ]
SQL: SELECT COUNT(*) AS tp_count FROM `cms_news` WHERE `status` <> -1 AND `thumb` <> '' AND `catid` = 9 LIMIT 1   [ RunTime:0.0010s ]
INFO: [ view_parse ] --START--
INFO: [ template_filter ] --START--
INFO: Run Behavior\ContentReplaceBehavior [ RunTime:0.000000s ]
INFO: [ template_filter ] --END-- [ RunTime:0.001000s ]
INFO: Run Behavior\ParseTemplateBehavior [ RunTime:0.076004s ]
INFO: [ view_parse ] --END-- [ RunTime:0.078004s ]
INFO: [ view_filter ] --START--
INFO: Run Behavior\WriteHtmlCacheBehavior [ RunTime:0.002000s ]
INFO: [ view_filter ] --END-- [ RunTime:0.004000s ]
INFO: [ app_end ] --START--
INFO: Run Behavior\ShowPageTraceBehavior [ RunTime:0.001000s ]
INFO: [ app_end ] --END-- [ RunTime:0.004001s ]

[ 2017-07-24T11:17:52+08:00 ] 127.0.0.1 /index.php?c=detail&id=2
INFO: [ app_init ] --START--
INFO: Run Behavior\BuildLiteBehavior [ RunTime:0.001000s ]
INFO: [ app_init ] --END-- [ RunTime:0.002000s ]
INFO: [ app_begin ] --START--
INFO: Run Behavior\ReadHtmlCacheBehavior [ RunTime:0.002000s ]
INFO: [ app_begin ] --END-- [ RunTime:0.003000s ]
NOTIC: [2] Declaration of Home\Controller\CommonController::error($message = '') should be compatible with Think\Controller::error($message = '', $jumpUrl = '', $ajax = false) F:\Thinkphp\Application\Home\Controller\CommonController.class.php 第 41 行.
NOTIC: [2] Declaration of Common\Model\BasicModel::save($data = Array) should be compatible with Think\Model::save($data = '', $options = Array) F:\Thinkphp\Application\Common\Model\BasicModel.class.php 第 10 行.
NOTIC: [2] Declaration of Common\Model\BasicModel::select() should be compatible with Think\Model::select($options = Array) F:\Thinkphp\Application\Common\Model\BasicModel.class.php 第 10 行.
NOTIC: [2] Declaration of Common\Model\MenuModel::find($id) should be compatible with Think\Model::find($options = Array) F:\Thinkphp\Application\Common\Model\MenuModel.class.php 第 146 行.
SQL: SHOW COLUMNS FROM `cms_menu` [ RunTime:0.0060s ]
SQL: SELECT * FROM `cms_menu` WHERE `status` = 1 AND `type` = 0 ORDER BY listorder desc,menu_id  [ RunTime:0.0010s ]
NOTIC: [2] Declaration of Common\Model\NewsModel::find($id) should be compatible with Think\Model::find($options = Array) F:\Thinkphp\Application\Common\Model\NewsModel.class.php 第 209 行.
SQL: SHOW COLUMNS FROM `cms_news` [ RunTime:0.0050s ]
SQL: SELECT * FROM `cms_news` WHERE ( news_id=2 ) LIMIT 1   [ RunTime:0.0010s ]
SQL: UPDATE `cms_news` SET `countnum`='7' WHERE ( news_id=2 ) [ RunTime:0.0020s ]
NOTIC: [2] Declaration of Common\Model\NewsContentModel::find($id) should be compatible with Think\Model::find($options = Array) F:\Thinkphp\Application\Common\Model\NewsContentModel.class.php 第 62 行.
SQL: SHOW COLUMNS FROM `cms_news_content` [ RunTime:0.0520s ]
SQL: SELECT * FROM `cms_news_content` WHERE ( news_id=2 ) LIMIT 1   [ RunTime:0.0130s ]
INFO: [ view_parse ] --START--
INFO: [ template_filter ] --START--
INFO: Run Behavior\ContentReplaceBehavior [ RunTime:0.000000s ]
INFO: [ template_filter ] --END-- [ RunTime:0.002000s ]
NOTIC: [8] Undefined index: count F:\Thinkphp\Application\Runtime\Cache\Home\0d75cb75cd30b13fdd4834afd69acb19.php 第 155 行.
NOTIC: [8] Undefined variable: id F:\Thinkphp\Application\Runtime\Cache\Home\0d75cb75cd30b13fdd4834afd69acb19.php 第 666 行.
NOTIC: [8] Undefined variable: nickname F:\Thinkphp\Application\Runtime\Cache\Home\0d75cb75cd30b13fdd4834afd69acb19.php 第 666 行.
NOTIC: [8] Undefined variable: headimage F:\Thinkphp\Application\Runtime\Cache\Home\0d75cb75cd30b13fdd4834afd69acb19.php 第 668 行.
NOTIC: [8] Undefined variable: nickname F:\Thinkphp\Application\Runtime\Cache\Home\0d75cb75cd30b13fdd4834afd69acb19.php 第 668 行.
NOTIC: [8] Undefined variable: id F:\Thinkphp\Application\Runtime\Cache\Home\0d75cb75cd30b13fdd4834afd69acb19.php 第 672 行.
NOTIC: [8] Undefined variable: score F:\Thinkphp\Application\Runtime\Cache\Home\0d75cb75cd30b13fdd4834afd69acb19.php 第 672 行.
NOTIC: [8] Undefined variable: userid F:\Thinkphp\Application\Runtime\Cache\Home\0d75cb75cd30b13fdd4834afd69acb19.php 第 672 行.
NOTIC: [8] Undefined variable: score F:\Thinkphp\Application\Runtime\Cache\Home\0d75cb75cd30b13fdd4834afd69acb19.php 第 672 行.
NOTIC: [8] Undefined variable: nickname F:\Thinkphp\Application\Runtime\Cache\Home\0d75cb75cd30b13fdd4834afd69acb19.php 第 673 行.
NOTIC: [8] Undefined variable: content F:\Thinkphp\Application\Runtime\Cache\Home\0d75cb75cd30b13fdd4834afd69acb19.php 第 675 行.
NOTIC: [8] Undefined variable: createdate F:\Thinkphp\Application\Runtime\Cache\Home\0d75cb75cd30b13fdd4834afd69acb19.php 第 677 行.
NOTIC: [8] Undefined variable: createdate F:\Thinkphp\Application\Runtime\Cache\Home\0d75cb75cd30b13fdd4834afd69acb19.php 第 677 行.
NOTIC: [8] Undefined variable: id F:\Thinkphp\Application\Runtime\Cache\Home\0d75cb75cd30b13fdd4834afd69acb19.php 第 678 行.
NOTIC: [8] Undefined variable: supportnum F:\Thinkphp\Application\Runtime\Cache\Home\0d75cb75cd30b13fdd4834afd69acb19.php 第 678 行.
NOTIC: [8] Undefined variable: id F:\Thinkphp\Application\Runtime\Cache\Home\0d75cb75cd30b13fdd4834afd69acb19.php 第 679 行.
NOTIC: [8] Undefined variable: opposenum F:\Thinkphp\Application\Runtime\Cache\Home\0d75cb75cd30b13fdd4834afd69acb19.php 第 679 行.
NOTIC: [8] Undefined variable: id F:\Thinkphp\Application\Runtime\Cache\Home\0d75cb75cd30b13fdd4834afd69acb19.php 第 680 行.
NOTIC: [8] Undefined variable: id F:\Thinkphp\Application\Runtime\Cache\Home\0d75cb75cd30b13fdd4834afd69acb19.php 第 680 行.
NOTIC: [8] Undefined variable: userid F:\Thinkphp\Application\Runtime\Cache\Home\0d75cb75cd30b13fdd4834afd69acb19.php 第 680 行.
NOTIC: [8] Undefined variable: commentnum F:\Thinkphp\Application\Runtime\Cache\Home\0d75cb75cd30b13fdd4834afd69acb19.php 第 680 行.
NOTIC: [8] Undefined variable: id F:\Thinkphp\Application\Runtime\Cache\Home\0d75cb75cd30b13fdd4834afd69acb19.php 第 686 行.
NOTIC: [8] Undefined variable: id F:\Thinkphp\Application\Runtime\Cache\Home\0d75cb75cd30b13fdd4834afd69acb19.php 第 686 行.
NOTIC: [8] Undefined variable: id F:\Thinkphp\Application\Runtime\Cache\Home\0d75cb75cd30b13fdd4834afd69acb19.php 第 691 行.
NOTIC: [8] Undefined variable: nickname F:\Thinkphp\Application\Runtime\Cache\Home\0d75cb75cd30b13fdd4834afd69acb19.php 第 691 行.
NOTIC: [8] Undefined variable: headimage F:\Thinkphp\Application\Runtime\Cache\Home\0d75cb75cd30b13fdd4834afd69acb19.php 第 693 行.
NOTIC: [8] Undefined variable: nickname F:\Thinkphp\Application\Runtime\Cache\Home\0d75cb75cd30b13fdd4834afd69acb19.php 第 693 行.
NOTIC: [8] Undefined variable: nickname F:\Thinkphp\Application\Runtime\Cache\Home\0d75cb75cd30b13fdd4834afd69acb19.php 第 696 行.
NOTIC: [8] Undefined variable: rnickname F:\Thinkphp\Application\Runtime\Cache\Home\0d75cb75cd30b13fdd4834afd69acb19.php 第 696 行.
NOTIC: [8] Undefined variable: content F:\Thinkphp\Application\Runtime\Cache\Home\0d75cb75cd30b13fdd4834afd69acb19.php 第 697 行.
NOTIC: [8] Undefined variable: createdate F:\Thinkphp\Application\Runtime\Cache\Home\0d75cb75cd30b13fdd4834afd69acb19.php 第 699 行.
NOTIC: [8] Undefined variable: createdate F:\Thinkphp\Application\Runtime\Cache\Home\0d75cb75cd30b13fdd4834afd69acb19.php 第 699 行.
NOTIC: [8] Undefined variable: cpid F:\Thinkphp\Application\Runtime\Cache\Home\0d75cb75cd30b13fdd4834afd69acb19.php 第 700 行.
NOTIC: [8] Undefined variable: id F:\Thinkphp\Application\Runtime\Cache\Home\0d75cb75cd30b13fdd4834afd69acb19.php 第 700 行.
NOTIC: [8] Undefined variable: userid F:\Thinkphp\Application\Runtime\Cache\Home\0d75cb75cd30b13fdd4834afd69acb19.php 第 700 行.
INFO: Run Behavior\ParseTemplateBehavior [ RunTime:0.200012s ]
INFO: [ view_parse ] --END-- [ RunTime:0.202012s ]
INFO: [ view_filter ] --START--
INFO: Run Behavior\WriteHtmlCacheBehavior [ RunTime:0.003000s ]
INFO: [ view_filter ] --END-- [ RunTime:0.005000s ]
INFO: [ app_end ] --START--
INFO: Run Behavior\ShowPageTraceBehavior [ RunTime:0.005001s ]
INFO: [ app_end ] --END-- [ RunTime:0.008001s ]

