[ 2017-04-20T00:26:06+08:00 ] 127.0.0.1 /admin.php?c=login
INFO: [ app_init ] --START--
INFO: Run Behavior\BuildLiteBehavior [ RunTime:0.000000s ]
INFO: [ app_init ] --END-- [ RunTime:0.156009s ]
INFO: [ app_begin ] --START--
INFO: Run Behavior\ReadHtmlCacheBehavior [ RunTime:0.017001s ]
INFO: [ app_begin ] --END-- [ RunTime:0.017001s ]
INFO: [ view_parse ] --START--
INFO: [ template_filter ] --START--
INFO: Run Behavior\ContentReplaceBehavior [ RunTime:0.027001s ]
INFO: [ template_filter ] --END-- [ RunTime:0.027001s ]
INFO: Run Behavior\ParseTemplateBehavior [ RunTime:0.134008s ]
INFO: [ view_parse ] --END-- [ RunTime:0.134008s ]
INFO: [ view_filter ] --START--
INFO: Run Behavior\WriteHtmlCacheBehavior [ RunTime:0.013001s ]
INFO: [ view_filter ] --END-- [ RunTime:0.013001s ]
INFO: [ app_end ] --START--
INFO: Run Behavior\ShowPageTraceBehavior [ RunTime:0.001000s ]
INFO: [ app_end ] --END-- [ RunTime:0.001000s ]

[ 2017-04-20T00:26:14+08:00 ] 127.0.0.1 /admin.php?c=login&a=check
INFO: [ app_init ] --START--
INFO: Run Behavior\BuildLiteBehavior [ RunTime:0.000000s ]
INFO: [ app_init ] --END-- [ RunTime:0.001000s ]
INFO: [ app_begin ] --START--
INFO: Run Behavior\ReadHtmlCacheBehavior [ RunTime:0.001000s ]
INFO: [ app_begin ] --END-- [ RunTime:0.001000s ]
SQL: SHOW COLUMNS FROM `cms_admin` [ RunTime:0.5110s ]
SQL: SELECT * FROM `cms_admin` WHERE ( username="admin" ) LIMIT 1   [ RunTime:0.1900s ]
SQL: UPDATE `cms_admin` SET `lastlogintime`='1492619174' WHERE ( admin_id=2 ) [ RunTime:0.1600s ]

[ 2017-04-20T00:26:16+08:00 ] 127.0.0.1 /admin.php
INFO: [ app_init ] --START--
INFO: Run Behavior\BuildLiteBehavior [ RunTime:0.000000s ]
INFO: [ app_init ] --END-- [ RunTime:0.000000s ]
INFO: [ app_begin ] --START--
INFO: Run Behavior\ReadHtmlCacheBehavior [ RunTime:0.000000s ]
INFO: [ app_begin ] --END-- [ RunTime:0.000000s ]
NOTIC: [2] Declaration of Common\Model\NewsModel::find($id) should be compatible with Think\Model::find($options = Array) F:\Thinkphp\Application\Common\Model\NewsModel.class.php 第 10 行.
SQL: SHOW COLUMNS FROM `cms_news` [ RunTime:0.1740s ]
SQL: SELECT * FROM `cms_news` WHERE `status` = 1 ORDER BY countnum desc LIMIT 1   [ RunTime:0.0740s ]
SQL: SELECT COUNT(*) AS tp_count FROM `cms_news` WHERE `status` <> -1 LIMIT 1   [ RunTime:0.0310s ]
NOTIC: [2] Declaration of Common\Model\PositionModel::find($id) should be compatible with Think\Model::find($options = Array) F:\Thinkphp\Application\Common\Model\PositionModel.class.php 第 111 行.
SQL: SHOW COLUMNS FROM `cms_position` [ RunTime:0.1060s ]
SQL: SELECT COUNT(*) AS tp_count FROM `cms_position` WHERE `status` = 1 LIMIT 1   [ RunTime:0.0160s ]
SQL: SHOW COLUMNS FROM `cms_admin` [ RunTime:0.0430s ]
SQL: SELECT COUNT(*) AS tp_count FROM `cms_admin` WHERE `status` = 1 AND `lastlogintime` > 1492617600 LIMIT 1   [ RunTime:0.0010s ]
NOTIC: [2] Illegal string offset 'tp_count' F:\Thinkphp\Application\Common\Model\AdminModel.class.php 第 106 行.
INFO: [ view_parse ] --START--
INFO: [ template_filter ] --START--
INFO: Run Behavior\ContentReplaceBehavior [ RunTime:0.000000s ]
INFO: [ template_filter ] --END-- [ RunTime:0.000000s ]
INFO: Run Behavior\ParseTemplateBehavior [ RunTime:0.030002s ]
INFO: [ view_parse ] --END-- [ RunTime:0.030002s ]
INFO: [ view_filter ] --START--
INFO: Run Behavior\WriteHtmlCacheBehavior [ RunTime:0.000000s ]
INFO: [ view_filter ] --END-- [ RunTime:0.000000s ]
INFO: [ app_end ] --START--
INFO: Run Behavior\ShowPageTraceBehavior [ RunTime:0.000000s ]
INFO: [ app_end ] --END-- [ RunTime:0.001000s ]

[ 2017-04-20T00:26:19+08:00 ] 127.0.0.1 /admin.php?c=content
INFO: [ app_init ] --START--
INFO: Run Behavior\BuildLiteBehavior [ RunTime:0.000000s ]
INFO: [ app_init ] --END-- [ RunTime:0.001001s ]
INFO: [ app_begin ] --START--
INFO: Run Behavior\ReadHtmlCacheBehavior [ RunTime:0.000000s ]
INFO: [ app_begin ] --END-- [ RunTime:0.000000s ]
NOTIC: [2] Declaration of Admin\Controller\ContentController::setStatus() should be compatible with Admin\Controller\CommonController::setStatus($data, $models) F:\Thinkphp\Application\Admin\Controller\ContentController.class.php 第 10 行.
NOTIC: [2] Declaration of Admin\Controller\ContentController::listorder() should be compatible with Admin\Controller\CommonController::listorder($model = '') F:\Thinkphp\Application\Admin\Controller\ContentController.class.php 第 10 行.
NOTIC: [8] Undefined index: title F:\Thinkphp\Application\Admin\Controller\ContentController.class.php 第 17 行.
NOTIC: [8] Undefined index: catid F:\Thinkphp\Application\Admin\Controller\ContentController.class.php 第 23 行.
NOTIC: [8] Undefined index: p F:\Thinkphp\Application\Admin\Controller\ContentController.class.php 第 29 行.
NOTIC: [2] Declaration of Common\Model\NewsModel::find($id) should be compatible with Think\Model::find($options = Array) F:\Thinkphp\Application\Common\Model\NewsModel.class.php 第 10 行.
SQL: SHOW COLUMNS FROM `cms_news` [ RunTime:0.0190s ]
SQL: SELECT * FROM `cms_news` WHERE `status` <> -1 ORDER BY listorder desc,news_id desc LIMIT 0,5   [ RunTime:0.0010s ]
SQL: SELECT COUNT(*) AS tp_count FROM `cms_news` WHERE `status` <> -1 LIMIT 1   [ RunTime:0.0000s ]
NOTIC: [2] Declaration of Common\Model\PositionModel::find($id) should be compatible with Think\Model::find($options = Array) F:\Thinkphp\Application\Common\Model\PositionModel.class.php 第 111 行.
SQL: SHOW COLUMNS FROM `cms_position` [ RunTime:0.0180s ]
SQL: SELECT * FROM `cms_position` WHERE `status` = 1 ORDER BY id  [ RunTime:0.0160s ]
NOTIC: [2] Declaration of Common\Model\MenuModel::find($id) should be compatible with Think\Model::find($options = Array) F:\Thinkphp\Application\Common\Model\MenuModel.class.php 第 146 行.
SQL: SHOW COLUMNS FROM `cms_menu` [ RunTime:0.1090s ]
SQL: SELECT * FROM `cms_menu` WHERE `status` = 1 AND `type` = 0 ORDER BY listorder desc,menu_id  [ RunTime:0.0020s ]
INFO: [ view_parse ] --START--
INFO: [ template_filter ] --START--
INFO: Run Behavior\ContentReplaceBehavior [ RunTime:0.001000s ]
INFO: [ template_filter ] --END-- [ RunTime:0.001000s ]
SQL: SELECT * FROM `cms_menu` WHERE `status` <> -1 AND `type` = 1 ORDER BY listorder desc,menu_id  [ RunTime:0.0000s ]
NOTIC: [8] Undefined index: a F:\Thinkphp\Application\Common\Common\function.php 第 63 行.
NOTIC: [8] Undefined index: a F:\Thinkphp\Application\Common\Common\function.php 第 63 行.
NOTIC: [8] Undefined index: a F:\Thinkphp\Application\Common\Common\function.php 第 63 行.
NOTIC: [8] Undefined index: a F:\Thinkphp\Application\Common\Common\function.php 第 63 行.
NOTIC: [8] Undefined index: a F:\Thinkphp\Application\Common\Common\function.php 第 63 行.
NOTIC: [8] Undefined index: a F:\Thinkphp\Application\Common\Common\function.php 第 63 行.
NOTIC: [8] Undefined index: a F:\Thinkphp\Application\Common\Common\function.php 第 63 行.
NOTIC: [8] Undefined variable: menuId F:\Thinkphp\Application\Runtime\Cache\Admin\ccc9ced3ad798311a07cb47b740981c5.php 第 121 行.
NOTIC: [8] Undefined variable: menuId F:\Thinkphp\Application\Runtime\Cache\Admin\ccc9ced3ad798311a07cb47b740981c5.php 第 121 行.
NOTIC: [8] Undefined variable: menuId F:\Thinkphp\Application\Runtime\Cache\Admin\ccc9ced3ad798311a07cb47b740981c5.php 第 121 行.
NOTIC: [8] Undefined variable: menuId F:\Thinkphp\Application\Runtime\Cache\Admin\ccc9ced3ad798311a07cb47b740981c5.php 第 121 行.
NOTIC: [8] Undefined variable: menuId F:\Thinkphp\Application\Runtime\Cache\Admin\ccc9ced3ad798311a07cb47b740981c5.php 第 121 行.
NOTIC: [8] Undefined variable: menuId F:\Thinkphp\Application\Runtime\Cache\Admin\ccc9ced3ad798311a07cb47b740981c5.php 第 121 行.
NOTIC: [8] Undefined variable: menuId F:\Thinkphp\Application\Runtime\Cache\Admin\ccc9ced3ad798311a07cb47b740981c5.php 第 121 行.
INFO: Run Behavior\ParseTemplateBehavior [ RunTime:0.093005s ]
INFO: [ view_parse ] --END-- [ RunTime:0.093005s ]
INFO: [ view_filter ] --START--
INFO: Run Behavior\WriteHtmlCacheBehavior [ RunTime:0.000000s ]
INFO: [ view_filter ] --END-- [ RunTime:0.000000s ]
INFO: [ app_end ] --START--
INFO: Run Behavior\ShowPageTraceBehavior [ RunTime:0.001000s ]
INFO: [ app_end ] --END-- [ RunTime:0.001000s ]

[ 2017-04-20T00:26:21+08:00 ] 127.0.0.1 /admin.php?c=admin
INFO: [ app_init ] --START--
INFO: Run Behavior\BuildLiteBehavior [ RunTime:0.000000s ]
INFO: [ app_init ] --END-- [ RunTime:0.001000s ]
INFO: [ app_begin ] --START--
INFO: Run Behavior\ReadHtmlCacheBehavior [ RunTime:0.001000s ]
INFO: [ app_begin ] --END-- [ RunTime:0.001000s ]
NOTIC: [2] Declaration of Admin\Controller\AdminController::setStatus() should be compatible with Admin\Controller\CommonController::setStatus($data, $models) F:\Thinkphp\Application\Admin\Controller\AdminController.class.php 第 12 行.
SQL: SHOW COLUMNS FROM `cms_admin` [ RunTime:0.0080s ]
SQL: SELECT * FROM `cms_admin` WHERE `status` <> -1 ORDER BY admin_id desc  [ RunTime:0.0230s ]
INFO: [ view_parse ] --START--
INFO: [ template_filter ] --START--
INFO: Run Behavior\ContentReplaceBehavior [ RunTime:0.000000s ]
INFO: [ template_filter ] --END-- [ RunTime:0.000000s ]
NOTIC: [2] Declaration of Common\Model\MenuModel::find($id) should be compatible with Think\Model::find($options = Array) F:\Thinkphp\Application\Common\Model\MenuModel.class.php 第 146 行.
SQL: SHOW COLUMNS FROM `cms_menu` [ RunTime:0.0290s ]
SQL: SELECT * FROM `cms_menu` WHERE `status` <> -1 AND `type` = 1 ORDER BY listorder desc,menu_id  [ RunTime:0.0000s ]
NOTIC: [8] Undefined index: a F:\Thinkphp\Application\Common\Common\function.php 第 63 行.
NOTIC: [8] Undefined index: a F:\Thinkphp\Application\Common\Common\function.php 第 63 行.
NOTIC: [8] Undefined index: a F:\Thinkphp\Application\Common\Common\function.php 第 63 行.
NOTIC: [8] Undefined index: a F:\Thinkphp\Application\Common\Common\function.php 第 63 行.
NOTIC: [8] Undefined index: a F:\Thinkphp\Application\Common\Common\function.php 第 63 行.
NOTIC: [8] Undefined index: a F:\Thinkphp\Application\Common\Common\function.php 第 63 行.
NOTIC: [8] Undefined index: a F:\Thinkphp\Application\Common\Common\function.php 第 63 行.
NOTIC: [8] Undefined variable: pageRes F:\Thinkphp\Application\Runtime\Cache\Admin\b682812e058c4f7cab74d08ab9eabe11.php 第 152 行.
INFO: Run Behavior\ParseTemplateBehavior [ RunTime:0.102006s ]
INFO: [ view_parse ] --END-- [ RunTime:0.102006s ]
INFO: [ view_filter ] --START--
INFO: Run Behavior\WriteHtmlCacheBehavior [ RunTime:0.001000s ]
INFO: [ view_filter ] --END-- [ RunTime:0.001000s ]
INFO: [ app_end ] --START--
INFO: Run Behavior\ShowPageTraceBehavior [ RunTime:0.001000s ]
INFO: [ app_end ] --END-- [ RunTime:0.001000s ]

[ 2017-04-20T00:26:22+08:00 ] 127.0.0.1 /admin.php
INFO: [ app_init ] --START--
INFO: Run Behavior\BuildLiteBehavior [ RunTime:0.000000s ]
INFO: [ app_init ] --END-- [ RunTime:0.001000s ]
INFO: [ app_begin ] --START--
INFO: Run Behavior\ReadHtmlCacheBehavior [ RunTime:0.001000s ]
INFO: [ app_begin ] --END-- [ RunTime:0.001000s ]
NOTIC: [2] Declaration of Common\Model\NewsModel::find($id) should be compatible with Think\Model::find($options = Array) F:\Thinkphp\Application\Common\Model\NewsModel.class.php 第 10 行.
SQL: SHOW COLUMNS FROM `cms_news` [ RunTime:0.0150s ]
SQL: SELECT * FROM `cms_news` WHERE `status` = 1 ORDER BY countnum desc LIMIT 1   [ RunTime:0.0000s ]
SQL: SELECT COUNT(*) AS tp_count FROM `cms_news` WHERE `status` <> -1 LIMIT 1   [ RunTime:0.0010s ]
NOTIC: [2] Declaration of Common\Model\PositionModel::find($id) should be compatible with Think\Model::find($options = Array) F:\Thinkphp\Application\Common\Model\PositionModel.class.php 第 111 行.
SQL: SHOW COLUMNS FROM `cms_position` [ RunTime:0.0140s ]
SQL: SELECT COUNT(*) AS tp_count FROM `cms_position` WHERE `status` = 1 LIMIT 1   [ RunTime:0.0010s ]
SQL: SHOW COLUMNS FROM `cms_admin` [ RunTime:0.0150s ]
SQL: SELECT COUNT(*) AS tp_count FROM `cms_admin` WHERE `status` = 1 AND `lastlogintime` > 1492617600 LIMIT 1   [ RunTime:0.0000s ]
NOTIC: [2] Illegal string offset 'tp_count' F:\Thinkphp\Application\Common\Model\AdminModel.class.php 第 106 行.
INFO: [ view_parse ] --START--
INFO: [ template_filter ] --START--
INFO: Run Behavior\ContentReplaceBehavior [ RunTime:0.000000s ]
INFO: [ template_filter ] --END-- [ RunTime:0.000000s ]
INFO: Run Behavior\ParseTemplateBehavior [ RunTime:0.008000s ]
INFO: [ view_parse ] --END-- [ RunTime:0.008000s ]
INFO: [ view_filter ] --START--
INFO: Run Behavior\WriteHtmlCacheBehavior [ RunTime:0.000000s ]
INFO: [ view_filter ] --END-- [ RunTime:0.000000s ]
INFO: [ app_end ] --START--
INFO: Run Behavior\ShowPageTraceBehavior [ RunTime:0.001000s ]
INFO: [ app_end ] --END-- [ RunTime:0.001000s ]

[ 2017-04-20T00:26:24+08:00 ] 127.0.0.1 /admin.php?c=admin
INFO: [ app_init ] --START--
INFO: Run Behavior\BuildLiteBehavior [ RunTime:0.000000s ]
INFO: [ app_init ] --END-- [ RunTime:0.000000s ]
INFO: [ app_begin ] --START--
INFO: Run Behavior\ReadHtmlCacheBehavior [ RunTime:0.001000s ]
INFO: [ app_begin ] --END-- [ RunTime:0.001000s ]
NOTIC: [2] Declaration of Admin\Controller\AdminController::setStatus() should be compatible with Admin\Controller\CommonController::setStatus($data, $models) F:\Thinkphp\Application\Admin\Controller\AdminController.class.php 第 12 行.
SQL: SHOW COLUMNS FROM `cms_admin` [ RunTime:0.0120s ]
SQL: SELECT * FROM `cms_admin` WHERE `status` <> -1 ORDER BY admin_id desc  [ RunTime:0.0000s ]
INFO: [ view_parse ] --START--
INFO: [ template_filter ] --START--
INFO: Run Behavior\ContentReplaceBehavior [ RunTime:0.000000s ]
INFO: [ template_filter ] --END-- [ RunTime:0.000000s ]
NOTIC: [2] Declaration of Common\Model\MenuModel::find($id) should be compatible with Think\Model::find($options = Array) F:\Thinkphp\Application\Common\Model\MenuModel.class.php 第 146 行.
SQL: SHOW COLUMNS FROM `cms_menu` [ RunTime:0.0130s ]
SQL: SELECT * FROM `cms_menu` WHERE `status` <> -1 AND `type` = 1 ORDER BY listorder desc,menu_id  [ RunTime:0.0010s ]
NOTIC: [8] Undefined index: a F:\Thinkphp\Application\Common\Common\function.php 第 63 行.
NOTIC: [8] Undefined index: a F:\Thinkphp\Application\Common\Common\function.php 第 63 行.
NOTIC: [8] Undefined index: a F:\Thinkphp\Application\Common\Common\function.php 第 63 行.
NOTIC: [8] Undefined index: a F:\Thinkphp\Application\Common\Common\function.php 第 63 行.
NOTIC: [8] Undefined index: a F:\Thinkphp\Application\Common\Common\function.php 第 63 行.
NOTIC: [8] Undefined index: a F:\Thinkphp\Application\Common\Common\function.php 第 63 行.
NOTIC: [8] Undefined index: a F:\Thinkphp\Application\Common\Common\function.php 第 63 行.
NOTIC: [8] Undefined variable: pageRes F:\Thinkphp\Application\Runtime\Cache\Admin\b682812e058c4f7cab74d08ab9eabe11.php 第 152 行.
INFO: Run Behavior\ParseTemplateBehavior [ RunTime:0.035002s ]
INFO: [ view_parse ] --END-- [ RunTime:0.035002s ]
INFO: [ view_filter ] --START--
INFO: Run Behavior\WriteHtmlCacheBehavior [ RunTime:0.001000s ]
INFO: [ view_filter ] --END-- [ RunTime:0.001000s ]
INFO: [ app_end ] --START--
INFO: Run Behavior\ShowPageTraceBehavior [ RunTime:0.002000s ]
INFO: [ app_end ] --END-- [ RunTime:0.002000s ]

[ 2017-04-20T00:26:31+08:00 ] 127.0.0.1 /admin.php?c=positioncontent
INFO: [ app_init ] --START--
INFO: Run Behavior\BuildLiteBehavior [ RunTime:0.000000s ]
INFO: [ app_init ] --END-- [ RunTime:0.001000s ]
INFO: [ app_begin ] --START--
INFO: Run Behavior\ReadHtmlCacheBehavior [ RunTime:0.001000s ]
INFO: [ app_begin ] --END-- [ RunTime:0.001000s ]
NOTIC: [2] Declaration of Admin\Controller\PositioncontentController::setStatus() should be compatible with Admin\Controller\CommonController::setStatus($data, $models) F:\Thinkphp\Application\Admin\Controller\PositioncontentController.class.php 第 12 行.
NOTIC: [2] Declaration of Admin\Controller\PositioncontentController::listorder() should be compatible with Admin\Controller\CommonController::listorder($model = '') F:\Thinkphp\Application\Admin\Controller\PositioncontentController.class.php 第 12 行.
NOTIC: [2] Declaration of Common\Model\PositionModel::find($id) should be compatible with Think\Model::find($options = Array) F:\Thinkphp\Application\Common\Model\PositionModel.class.php 第 9 行.
SQL: SHOW COLUMNS FROM `cms_position` [ RunTime:0.0180s ]
SQL: SELECT * FROM `cms_position` WHERE `status` = 1 ORDER BY id  [ RunTime:0.0000s ]
NOTIC: [8] Undefined index: title F:\Thinkphp\Application\Admin\Controller\PositioncontentController.class.php 第 20 行.
NOTIC: [8] Undefined index: position_id F:\Thinkphp\Application\Admin\Controller\PositioncontentController.class.php 第 26 行.
NOTIC: [2] Declaration of Common\Model\PositionContentModel::find($id) should be compatible with Think\Model::find($options = Array) F:\Thinkphp\Application\Common\Model\PositionContentModel.class.php 第 113 行.
SQL: SHOW COLUMNS FROM `cms_position_content` [ RunTime:0.0530s ]
NOTIC: [8] Undefined index: title F:\Thinkphp\Application\Common\Model\PositionContentModel.class.php 第 42 行.
SQL: SELECT * FROM `cms_position_content` WHERE `status` <> -1 AND `position_id` = 1 ORDER BY listorder desc,id desc  [ RunTime:0.0130s ]
INFO: [ view_parse ] --START--
INFO: [ template_filter ] --START--
INFO: Run Behavior\ContentReplaceBehavior [ RunTime:0.000000s ]
INFO: [ template_filter ] --END-- [ RunTime:0.000000s ]
NOTIC: [2] Declaration of Common\Model\MenuModel::find($id) should be compatible with Think\Model::find($options = Array) F:\Thinkphp\Application\Common\Model\MenuModel.class.php 第 146 行.
SQL: SHOW COLUMNS FROM `cms_menu` [ RunTime:0.0210s ]
SQL: SELECT * FROM `cms_menu` WHERE `status` <> -1 AND `type` = 1 ORDER BY listorder desc,menu_id  [ RunTime:0.0000s ]
NOTIC: [8] Undefined variable: index F:\Thinkphp\Application\Runtime\Cache\Admin\b8a8b9d170e6c07d7b463ea02385894d.php 第 99 行.
NOTIC: [8] Undefined index: a F:\Thinkphp\Application\Common\Common\function.php 第 63 行.
NOTIC: [8] Undefined index: a F:\Thinkphp\Application\Common\Common\function.php 第 63 行.
NOTIC: [8] Undefined index: a F:\Thinkphp\Application\Common\Common\function.php 第 63 行.
NOTIC: [8] Undefined index: a F:\Thinkphp\Application\Common\Common\function.php 第 63 行.
NOTIC: [8] Undefined index: a F:\Thinkphp\Application\Common\Common\function.php 第 63 行.
NOTIC: [8] Undefined index: a F:\Thinkphp\Application\Common\Common\function.php 第 63 行.
NOTIC: [8] Undefined index: a F:\Thinkphp\Application\Common\Common\function.php 第 63 行.
NOTIC: [8] Undefined variable: title F:\Thinkphp\Application\Runtime\Cache\Admin\b8a8b9d170e6c07d7b463ea02385894d.php 第 130 行.
INFO: Run Behavior\ParseTemplateBehavior [ RunTime:0.085005s ]
INFO: [ view_parse ] --END-- [ RunTime:0.085005s ]
INFO: [ view_filter ] --START--
INFO: Run Behavior\WriteHtmlCacheBehavior [ RunTime:0.000000s ]
INFO: [ view_filter ] --END-- [ RunTime:0.000000s ]
INFO: [ app_end ] --START--
INFO: Run Behavior\ShowPageTraceBehavior [ RunTime:0.001000s ]
INFO: [ app_end ] --END-- [ RunTime:0.001000s ]

[ 2017-04-20T00:26:44+08:00 ] 127.0.0.1 /admin.php?position_id=2&c=positioncontent&a=index&title=
INFO: [ app_init ] --START--
INFO: Run Behavior\BuildLiteBehavior [ RunTime:0.000000s ]
INFO: [ app_init ] --END-- [ RunTime:0.000000s ]
INFO: [ app_begin ] --START--
INFO: Run Behavior\ReadHtmlCacheBehavior [ RunTime:0.001000s ]
INFO: [ app_begin ] --END-- [ RunTime:0.001000s ]
NOTIC: [2] Declaration of Admin\Controller\PositioncontentController::setStatus() should be compatible with Admin\Controller\CommonController::setStatus($data, $models) F:\Thinkphp\Application\Admin\Controller\PositioncontentController.class.php 第 12 行.
NOTIC: [2] Declaration of Admin\Controller\PositioncontentController::listorder() should be compatible with Admin\Controller\CommonController::listorder($model = '') F:\Thinkphp\Application\Admin\Controller\PositioncontentController.class.php 第 12 行.
NOTIC: [2] Declaration of Common\Model\PositionModel::find($id) should be compatible with Think\Model::find($options = Array) F:\Thinkphp\Application\Common\Model\PositionModel.class.php 第 9 行.
SQL: SHOW COLUMNS FROM `cms_position` [ RunTime:0.0080s ]
SQL: SELECT * FROM `cms_position` WHERE `status` = 1 ORDER BY id  [ RunTime:0.0010s ]
NOTIC: [2] Declaration of Common\Model\PositionContentModel::find($id) should be compatible with Think\Model::find($options = Array) F:\Thinkphp\Application\Common\Model\PositionContentModel.class.php 第 113 行.
SQL: SHOW COLUMNS FROM `cms_position_content` [ RunTime:0.0150s ]
NOTIC: [8] Undefined index: title F:\Thinkphp\Application\Common\Model\PositionContentModel.class.php 第 42 行.
SQL: SELECT * FROM `cms_position_content` WHERE `status` <> -1 AND `position_id` = 2 ORDER BY listorder desc,id desc  [ RunTime:0.0000s ]
INFO: [ view_parse ] --START--
INFO: [ template_filter ] --START--
INFO: Run Behavior\ContentReplaceBehavior [ RunTime:0.023002s ]
INFO: [ template_filter ] --END-- [ RunTime:0.023002s ]
NOTIC: [2] Declaration of Common\Model\MenuModel::find($id) should be compatible with Think\Model::find($options = Array) F:\Thinkphp\Application\Common\Model\MenuModel.class.php 第 146 行.
SQL: SHOW COLUMNS FROM `cms_menu` [ RunTime:0.0120s ]
SQL: SELECT * FROM `cms_menu` WHERE `status` <> -1 AND `type` = 1 ORDER BY listorder desc,menu_id  [ RunTime:0.0000s ]
NOTIC: [8] Undefined variable: index F:\Thinkphp\Application\Runtime\Cache\Admin\b8a8b9d170e6c07d7b463ea02385894d.php 第 99 行.
NOTIC: [8] Undefined index: a F:\Thinkphp\Application\Common\Common\function.php 第 63 行.
NOTIC: [8] Undefined index: a F:\Thinkphp\Application\Common\Common\function.php 第 63 行.
NOTIC: [8] Undefined index: a F:\Thinkphp\Application\Common\Common\function.php 第 63 行.
NOTIC: [8] Undefined index: a F:\Thinkphp\Application\Common\Common\function.php 第 63 行.
NOTIC: [8] Undefined index: a F:\Thinkphp\Application\Common\Common\function.php 第 63 行.
NOTIC: [8] Undefined index: a F:\Thinkphp\Application\Common\Common\function.php 第 63 行.
NOTIC: [8] Undefined index: a F:\Thinkphp\Application\Common\Common\function.php 第 63 行.
NOTIC: [8] Undefined variable: title F:\Thinkphp\Application\Runtime\Cache\Admin\b8a8b9d170e6c07d7b463ea02385894d.php 第 130 行.
INFO: Run Behavior\ParseTemplateBehavior [ RunTime:0.046003s ]
INFO: [ view_parse ] --END-- [ RunTime:0.046003s ]
INFO: [ view_filter ] --START--
INFO: Run Behavior\WriteHtmlCacheBehavior [ RunTime:0.001000s ]
INFO: [ view_filter ] --END-- [ RunTime:0.001000s ]
INFO: [ app_end ] --START--
INFO: Run Behavior\ShowPageTraceBehavior [ RunTime:0.000000s ]
INFO: [ app_end ] --END-- [ RunTime:0.000000s ]

[ 2017-04-20T00:26:49+08:00 ] 127.0.0.1 /admin.php?c=menu
INFO: [ app_init ] --START--
INFO: Run Behavior\BuildLiteBehavior [ RunTime:0.000000s ]
INFO: [ app_init ] --END-- [ RunTime:0.001000s ]
INFO: [ app_begin ] --START--
INFO: Run Behavior\ReadHtmlCacheBehavior [ RunTime:0.001000s ]
INFO: [ app_begin ] --END-- [ RunTime:0.001000s ]
NOTIC: [2] Declaration of Admin\Controller\MenuController::setStatus() should be compatible with Admin\Controller\CommonController::setStatus($data, $models) F:\Thinkphp\Application\Admin\Controller\MenuController.class.php 第 11 行.
NOTIC: [2] Declaration of Admin\Controller\MenuController::listorder() should be compatible with Admin\Controller\CommonController::listorder($model = '') F:\Thinkphp\Application\Admin\Controller\MenuController.class.php 第 11 行.
NOTIC: [8] Undefined index: p F:\Thinkphp\Application\Admin\Controller\MenuController.class.php 第 27 行.
NOTIC: [8] Undefined index: pageSize F:\Thinkphp\Application\Admin\Controller\MenuController.class.php 第 28 行.
NOTIC: [2] Declaration of Common\Model\MenuModel::find($id) should be compatible with Think\Model::find($options = Array) F:\Thinkphp\Application\Common\Model\MenuModel.class.php 第 10 行.
SQL: SHOW COLUMNS FROM `cms_menu` [ RunTime:0.0150s ]
SQL: SELECT * FROM `cms_menu` WHERE `status` <> -1 ORDER BY listorder desc,menu_id LIMIT 0,10   [ RunTime:0.0100s ]
SQL: SELECT COUNT(*) AS tp_count FROM `cms_menu` WHERE `status` <> -1 LIMIT 1   [ RunTime:0.0000s ]
INFO: [ view_parse ] --START--
INFO: [ template_filter ] --START--
INFO: Run Behavior\ContentReplaceBehavior [ RunTime:0.000000s ]
INFO: [ template_filter ] --END-- [ RunTime:0.000000s ]
SQL: SELECT * FROM `cms_menu` WHERE `status` <> -1 AND `type` = 1 ORDER BY listorder desc,menu_id  [ RunTime:0.0000s ]
NOTIC: [8] Undefined index: a F:\Thinkphp\Application\Common\Common\function.php 第 63 行.
NOTIC: [8] Undefined index: a F:\Thinkphp\Application\Common\Common\function.php 第 63 行.
NOTIC: [8] Undefined index: a F:\Thinkphp\Application\Common\Common\function.php 第 63 行.
NOTIC: [8] Undefined index: a F:\Thinkphp\Application\Common\Common\function.php 第 63 行.
NOTIC: [8] Undefined index: a F:\Thinkphp\Application\Common\Common\function.php 第 63 行.
NOTIC: [8] Undefined index: a F:\Thinkphp\Application\Common\Common\function.php 第 63 行.
NOTIC: [8] Undefined index: a F:\Thinkphp\Application\Common\Common\function.php 第 63 行.
INFO: Run Behavior\ParseTemplateBehavior [ RunTime:0.038002s ]
INFO: [ view_parse ] --END-- [ RunTime:0.038002s ]
INFO: [ view_filter ] --START--
INFO: Run Behavior\WriteHtmlCacheBehavior [ RunTime:0.000000s ]
INFO: [ view_filter ] --END-- [ RunTime:0.000000s ]
INFO: [ app_end ] --START--
INFO: Run Behavior\ShowPageTraceBehavior [ RunTime:0.002000s ]
INFO: [ app_end ] --END-- [ RunTime:0.002000s ]

[ 2017-04-20T00:26:52+08:00 ] 127.0.0.1 /admin.php?m=Admin&c=Menu&a=index&p=2
INFO: [ app_init ] --START--
INFO: Run Behavior\BuildLiteBehavior [ RunTime:0.000000s ]
INFO: [ app_init ] --END-- [ RunTime:0.001000s ]
INFO: [ app_begin ] --START--
INFO: Run Behavior\ReadHtmlCacheBehavior [ RunTime:0.001000s ]
INFO: [ app_begin ] --END-- [ RunTime:0.001000s ]
NOTIC: [2] Declaration of Admin\Controller\MenuController::setStatus() should be compatible with Admin\Controller\CommonController::setStatus($data, $models) F:\Thinkphp\Application\Admin\Controller\MenuController.class.php 第 11 行.
NOTIC: [2] Declaration of Admin\Controller\MenuController::listorder() should be compatible with Admin\Controller\CommonController::listorder($model = '') F:\Thinkphp\Application\Admin\Controller\MenuController.class.php 第 11 行.
NOTIC: [8] Undefined index: pageSize F:\Thinkphp\Application\Admin\Controller\MenuController.class.php 第 28 行.
NOTIC: [2] Declaration of Common\Model\MenuModel::find($id) should be compatible with Think\Model::find($options = Array) F:\Thinkphp\Application\Common\Model\MenuModel.class.php 第 10 行.
SQL: SHOW COLUMNS FROM `cms_menu` [ RunTime:0.0150s ]
SQL: SELECT * FROM `cms_menu` WHERE `status` <> -1 ORDER BY listorder desc,menu_id LIMIT 10,10   [ RunTime:0.0010s ]
SQL: SELECT COUNT(*) AS tp_count FROM `cms_menu` WHERE `status` <> -1 LIMIT 1   [ RunTime:0.0000s ]
INFO: [ view_parse ] --START--
INFO: [ template_filter ] --START--
INFO: Run Behavior\ContentReplaceBehavior [ RunTime:0.000000s ]
INFO: [ template_filter ] --END-- [ RunTime:0.000000s ]
SQL: SELECT * FROM `cms_menu` WHERE `status` <> -1 AND `type` = 1 ORDER BY listorder desc,menu_id  [ RunTime:0.0000s ]
NOTIC: [8] Undefined index: a F:\Thinkphp\Application\Common\Common\function.php 第 63 行.
NOTIC: [8] Undefined index: a F:\Thinkphp\Application\Common\Common\function.php 第 63 行.
NOTIC: [8] Undefined index: a F:\Thinkphp\Application\Common\Common\function.php 第 63 行.
NOTIC: [8] Undefined index: a F:\Thinkphp\Application\Common\Common\function.php 第 63 行.
NOTIC: [8] Undefined index: a F:\Thinkphp\Application\Common\Common\function.php 第 63 行.
NOTIC: [8] Undefined index: a F:\Thinkphp\Application\Common\Common\function.php 第 63 行.
NOTIC: [8] Undefined index: a F:\Thinkphp\Application\Common\Common\function.php 第 63 行.
INFO: Run Behavior\ParseTemplateBehavior [ RunTime:0.011001s ]
INFO: [ view_parse ] --END-- [ RunTime:0.011001s ]
INFO: [ view_filter ] --START--
INFO: Run Behavior\WriteHtmlCacheBehavior [ RunTime:0.000000s ]
INFO: [ view_filter ] --END-- [ RunTime:0.000000s ]
INFO: [ app_end ] --START--
INFO: Run Behavior\ShowPageTraceBehavior [ RunTime:0.001000s ]
INFO: [ app_end ] --END-- [ RunTime:0.001000s ]

[ 2017-04-20T00:26:55+08:00 ] 127.0.0.1 /admin.php?c=menu
INFO: [ app_init ] --START--
INFO: Run Behavior\BuildLiteBehavior [ RunTime:0.000000s ]
INFO: [ app_init ] --END-- [ RunTime:0.000000s ]
INFO: [ app_begin ] --START--
INFO: Run Behavior\ReadHtmlCacheBehavior [ RunTime:0.001000s ]
INFO: [ app_begin ] --END-- [ RunTime:0.001000s ]
NOTIC: [2] Declaration of Admin\Controller\MenuController::setStatus() should be compatible with Admin\Controller\CommonController::setStatus($data, $models) F:\Thinkphp\Application\Admin\Controller\MenuController.class.php 第 11 行.
NOTIC: [2] Declaration of Admin\Controller\MenuController::listorder() should be compatible with Admin\Controller\CommonController::listorder($model = '') F:\Thinkphp\Application\Admin\Controller\MenuController.class.php 第 11 行.
NOTIC: [8] Undefined index: p F:\Thinkphp\Application\Admin\Controller\MenuController.class.php 第 27 行.
NOTIC: [8] Undefined index: pageSize F:\Thinkphp\Application\Admin\Controller\MenuController.class.php 第 28 行.
NOTIC: [2] Declaration of Common\Model\MenuModel::find($id) should be compatible with Think\Model::find($options = Array) F:\Thinkphp\Application\Common\Model\MenuModel.class.php 第 10 行.
SQL: SHOW COLUMNS FROM `cms_menu` [ RunTime:0.0150s ]
SQL: SELECT * FROM `cms_menu` WHERE `status` <> -1 ORDER BY listorder desc,menu_id LIMIT 0,10   [ RunTime:0.0010s ]
SQL: SELECT COUNT(*) AS tp_count FROM `cms_menu` WHERE `status` <> -1 LIMIT 1   [ RunTime:0.0000s ]
INFO: [ view_parse ] --START--
INFO: [ template_filter ] --START--
INFO: Run Behavior\ContentReplaceBehavior [ RunTime:0.000000s ]
INFO: [ template_filter ] --END-- [ RunTime:0.000000s ]
SQL: SELECT * FROM `cms_menu` WHERE `status` <> -1 AND `type` = 1 ORDER BY listorder desc,menu_id  [ RunTime:0.0000s ]
NOTIC: [8] Undefined index: a F:\Thinkphp\Application\Common\Common\function.php 第 63 行.
NOTIC: [8] Undefined index: a F:\Thinkphp\Application\Common\Common\function.php 第 63 行.
NOTIC: [8] Undefined index: a F:\Thinkphp\Application\Common\Common\function.php 第 63 行.
NOTIC: [8] Undefined index: a F:\Thinkphp\Application\Common\Common\function.php 第 63 行.
NOTIC: [8] Undefined index: a F:\Thinkphp\Application\Common\Common\function.php 第 63 行.
NOTIC: [8] Undefined index: a F:\Thinkphp\Application\Common\Common\function.php 第 63 行.
NOTIC: [8] Undefined index: a F:\Thinkphp\Application\Common\Common\function.php 第 63 行.
INFO: Run Behavior\ParseTemplateBehavior [ RunTime:0.010000s ]
INFO: [ view_parse ] --END-- [ RunTime:0.010000s ]
INFO: [ view_filter ] --START--
INFO: Run Behavior\WriteHtmlCacheBehavior [ RunTime:0.000000s ]
INFO: [ view_filter ] --END-- [ RunTime:0.000000s ]
INFO: [ app_end ] --START--
INFO: Run Behavior\ShowPageTraceBehavior [ RunTime:0.001000s ]
INFO: [ app_end ] --END-- [ RunTime:0.001000s ]

