[ 2017-05-30T22:13:53+08:00 ] 127.0.0.1 /admin.php?c=login
INFO: [ app_init ] --START--
INFO: Run Behavior\BuildLiteBehavior [ RunTime:0.001000s ]
INFO: [ app_init ] --END-- [ RunTime:0.105006s ]
INFO: [ app_begin ] --START--
INFO: Run Behavior\ReadHtmlCacheBehavior [ RunTime:0.015001s ]
INFO: [ app_begin ] --END-- [ RunTime:0.015001s ]
INFO: [ view_parse ] --START--
INFO: [ template_filter ] --START--
INFO: Run Behavior\ContentReplaceBehavior [ RunTime:0.051003s ]
INFO: [ template_filter ] --END-- [ RunTime:0.054003s ]
INFO: Run Behavior\ParseTemplateBehavior [ RunTime:0.254015s ]
INFO: [ view_parse ] --END-- [ RunTime:0.256015s ]
INFO: [ view_filter ] --START--
INFO: Run Behavior\WriteHtmlCacheBehavior [ RunTime:0.031002s ]
INFO: [ view_filter ] --END-- [ RunTime:0.033002s ]
INFO: [ app_end ] --START--
INFO: Run Behavior\ShowPageTraceBehavior [ RunTime:0.015001s ]
INFO: [ app_end ] --END-- [ RunTime:0.017001s ]

[ 2017-05-30T22:14:00+08:00 ] 127.0.0.1 /admin.php?c=login&a=check
INFO: [ app_init ] --START--
INFO: Run Behavior\BuildLiteBehavior [ RunTime:0.000000s ]
INFO: [ app_init ] --END-- [ RunTime:0.060003s ]
INFO: [ app_begin ] --START--
INFO: Run Behavior\ReadHtmlCacheBehavior [ RunTime:0.002000s ]
INFO: [ app_begin ] --END-- [ RunTime:0.002000s ]
SQL: SHOW COLUMNS FROM `cms_admin` [ RunTime:0.1230s ]
SQL: SELECT * FROM `cms_admin` WHERE ( username="admin" ) LIMIT 1   [ RunTime:0.0160s ]
SQL: UPDATE `cms_admin` SET `lastlogintime`='1496153640' WHERE ( admin_id=2 ) [ RunTime:0.0010s ]

[ 2017-05-30T22:14:02+08:00 ] 127.0.0.1 /admin.php
INFO: [ app_init ] --START--
INFO: Run Behavior\BuildLiteBehavior [ RunTime:0.000000s ]
INFO: [ app_init ] --END-- [ RunTime:0.001000s ]
INFO: [ app_begin ] --START--
INFO: Run Behavior\ReadHtmlCacheBehavior [ RunTime:0.002000s ]
INFO: [ app_begin ] --END-- [ RunTime:0.003000s ]
NOTIC: [2] Declaration of Common\Model\NewsModel::find($id) should be compatible with Think\Model::find($options = Array) F:\Thinkphp\Application\Common\Model\NewsModel.class.php 第 10 行.
SQL: SHOW COLUMNS FROM `cms_news` [ RunTime:0.0690s ]
SQL: SELECT * FROM `cms_news` WHERE `status` = 1 ORDER BY countnum desc LIMIT 1   [ RunTime:0.0180s ]
SQL: SELECT COUNT(*) AS tp_count FROM `cms_news` WHERE `status` <> -1 LIMIT 1   [ RunTime:0.0260s ]
NOTIC: [2] Declaration of Common\Model\PositionModel::find($id) should be compatible with Think\Model::find($options = Array) F:\Thinkphp\Application\Common\Model\PositionModel.class.php 第 111 行.
SQL: SHOW COLUMNS FROM `cms_position` [ RunTime:0.0710s ]
SQL: SELECT COUNT(*) AS tp_count FROM `cms_position` WHERE `status` = 1 LIMIT 1   [ RunTime:0.0130s ]
SQL: SHOW COLUMNS FROM `cms_admin` [ RunTime:0.0150s ]
SQL: SELECT COUNT(*) AS tp_count FROM `cms_admin` WHERE `status` = 1 AND `lastlogintime` > 1496073600 LIMIT 1   [ RunTime:0.0010s ]
NOTIC: [2] Illegal string offset 'tp_count' F:\Thinkphp\Application\Common\Model\AdminModel.class.php 第 106 行.
INFO: [ view_parse ] --START--
INFO: [ template_filter ] --START--
INFO: Run Behavior\ContentReplaceBehavior [ RunTime:0.000000s ]
INFO: [ template_filter ] --END-- [ RunTime:0.002000s ]
INFO: Run Behavior\ParseTemplateBehavior [ RunTime:0.059003s ]
INFO: [ view_parse ] --END-- [ RunTime:0.061003s ]
INFO: [ view_filter ] --START--
INFO: Run Behavior\WriteHtmlCacheBehavior [ RunTime:0.001000s ]
INFO: [ view_filter ] --END-- [ RunTime:0.002000s ]
INFO: [ app_end ] --START--
INFO: Run Behavior\ShowPageTraceBehavior [ RunTime:0.001000s ]
INFO: [ app_end ] --END-- [ RunTime:0.002000s ]

[ 2017-05-30T22:14:06+08:00 ] 127.0.0.1 /admin.php?c=content
INFO: [ app_init ] --START--
INFO: Run Behavior\BuildLiteBehavior [ RunTime:0.000000s ]
INFO: [ app_init ] --END-- [ RunTime:0.001000s ]
INFO: [ app_begin ] --START--
INFO: Run Behavior\ReadHtmlCacheBehavior [ RunTime:0.001000s ]
INFO: [ app_begin ] --END-- [ RunTime:0.002000s ]
NOTIC: [2] Declaration of Admin\Controller\ContentController::setStatus() should be compatible with Admin\Controller\CommonController::setStatus($data, $models) F:\Thinkphp\Application\Admin\Controller\ContentController.class.php 第 10 行.
NOTIC: [2] Declaration of Admin\Controller\ContentController::listorder() should be compatible with Admin\Controller\CommonController::listorder($model = '') F:\Thinkphp\Application\Admin\Controller\ContentController.class.php 第 10 行.
NOTIC: [8] Undefined index: title F:\Thinkphp\Application\Admin\Controller\ContentController.class.php 第 17 行.
NOTIC: [8] Undefined index: catid F:\Thinkphp\Application\Admin\Controller\ContentController.class.php 第 23 行.
NOTIC: [8] Undefined index: p F:\Thinkphp\Application\Admin\Controller\ContentController.class.php 第 29 行.
NOTIC: [2] Declaration of Common\Model\NewsModel::find($id) should be compatible with Think\Model::find($options = Array) F:\Thinkphp\Application\Common\Model\NewsModel.class.php 第 10 行.
SQL: SHOW COLUMNS FROM `cms_news` [ RunTime:0.0180s ]
SQL: SELECT * FROM `cms_news` WHERE `status` <> -1 ORDER BY listorder desc,news_id desc LIMIT 0,5   [ RunTime:0.0010s ]
SQL: SELECT COUNT(*) AS tp_count FROM `cms_news` WHERE `status` <> -1 LIMIT 1   [ RunTime:0.0000s ]
NOTIC: [2] Declaration of Common\Model\PositionModel::find($id) should be compatible with Think\Model::find($options = Array) F:\Thinkphp\Application\Common\Model\PositionModel.class.php 第 111 行.
SQL: SHOW COLUMNS FROM `cms_position` [ RunTime:0.0180s ]
SQL: SELECT * FROM `cms_position` WHERE `status` = 1 ORDER BY id  [ RunTime:0.0010s ]
NOTIC: [2] Declaration of Common\Model\MenuModel::find($id) should be compatible with Think\Model::find($options = Array) F:\Thinkphp\Application\Common\Model\MenuModel.class.php 第 146 行.
SQL: SHOW COLUMNS FROM `cms_menu` [ RunTime:0.0880s ]
SQL: SELECT * FROM `cms_menu` WHERE `status` = 1 AND `type` = 0 ORDER BY listorder desc,menu_id  [ RunTime:0.0030s ]
INFO: [ view_parse ] --START--
INFO: [ template_filter ] --START--
INFO: Run Behavior\ContentReplaceBehavior [ RunTime:0.001000s ]
INFO: [ template_filter ] --END-- [ RunTime:0.001000s ]
SQL: SELECT * FROM `cms_menu` WHERE `status` <> -1 AND `type` = 1 ORDER BY listorder desc,menu_id  [ RunTime:0.0010s ]
NOTIC: [8] Undefined index: a F:\Thinkphp\Application\Common\Common\function.php 第 63 行.
NOTIC: [8] Undefined index: a F:\Thinkphp\Application\Common\Common\function.php 第 63 行.
NOTIC: [8] Undefined index: a F:\Thinkphp\Application\Common\Common\function.php 第 63 行.
NOTIC: [8] Undefined index: a F:\Thinkphp\Application\Common\Common\function.php 第 63 行.
NOTIC: [8] Undefined index: a F:\Thinkphp\Application\Common\Common\function.php 第 63 行.
NOTIC: [8] Undefined index: a F:\Thinkphp\Application\Common\Common\function.php 第 63 行.
NOTIC: [8] Undefined index: a F:\Thinkphp\Application\Common\Common\function.php 第 63 行.
NOTIC: [8] Undefined variable: menuId F:\Thinkphp\Application\Runtime\Cache\Admin\ccc9ced3ad798311a07cb47b740981c5.php 第 121 行.
NOTIC: [8] Undefined variable: menuId F:\Thinkphp\Application\Runtime\Cache\Admin\ccc9ced3ad798311a07cb47b740981c5.php 第 121 行.
NOTIC: [8] Undefined variable: menuId F:\Thinkphp\Application\Runtime\Cache\Admin\ccc9ced3ad798311a07cb47b740981c5.php 第 121 行.
NOTIC: [8] Undefined variable: menuId F:\Thinkphp\Application\Runtime\Cache\Admin\ccc9ced3ad798311a07cb47b740981c5.php 第 121 行.
NOTIC: [8] Undefined variable: menuId F:\Thinkphp\Application\Runtime\Cache\Admin\ccc9ced3ad798311a07cb47b740981c5.php 第 121 行.
NOTIC: [8] Undefined variable: menuId F:\Thinkphp\Application\Runtime\Cache\Admin\ccc9ced3ad798311a07cb47b740981c5.php 第 121 行.
NOTIC: [8] Undefined variable: menuId F:\Thinkphp\Application\Runtime\Cache\Admin\ccc9ced3ad798311a07cb47b740981c5.php 第 121 行.
INFO: Run Behavior\ParseTemplateBehavior [ RunTime:0.148009s ]
INFO: [ view_parse ] --END-- [ RunTime:0.150009s ]
INFO: [ view_filter ] --START--
INFO: Run Behavior\WriteHtmlCacheBehavior [ RunTime:0.001000s ]
INFO: [ view_filter ] --END-- [ RunTime:0.002000s ]
INFO: [ app_end ] --START--
INFO: Run Behavior\ShowPageTraceBehavior [ RunTime:0.002000s ]
INFO: [ app_end ] --END-- [ RunTime:0.002000s ]

[ 2017-05-30T22:14:09+08:00 ] 127.0.0.1 /admin.php?c=content&a=add
INFO: [ app_init ] --START--
INFO: Run Behavior\BuildLiteBehavior [ RunTime:0.001001s ]
INFO: [ app_init ] --END-- [ RunTime:0.001001s ]
INFO: [ app_begin ] --START--
INFO: Run Behavior\ReadHtmlCacheBehavior [ RunTime:0.001000s ]
INFO: [ app_begin ] --END-- [ RunTime:0.002000s ]
NOTIC: [2] Declaration of Admin\Controller\ContentController::setStatus() should be compatible with Admin\Controller\CommonController::setStatus($data, $models) F:\Thinkphp\Application\Admin\Controller\ContentController.class.php 第 10 行.
NOTIC: [2] Declaration of Admin\Controller\ContentController::listorder() should be compatible with Admin\Controller\CommonController::listorder($model = '') F:\Thinkphp\Application\Admin\Controller\ContentController.class.php 第 10 行.
NOTIC: [2] Declaration of Common\Model\MenuModel::find($id) should be compatible with Think\Model::find($options = Array) F:\Thinkphp\Application\Common\Model\MenuModel.class.php 第 10 行.
SQL: SHOW COLUMNS FROM `cms_menu` [ RunTime:0.0180s ]
SQL: SELECT * FROM `cms_menu` WHERE `status` = 1 AND `type` = 0 ORDER BY listorder desc,menu_id  [ RunTime:0.0010s ]
INFO: [ view_parse ] --START--
INFO: [ template_filter ] --START--
INFO: Run Behavior\ContentReplaceBehavior [ RunTime:0.001000s ]
INFO: [ template_filter ] --END-- [ RunTime:0.001000s ]
SQL: SELECT * FROM `cms_menu` WHERE `status` <> -1 AND `type` = 1 ORDER BY listorder desc,menu_id  [ RunTime:0.0010s ]
NOTIC: [8] Undefined variable: index F:\Thinkphp\Application\Runtime\Cache\Admin\e2744aea2724da3a85f9df759ede898a.php 第 96 行.
NOTIC: [8] Undefined index: a F:\Thinkphp\Application\Common\Common\function.php 第 63 行.
NOTIC: [8] Undefined index: a F:\Thinkphp\Application\Common\Common\function.php 第 63 行.
NOTIC: [8] Undefined index: a F:\Thinkphp\Application\Common\Common\function.php 第 63 行.
NOTIC: [8] Undefined index: a F:\Thinkphp\Application\Common\Common\function.php 第 63 行.
NOTIC: [8] Undefined index: a F:\Thinkphp\Application\Common\Common\function.php 第 63 行.
NOTIC: [8] Undefined index: a F:\Thinkphp\Application\Common\Common\function.php 第 63 行.
NOTIC: [8] Undefined index: a F:\Thinkphp\Application\Common\Common\function.php 第 63 行.
INFO: Run Behavior\ParseTemplateBehavior [ RunTime:0.078004s ]
INFO: [ view_parse ] --END-- [ RunTime:0.079004s ]
INFO: [ view_filter ] --START--
INFO: Run Behavior\WriteHtmlCacheBehavior [ RunTime:0.001000s ]
INFO: [ view_filter ] --END-- [ RunTime:0.002001s ]
INFO: [ app_end ] --START--
INFO: Run Behavior\ShowPageTraceBehavior [ RunTime:0.002000s ]
INFO: [ app_end ] --END-- [ RunTime:0.003000s ]

[ 2017-05-30T22:14:15+08:00 ] 127.0.0.1 /admin.php?c=positioncontent
INFO: [ app_init ] --START--
INFO: Run Behavior\BuildLiteBehavior [ RunTime:0.000000s ]
INFO: [ app_init ] --END-- [ RunTime:0.001000s ]
INFO: [ app_begin ] --START--
INFO: Run Behavior\ReadHtmlCacheBehavior [ RunTime:0.001000s ]
INFO: [ app_begin ] --END-- [ RunTime:0.002000s ]
NOTIC: [2] Declaration of Admin\Controller\PositioncontentController::setStatus() should be compatible with Admin\Controller\CommonController::setStatus($data, $models) F:\Thinkphp\Application\Admin\Controller\PositioncontentController.class.php 第 12 行.
NOTIC: [2] Declaration of Admin\Controller\PositioncontentController::listorder() should be compatible with Admin\Controller\CommonController::listorder($model = '') F:\Thinkphp\Application\Admin\Controller\PositioncontentController.class.php 第 12 行.
NOTIC: [2] Declaration of Common\Model\PositionModel::find($id) should be compatible with Think\Model::find($options = Array) F:\Thinkphp\Application\Common\Model\PositionModel.class.php 第 9 行.
SQL: SHOW COLUMNS FROM `cms_position` [ RunTime:0.0160s ]
SQL: SELECT * FROM `cms_position` WHERE `status` = 1 ORDER BY id  [ RunTime:0.0010s ]
NOTIC: [8] Undefined index: title F:\Thinkphp\Application\Admin\Controller\PositioncontentController.class.php 第 20 行.
NOTIC: [8] Undefined index: position_id F:\Thinkphp\Application\Admin\Controller\PositioncontentController.class.php 第 26 行.
NOTIC: [2] Declaration of Common\Model\PositionContentModel::find($id) should be compatible with Think\Model::find($options = Array) F:\Thinkphp\Application\Common\Model\PositionContentModel.class.php 第 113 行.
SQL: SHOW COLUMNS FROM `cms_position_content` [ RunTime:0.0410s ]
NOTIC: [8] Undefined index: title F:\Thinkphp\Application\Common\Model\PositionContentModel.class.php 第 42 行.
SQL: SELECT * FROM `cms_position_content` WHERE `status` <> -1 AND `position_id` = 1 ORDER BY listorder desc,id desc  [ RunTime:0.0190s ]
INFO: [ view_parse ] --START--
INFO: [ template_filter ] --START--
INFO: Run Behavior\ContentReplaceBehavior [ RunTime:0.000000s ]
INFO: [ template_filter ] --END-- [ RunTime:0.002000s ]
NOTIC: [2] Declaration of Common\Model\MenuModel::find($id) should be compatible with Think\Model::find($options = Array) F:\Thinkphp\Application\Common\Model\MenuModel.class.php 第 146 行.
SQL: SHOW COLUMNS FROM `cms_menu` [ RunTime:0.0150s ]
SQL: SELECT * FROM `cms_menu` WHERE `status` <> -1 AND `type` = 1 ORDER BY listorder desc,menu_id  [ RunTime:0.0010s ]
NOTIC: [8] Undefined variable: index F:\Thinkphp\Application\Runtime\Cache\Admin\b8a8b9d170e6c07d7b463ea02385894d.php 第 99 行.
NOTIC: [8] Undefined index: a F:\Thinkphp\Application\Common\Common\function.php 第 63 行.
NOTIC: [8] Undefined index: a F:\Thinkphp\Application\Common\Common\function.php 第 63 行.
NOTIC: [8] Undefined index: a F:\Thinkphp\Application\Common\Common\function.php 第 63 行.
NOTIC: [8] Undefined index: a F:\Thinkphp\Application\Common\Common\function.php 第 63 行.
NOTIC: [8] Undefined index: a F:\Thinkphp\Application\Common\Common\function.php 第 63 行.
NOTIC: [8] Undefined index: a F:\Thinkphp\Application\Common\Common\function.php 第 63 行.
NOTIC: [8] Undefined index: a F:\Thinkphp\Application\Common\Common\function.php 第 63 行.
NOTIC: [8] Undefined variable: title F:\Thinkphp\Application\Runtime\Cache\Admin\b8a8b9d170e6c07d7b463ea02385894d.php 第 130 行.
INFO: Run Behavior\ParseTemplateBehavior [ RunTime:0.125008s ]
INFO: [ view_parse ] --END-- [ RunTime:0.126008s ]
INFO: [ view_filter ] --START--
INFO: Run Behavior\WriteHtmlCacheBehavior [ RunTime:0.001000s ]
INFO: [ view_filter ] --END-- [ RunTime:0.001000s ]
INFO: [ app_end ] --START--
INFO: Run Behavior\ShowPageTraceBehavior [ RunTime:0.001000s ]
INFO: [ app_end ] --END-- [ RunTime:0.002000s ]

[ 2017-05-30T22:14:18+08:00 ] 127.0.0.1 /admin.php?c=position
INFO: [ app_init ] --START--
INFO: Run Behavior\BuildLiteBehavior [ RunTime:0.000000s ]
INFO: [ app_init ] --END-- [ RunTime:0.002000s ]
INFO: [ app_begin ] --START--
INFO: Run Behavior\ReadHtmlCacheBehavior [ RunTime:0.001000s ]
INFO: [ app_begin ] --END-- [ RunTime:0.001000s ]
NOTIC: [2] Declaration of Admin\Controller\PositionController::setStatus() should be compatible with Admin\Controller\CommonController::setStatus($data, $models) F:\Thinkphp\Application\Admin\Controller\PositionController.class.php 第 8 行.
NOTIC: [2] Declaration of Common\Model\PositionModel::find($id) should be compatible with Think\Model::find($options = Array) F:\Thinkphp\Application\Common\Model\PositionModel.class.php 第 9 行.
SQL: SHOW COLUMNS FROM `cms_position` [ RunTime:0.0240s ]
SQL: SELECT * FROM `cms_position` WHERE `status` <> -1 ORDER BY id  [ RunTime:0.0010s ]
INFO: [ view_parse ] --START--
INFO: [ template_filter ] --START--
INFO: Run Behavior\ContentReplaceBehavior [ RunTime:0.001000s ]
INFO: [ template_filter ] --END-- [ RunTime:0.001000s ]
NOTIC: [2] Declaration of Common\Model\MenuModel::find($id) should be compatible with Think\Model::find($options = Array) F:\Thinkphp\Application\Common\Model\MenuModel.class.php 第 146 行.
SQL: SHOW COLUMNS FROM `cms_menu` [ RunTime:0.0150s ]
SQL: SELECT * FROM `cms_menu` WHERE `status` <> -1 AND `type` = 1 ORDER BY listorder desc,menu_id  [ RunTime:0.0010s ]
NOTIC: [8] Undefined variable: index F:\Thinkphp\Application\Runtime\Cache\Admin\3a437f75b5b60a521a3ad0fc93a5ab5f.php 第 93 行.
NOTIC: [8] Undefined index: a F:\Thinkphp\Application\Common\Common\function.php 第 63 行.
NOTIC: [8] Undefined index: a F:\Thinkphp\Application\Common\Common\function.php 第 63 行.
NOTIC: [8] Undefined index: a F:\Thinkphp\Application\Common\Common\function.php 第 63 行.
NOTIC: [8] Undefined index: a F:\Thinkphp\Application\Common\Common\function.php 第 63 行.
NOTIC: [8] Undefined index: a F:\Thinkphp\Application\Common\Common\function.php 第 63 行.
NOTIC: [8] Undefined index: a F:\Thinkphp\Application\Common\Common\function.php 第 63 行.
NOTIC: [8] Undefined index: a F:\Thinkphp\Application\Common\Common\function.php 第 63 行.
NOTIC: [8] Undefined variable: type F:\Thinkphp\Application\Runtime\Cache\Admin\3a437f75b5b60a521a3ad0fc93a5ab5f.php 第 113 行.
NOTIC: [8] Undefined variable: type F:\Thinkphp\Application\Runtime\Cache\Admin\3a437f75b5b60a521a3ad0fc93a5ab5f.php 第 114 行.
INFO: Run Behavior\ParseTemplateBehavior [ RunTime:0.099006s ]
INFO: [ view_parse ] --END-- [ RunTime:0.100006s ]
INFO: [ view_filter ] --START--
INFO: Run Behavior\WriteHtmlCacheBehavior [ RunTime:0.000000s ]
INFO: [ view_filter ] --END-- [ RunTime:0.002000s ]
INFO: [ app_end ] --START--
INFO: Run Behavior\ShowPageTraceBehavior [ RunTime:0.001000s ]
INFO: [ app_end ] --END-- [ RunTime:0.002000s ]

[ 2017-05-30T22:14:20+08:00 ] 127.0.0.1 /admin.php?c=positioncontent
INFO: [ app_init ] --START--
INFO: Run Behavior\BuildLiteBehavior [ RunTime:0.000000s ]
INFO: [ app_init ] --END-- [ RunTime:0.002000s ]
INFO: [ app_begin ] --START--
INFO: Run Behavior\ReadHtmlCacheBehavior [ RunTime:0.001000s ]
INFO: [ app_begin ] --END-- [ RunTime:0.002000s ]
NOTIC: [2] Declaration of Admin\Controller\PositioncontentController::setStatus() should be compatible with Admin\Controller\CommonController::setStatus($data, $models) F:\Thinkphp\Application\Admin\Controller\PositioncontentController.class.php 第 12 行.
NOTIC: [2] Declaration of Admin\Controller\PositioncontentController::listorder() should be compatible with Admin\Controller\CommonController::listorder($model = '') F:\Thinkphp\Application\Admin\Controller\PositioncontentController.class.php 第 12 行.
NOTIC: [2] Declaration of Common\Model\PositionModel::find($id) should be compatible with Think\Model::find($options = Array) F:\Thinkphp\Application\Common\Model\PositionModel.class.php 第 9 行.
SQL: SHOW COLUMNS FROM `cms_position` [ RunTime:0.0150s ]
SQL: SELECT * FROM `cms_position` WHERE `status` = 1 ORDER BY id  [ RunTime:0.0000s ]
NOTIC: [8] Undefined index: title F:\Thinkphp\Application\Admin\Controller\PositioncontentController.class.php 第 20 行.
NOTIC: [8] Undefined index: position_id F:\Thinkphp\Application\Admin\Controller\PositioncontentController.class.php 第 26 行.
NOTIC: [2] Declaration of Common\Model\PositionContentModel::find($id) should be compatible with Think\Model::find($options = Array) F:\Thinkphp\Application\Common\Model\PositionContentModel.class.php 第 113 行.
SQL: SHOW COLUMNS FROM `cms_position_content` [ RunTime:0.0160s ]
NOTIC: [8] Undefined index: title F:\Thinkphp\Application\Common\Model\PositionContentModel.class.php 第 42 行.
SQL: SELECT * FROM `cms_position_content` WHERE `status` <> -1 AND `position_id` = 1 ORDER BY listorder desc,id desc  [ RunTime:0.0010s ]
INFO: [ view_parse ] --START--
INFO: [ template_filter ] --START--
INFO: Run Behavior\ContentReplaceBehavior [ RunTime:0.000000s ]
INFO: [ template_filter ] --END-- [ RunTime:0.001000s ]
NOTIC: [2] Declaration of Common\Model\MenuModel::find($id) should be compatible with Think\Model::find($options = Array) F:\Thinkphp\Application\Common\Model\MenuModel.class.php 第 146 行.
SQL: SHOW COLUMNS FROM `cms_menu` [ RunTime:0.0340s ]
SQL: SELECT * FROM `cms_menu` WHERE `status` <> -1 AND `type` = 1 ORDER BY listorder desc,menu_id  [ RunTime:0.0010s ]
NOTIC: [8] Undefined variable: index F:\Thinkphp\Application\Runtime\Cache\Admin\b8a8b9d170e6c07d7b463ea02385894d.php 第 99 行.
NOTIC: [8] Undefined index: a F:\Thinkphp\Application\Common\Common\function.php 第 63 行.
NOTIC: [8] Undefined index: a F:\Thinkphp\Application\Common\Common\function.php 第 63 行.
NOTIC: [8] Undefined index: a F:\Thinkphp\Application\Common\Common\function.php 第 63 行.
NOTIC: [8] Undefined index: a F:\Thinkphp\Application\Common\Common\function.php 第 63 行.
NOTIC: [8] Undefined index: a F:\Thinkphp\Application\Common\Common\function.php 第 63 行.
NOTIC: [8] Undefined index: a F:\Thinkphp\Application\Common\Common\function.php 第 63 行.
NOTIC: [8] Undefined index: a F:\Thinkphp\Application\Common\Common\function.php 第 63 行.
NOTIC: [8] Undefined variable: title F:\Thinkphp\Application\Runtime\Cache\Admin\b8a8b9d170e6c07d7b463ea02385894d.php 第 130 行.
INFO: Run Behavior\ParseTemplateBehavior [ RunTime:0.171010s ]
INFO: [ view_parse ] --END-- [ RunTime:0.171010s ]
INFO: [ view_filter ] --START--
INFO: Run Behavior\WriteHtmlCacheBehavior [ RunTime:0.001000s ]
INFO: [ view_filter ] --END-- [ RunTime:0.002000s ]
INFO: [ app_end ] --START--
INFO: Run Behavior\ShowPageTraceBehavior [ RunTime:0.002000s ]
INFO: [ app_end ] --END-- [ RunTime:0.002000s ]

[ 2017-05-30T22:14:21+08:00 ] 127.0.0.1 /admin.php?c=positioncontent&a=add
INFO: [ app_init ] --START--
INFO: Run Behavior\BuildLiteBehavior [ RunTime:0.000000s ]
INFO: [ app_init ] --END-- [ RunTime:0.001000s ]
INFO: [ app_begin ] --START--
INFO: Run Behavior\ReadHtmlCacheBehavior [ RunTime:0.002000s ]
INFO: [ app_begin ] --END-- [ RunTime:0.002000s ]
NOTIC: [2] Declaration of Admin\Controller\PositioncontentController::setStatus() should be compatible with Admin\Controller\CommonController::setStatus($data, $models) F:\Thinkphp\Application\Admin\Controller\PositioncontentController.class.php 第 12 行.
NOTIC: [2] Declaration of Admin\Controller\PositioncontentController::listorder() should be compatible with Admin\Controller\CommonController::listorder($model = '') F:\Thinkphp\Application\Admin\Controller\PositioncontentController.class.php 第 12 行.
NOTIC: [2] Declaration of Common\Model\PositionModel::find($id) should be compatible with Think\Model::find($options = Array) F:\Thinkphp\Application\Common\Model\PositionModel.class.php 第 9 行.
SQL: SHOW COLUMNS FROM `cms_position` [ RunTime:0.0170s ]
SQL: SELECT * FROM `cms_position` WHERE `status` = 1 ORDER BY id  [ RunTime:0.0010s ]
INFO: [ view_parse ] --START--
INFO: [ template_filter ] --START--
INFO: Run Behavior\ContentReplaceBehavior [ RunTime:0.001001s ]
INFO: [ template_filter ] --END-- [ RunTime:0.002001s ]
NOTIC: [2] Declaration of Common\Model\MenuModel::find($id) should be compatible with Think\Model::find($options = Array) F:\Thinkphp\Application\Common\Model\MenuModel.class.php 第 146 行.
SQL: SHOW COLUMNS FROM `cms_menu` [ RunTime:0.0160s ]
SQL: SELECT * FROM `cms_menu` WHERE `status` <> -1 AND `type` = 1 ORDER BY listorder desc,menu_id  [ RunTime:0.0010s ]
NOTIC: [8] Undefined variable: index F:\Thinkphp\Application\Runtime\Cache\Admin\a0acd2c98b414356b1a56e5b9b38ae10.php 第 100 行.
NOTIC: [8] Undefined index: a F:\Thinkphp\Application\Common\Common\function.php 第 63 行.
NOTIC: [8] Undefined index: a F:\Thinkphp\Application\Common\Common\function.php 第 63 行.
NOTIC: [8] Undefined index: a F:\Thinkphp\Application\Common\Common\function.php 第 63 行.
NOTIC: [8] Undefined index: a F:\Thinkphp\Application\Common\Common\function.php 第 63 行.
NOTIC: [8] Undefined index: a F:\Thinkphp\Application\Common\Common\function.php 第 63 行.
NOTIC: [8] Undefined index: a F:\Thinkphp\Application\Common\Common\function.php 第 63 行.
NOTIC: [8] Undefined index: a F:\Thinkphp\Application\Common\Common\function.php 第 63 行.
INFO: Run Behavior\ParseTemplateBehavior [ RunTime:0.091005s ]
INFO: [ view_parse ] --END-- [ RunTime:0.091005s ]
INFO: [ view_filter ] --START--
INFO: Run Behavior\WriteHtmlCacheBehavior [ RunTime:0.001001s ]
INFO: [ view_filter ] --END-- [ RunTime:0.001001s ]
INFO: [ app_end ] --START--
INFO: Run Behavior\ShowPageTraceBehavior [ RunTime:0.002000s ]
INFO: [ app_end ] --END-- [ RunTime:0.003000s ]

[ 2017-05-30T22:14:38+08:00 ] 127.0.0.1 /admin.php?c=position
INFO: [ app_init ] --START--
INFO: Run Behavior\BuildLiteBehavior [ RunTime:0.001000s ]
INFO: [ app_init ] --END-- [ RunTime:0.002000s ]
INFO: [ app_begin ] --START--
INFO: Run Behavior\ReadHtmlCacheBehavior [ RunTime:0.001000s ]
INFO: [ app_begin ] --END-- [ RunTime:0.002000s ]
NOTIC: [2] Declaration of Admin\Controller\PositionController::setStatus() should be compatible with Admin\Controller\CommonController::setStatus($data, $models) F:\Thinkphp\Application\Admin\Controller\PositionController.class.php 第 8 行.
NOTIC: [2] Declaration of Common\Model\PositionModel::find($id) should be compatible with Think\Model::find($options = Array) F:\Thinkphp\Application\Common\Model\PositionModel.class.php 第 9 行.
SQL: SHOW COLUMNS FROM `cms_position` [ RunTime:0.0170s ]
SQL: SELECT * FROM `cms_position` WHERE `status` <> -1 ORDER BY id  [ RunTime:0.0000s ]
INFO: [ view_parse ] --START--
INFO: [ template_filter ] --START--
INFO: Run Behavior\ContentReplaceBehavior [ RunTime:0.001000s ]
INFO: [ template_filter ] --END-- [ RunTime:0.001000s ]
NOTIC: [2] Declaration of Common\Model\MenuModel::find($id) should be compatible with Think\Model::find($options = Array) F:\Thinkphp\Application\Common\Model\MenuModel.class.php 第 146 行.
SQL: SHOW COLUMNS FROM `cms_menu` [ RunTime:0.0190s ]
SQL: SELECT * FROM `cms_menu` WHERE `status` <> -1 AND `type` = 1 ORDER BY listorder desc,menu_id  [ RunTime:0.0000s ]
NOTIC: [8] Undefined variable: index F:\Thinkphp\Application\Runtime\Cache\Admin\3a437f75b5b60a521a3ad0fc93a5ab5f.php 第 93 行.
NOTIC: [8] Undefined index: a F:\Thinkphp\Application\Common\Common\function.php 第 63 行.
NOTIC: [8] Undefined index: a F:\Thinkphp\Application\Common\Common\function.php 第 63 行.
NOTIC: [8] Undefined index: a F:\Thinkphp\Application\Common\Common\function.php 第 63 行.
NOTIC: [8] Undefined index: a F:\Thinkphp\Application\Common\Common\function.php 第 63 行.
NOTIC: [8] Undefined index: a F:\Thinkphp\Application\Common\Common\function.php 第 63 行.
NOTIC: [8] Undefined index: a F:\Thinkphp\Application\Common\Common\function.php 第 63 行.
NOTIC: [8] Undefined index: a F:\Thinkphp\Application\Common\Common\function.php 第 63 行.
NOTIC: [8] Undefined variable: type F:\Thinkphp\Application\Runtime\Cache\Admin\3a437f75b5b60a521a3ad0fc93a5ab5f.php 第 113 行.
NOTIC: [8] Undefined variable: type F:\Thinkphp\Application\Runtime\Cache\Admin\3a437f75b5b60a521a3ad0fc93a5ab5f.php 第 114 行.
INFO: Run Behavior\ParseTemplateBehavior [ RunTime:0.080005s ]
INFO: [ view_parse ] --END-- [ RunTime:0.081005s ]
INFO: [ view_filter ] --START--
INFO: Run Behavior\WriteHtmlCacheBehavior [ RunTime:0.001000s ]
INFO: [ view_filter ] --END-- [ RunTime:0.002000s ]
INFO: [ app_end ] --START--
INFO: Run Behavior\ShowPageTraceBehavior [ RunTime:0.002000s ]
INFO: [ app_end ] --END-- [ RunTime:0.003000s ]

[ 2017-05-30T22:14:49+08:00 ] 127.0.0.1 /admin.php?c=position&a=add
INFO: [ app_init ] --START--
INFO: Run Behavior\BuildLiteBehavior [ RunTime:0.001000s ]
INFO: [ app_init ] --END-- [ RunTime:0.001000s ]
INFO: [ app_begin ] --START--
INFO: Run Behavior\ReadHtmlCacheBehavior [ RunTime:0.001000s ]
INFO: [ app_begin ] --END-- [ RunTime:0.002000s ]
NOTIC: [2] Declaration of Admin\Controller\PositionController::setStatus() should be compatible with Admin\Controller\CommonController::setStatus($data, $models) F:\Thinkphp\Application\Admin\Controller\PositionController.class.php 第 8 行.
INFO: [ view_parse ] --START--
INFO: [ template_filter ] --START--
INFO: Run Behavior\ContentReplaceBehavior [ RunTime:0.000000s ]
INFO: [ template_filter ] --END-- [ RunTime:0.002001s ]
NOTIC: [2] Declaration of Common\Model\MenuModel::find($id) should be compatible with Think\Model::find($options = Array) F:\Thinkphp\Application\Common\Model\MenuModel.class.php 第 10 行.
SQL: SHOW COLUMNS FROM `cms_menu` [ RunTime:0.0180s ]
SQL: SELECT * FROM `cms_menu` WHERE `status` <> -1 AND `type` = 1 ORDER BY listorder desc,menu_id  [ RunTime:0.0000s ]
NOTIC: [8] Undefined variable: index F:\Thinkphp\Application\Runtime\Cache\Admin\599c8586ff9153683f45d83a3e4fd51f.php 第 98 行.
NOTIC: [8] Undefined index: a F:\Thinkphp\Application\Common\Common\function.php 第 63 行.
NOTIC: [8] Undefined index: a F:\Thinkphp\Application\Common\Common\function.php 第 63 行.
NOTIC: [8] Undefined index: a F:\Thinkphp\Application\Common\Common\function.php 第 63 行.
NOTIC: [8] Undefined index: a F:\Thinkphp\Application\Common\Common\function.php 第 63 行.
NOTIC: [8] Undefined index: a F:\Thinkphp\Application\Common\Common\function.php 第 63 行.
NOTIC: [8] Undefined index: a F:\Thinkphp\Application\Common\Common\function.php 第 63 行.
NOTIC: [8] Undefined index: a F:\Thinkphp\Application\Common\Common\function.php 第 63 行.
INFO: Run Behavior\ParseTemplateBehavior [ RunTime:0.125007s ]
INFO: [ view_parse ] --END-- [ RunTime:0.126007s ]
INFO: [ view_filter ] --START--
INFO: Run Behavior\WriteHtmlCacheBehavior [ RunTime:0.001000s ]
INFO: [ view_filter ] --END-- [ RunTime:0.002000s ]
INFO: [ app_end ] --START--
INFO: Run Behavior\ShowPageTraceBehavior [ RunTime:0.001000s ]
INFO: [ app_end ] --END-- [ RunTime:0.003000s ]

[ 2017-05-30T22:15:21+08:00 ] 127.0.0.1 /admin.php?c=position&a=add
INFO: [ app_init ] --START--
INFO: Run Behavior\BuildLiteBehavior [ RunTime:0.000000s ]
INFO: [ app_init ] --END-- [ RunTime:0.002000s ]
INFO: [ app_begin ] --START--
INFO: Run Behavior\ReadHtmlCacheBehavior [ RunTime:0.002000s ]
INFO: [ app_begin ] --END-- [ RunTime:0.002000s ]
NOTIC: [2] Declaration of Admin\Controller\PositionController::setStatus() should be compatible with Admin\Controller\CommonController::setStatus($data, $models) F:\Thinkphp\Application\Admin\Controller\PositionController.class.php 第 8 行.
NOTIC: [8] Undefined index: id F:\Thinkphp\Application\Admin\Controller\PositionController.class.php 第 33 行.
NOTIC: [2] Declaration of Common\Model\PositionModel::find($id) should be compatible with Think\Model::find($options = Array) F:\Thinkphp\Application\Common\Model\PositionModel.class.php 第 9 行.
SQL: SHOW COLUMNS FROM `cms_position` [ RunTime:0.0180s ]
SQL: INSERT INTO `cms_position` (`name`,`description`,`status`,`create_time`) VALUES ('后端js','2017.5.30','1','1496153721') [ RunTime:0.0370s ]

[ 2017-05-30T22:15:23+08:00 ] 127.0.0.1 /admin.php?c=position
INFO: [ app_init ] --START--
INFO: Run Behavior\BuildLiteBehavior [ RunTime:0.000000s ]
INFO: [ app_init ] --END-- [ RunTime:0.001000s ]
INFO: [ app_begin ] --START--
INFO: Run Behavior\ReadHtmlCacheBehavior [ RunTime:0.001000s ]
INFO: [ app_begin ] --END-- [ RunTime:0.001000s ]
NOTIC: [2] Declaration of Admin\Controller\PositionController::setStatus() should be compatible with Admin\Controller\CommonController::setStatus($data, $models) F:\Thinkphp\Application\Admin\Controller\PositionController.class.php 第 8 行.
NOTIC: [2] Declaration of Common\Model\PositionModel::find($id) should be compatible with Think\Model::find($options = Array) F:\Thinkphp\Application\Common\Model\PositionModel.class.php 第 9 行.
SQL: SHOW COLUMNS FROM `cms_position` [ RunTime:0.0160s ]
SQL: SELECT * FROM `cms_position` WHERE `status` <> -1 ORDER BY id  [ RunTime:0.0000s ]
INFO: [ view_parse ] --START--
INFO: [ template_filter ] --START--
INFO: Run Behavior\ContentReplaceBehavior [ RunTime:0.001000s ]
INFO: [ template_filter ] --END-- [ RunTime:0.001000s ]
NOTIC: [2] Declaration of Common\Model\MenuModel::find($id) should be compatible with Think\Model::find($options = Array) F:\Thinkphp\Application\Common\Model\MenuModel.class.php 第 146 行.
SQL: SHOW COLUMNS FROM `cms_menu` [ RunTime:0.0140s ]
SQL: SELECT * FROM `cms_menu` WHERE `status` <> -1 AND `type` = 1 ORDER BY listorder desc,menu_id  [ RunTime:0.0010s ]
NOTIC: [8] Undefined variable: index F:\Thinkphp\Application\Runtime\Cache\Admin\3a437f75b5b60a521a3ad0fc93a5ab5f.php 第 93 行.
NOTIC: [8] Undefined index: a F:\Thinkphp\Application\Common\Common\function.php 第 63 行.
NOTIC: [8] Undefined index: a F:\Thinkphp\Application\Common\Common\function.php 第 63 行.
NOTIC: [8] Undefined index: a F:\Thinkphp\Application\Common\Common\function.php 第 63 行.
NOTIC: [8] Undefined index: a F:\Thinkphp\Application\Common\Common\function.php 第 63 行.
NOTIC: [8] Undefined index: a F:\Thinkphp\Application\Common\Common\function.php 第 63 行.
NOTIC: [8] Undefined index: a F:\Thinkphp\Application\Common\Common\function.php 第 63 行.
NOTIC: [8] Undefined index: a F:\Thinkphp\Application\Common\Common\function.php 第 63 行.
NOTIC: [8] Undefined variable: type F:\Thinkphp\Application\Runtime\Cache\Admin\3a437f75b5b60a521a3ad0fc93a5ab5f.php 第 113 行.
NOTIC: [8] Undefined variable: type F:\Thinkphp\Application\Runtime\Cache\Admin\3a437f75b5b60a521a3ad0fc93a5ab5f.php 第 114 行.
INFO: Run Behavior\ParseTemplateBehavior [ RunTime:0.061003s ]
INFO: [ view_parse ] --END-- [ RunTime:0.061003s ]
INFO: [ view_filter ] --START--
INFO: Run Behavior\WriteHtmlCacheBehavior [ RunTime:0.001000s ]
INFO: [ view_filter ] --END-- [ RunTime:0.001000s ]
INFO: [ app_end ] --START--
INFO: Run Behavior\ShowPageTraceBehavior [ RunTime:0.001000s ]
INFO: [ app_end ] --END-- [ RunTime:0.002000s ]

[ 2017-05-30T22:15:31+08:00 ] 127.0.0.1 /admin.php?c=positioncontent&a=add
INFO: [ app_init ] --START--
INFO: Run Behavior\BuildLiteBehavior [ RunTime:0.001000s ]
INFO: [ app_init ] --END-- [ RunTime:0.002000s ]
INFO: [ app_begin ] --START--
INFO: Run Behavior\ReadHtmlCacheBehavior [ RunTime:0.001000s ]
INFO: [ app_begin ] --END-- [ RunTime:0.002000s ]
NOTIC: [2] Declaration of Admin\Controller\PositioncontentController::setStatus() should be compatible with Admin\Controller\CommonController::setStatus($data, $models) F:\Thinkphp\Application\Admin\Controller\PositioncontentController.class.php 第 12 行.
NOTIC: [2] Declaration of Admin\Controller\PositioncontentController::listorder() should be compatible with Admin\Controller\CommonController::listorder($model = '') F:\Thinkphp\Application\Admin\Controller\PositioncontentController.class.php 第 12 行.
NOTIC: [2] Declaration of Common\Model\PositionModel::find($id) should be compatible with Think\Model::find($options = Array) F:\Thinkphp\Application\Common\Model\PositionModel.class.php 第 9 行.
SQL: SHOW COLUMNS FROM `cms_position` [ RunTime:0.0150s ]
SQL: SELECT * FROM `cms_position` WHERE `status` = 1 ORDER BY id  [ RunTime:0.0010s ]
INFO: [ view_parse ] --START--
INFO: [ template_filter ] --START--
INFO: Run Behavior\ContentReplaceBehavior [ RunTime:0.000000s ]
INFO: [ template_filter ] --END-- [ RunTime:0.002001s ]
NOTIC: [2] Declaration of Common\Model\MenuModel::find($id) should be compatible with Think\Model::find($options = Array) F:\Thinkphp\Application\Common\Model\MenuModel.class.php 第 146 行.
SQL: SHOW COLUMNS FROM `cms_menu` [ RunTime:0.0150s ]
SQL: SELECT * FROM `cms_menu` WHERE `status` <> -1 AND `type` = 1 ORDER BY listorder desc,menu_id  [ RunTime:0.0010s ]
NOTIC: [8] Undefined variable: index F:\Thinkphp\Application\Runtime\Cache\Admin\a0acd2c98b414356b1a56e5b9b38ae10.php 第 100 行.
NOTIC: [8] Undefined index: a F:\Thinkphp\Application\Common\Common\function.php 第 63 行.
NOTIC: [8] Undefined index: a F:\Thinkphp\Application\Common\Common\function.php 第 63 行.
NOTIC: [8] Undefined index: a F:\Thinkphp\Application\Common\Common\function.php 第 63 行.
NOTIC: [8] Undefined index: a F:\Thinkphp\Application\Common\Common\function.php 第 63 行.
NOTIC: [8] Undefined index: a F:\Thinkphp\Application\Common\Common\function.php 第 63 行.
NOTIC: [8] Undefined index: a F:\Thinkphp\Application\Common\Common\function.php 第 63 行.
NOTIC: [8] Undefined index: a F:\Thinkphp\Application\Common\Common\function.php 第 63 行.
INFO: Run Behavior\ParseTemplateBehavior [ RunTime:0.068003s ]
INFO: [ view_parse ] --END-- [ RunTime:0.069004s ]
INFO: [ view_filter ] --START--
INFO: Run Behavior\WriteHtmlCacheBehavior [ RunTime:0.001000s ]
INFO: [ view_filter ] --END-- [ RunTime:0.002000s ]
INFO: [ app_end ] --START--
INFO: Run Behavior\ShowPageTraceBehavior [ RunTime:0.001000s ]
INFO: [ app_end ] --END-- [ RunTime:0.002000s ]

[ 2017-05-30T22:15:56+08:00 ] 127.0.0.1 /admin.php?c=positioncontent&a=add
INFO: [ app_init ] --START--
INFO: Run Behavior\BuildLiteBehavior [ RunTime:0.000000s ]
INFO: [ app_init ] --END-- [ RunTime:0.002000s ]
INFO: [ app_begin ] --START--
INFO: Run Behavior\ReadHtmlCacheBehavior [ RunTime:0.001000s ]
INFO: [ app_begin ] --END-- [ RunTime:0.003000s ]
NOTIC: [2] Declaration of Admin\Controller\PositioncontentController::setStatus() should be compatible with Admin\Controller\CommonController::setStatus($data, $models) F:\Thinkphp\Application\Admin\Controller\PositioncontentController.class.php 第 12 行.
NOTIC: [2] Declaration of Admin\Controller\PositioncontentController::listorder() should be compatible with Admin\Controller\CommonController::listorder($model = '') F:\Thinkphp\Application\Admin\Controller\PositioncontentController.class.php 第 12 行.

[ 2017-05-30T22:16:08+08:00 ] 127.0.0.1 /admin.php?c=image&a=ajaxuploadimage
INFO: [ app_init ] --START--
INFO: Run Behavior\BuildLiteBehavior [ RunTime:0.001000s ]
INFO: [ app_init ] --END-- [ RunTime:0.003000s ]
INFO: [ app_begin ] --START--
INFO: Run Behavior\ReadHtmlCacheBehavior [ RunTime:0.001000s ]
INFO: [ app_begin ] --END-- [ RunTime:0.002000s ]
NOTIC: [8] Use of undefined constant Y - assumed 'Y' F:\Thinkphp\Application\Common\Model\UploadImageModel.class.php 第 19 行.
NOTIC: [8] Use of undefined constant m - assumed 'm' F:\Thinkphp\Application\Common\Model\UploadImageModel.class.php 第 19 行.
NOTIC: [8] Use of undefined constant d - assumed 'd' F:\Thinkphp\Application\Common\Model\UploadImageModel.class.php 第 19 行.
NOTIC: [2] call_user_func() expects parameter 1 to be a valid callback, no array or string given F:\Thinkphp\ThinkPHP\Library\Think\Upload.class.php 第 170 行.

[ 2017-05-30T22:16:10+08:00 ] 127.0.0.1 /admin.php?c=positioncontent&a=add
INFO: [ app_init ] --START--
INFO: Run Behavior\BuildLiteBehavior [ RunTime:0.000000s ]
INFO: [ app_init ] --END-- [ RunTime:0.001000s ]
INFO: [ app_begin ] --START--
INFO: Run Behavior\ReadHtmlCacheBehavior [ RunTime:0.001000s ]
INFO: [ app_begin ] --END-- [ RunTime:0.002000s ]
NOTIC: [2] Declaration of Admin\Controller\PositioncontentController::setStatus() should be compatible with Admin\Controller\CommonController::setStatus($data, $models) F:\Thinkphp\Application\Admin\Controller\PositioncontentController.class.php 第 12 行.
NOTIC: [2] Declaration of Admin\Controller\PositioncontentController::listorder() should be compatible with Admin\Controller\CommonController::listorder($model = '') F:\Thinkphp\Application\Admin\Controller\PositioncontentController.class.php 第 12 行.
NOTIC: [8] Undefined index: id F:\Thinkphp\Application\Admin\Controller\PositioncontentController.class.php 第 64 行.
NOTIC: [2] Declaration of Common\Model\PositionContentModel::find($id) should be compatible with Think\Model::find($options = Array) F:\Thinkphp\Application\Common\Model\PositionContentModel.class.php 第 9 行.
SQL: SHOW COLUMNS FROM `cms_position_content` [ RunTime:0.0160s ]
NOTIC: [8] Undefined index: create_time F:\Thinkphp\Application\Common\Model\PositionContentModel.class.php 第 27 行.
SQL: INSERT INTO `cms_position_content` (`title`,`position_id`,`thumb`,`url`,`news_id`,`status`,`create_time`) VALUES ('后端程序员的 Js 之旅','5','/upload/2017/05/30/592d7ea8a3aef.jpg','http://web.jobbole.com/85883/','0','1','1496153770') [ RunTime:0.0010s ]

[ 2017-05-30T22:16:11+08:00 ] 127.0.0.1 /admin.php?c=positioncontent&a=index
INFO: [ app_init ] --START--
INFO: Run Behavior\BuildLiteBehavior [ RunTime:0.000000s ]
INFO: [ app_init ] --END-- [ RunTime:0.003000s ]
INFO: [ app_begin ] --START--
INFO: Run Behavior\ReadHtmlCacheBehavior [ RunTime:0.001000s ]
INFO: [ app_begin ] --END-- [ RunTime:0.001000s ]
NOTIC: [2] Declaration of Admin\Controller\PositioncontentController::setStatus() should be compatible with Admin\Controller\CommonController::setStatus($data, $models) F:\Thinkphp\Application\Admin\Controller\PositioncontentController.class.php 第 12 行.
NOTIC: [2] Declaration of Admin\Controller\PositioncontentController::listorder() should be compatible with Admin\Controller\CommonController::listorder($model = '') F:\Thinkphp\Application\Admin\Controller\PositioncontentController.class.php 第 12 行.
NOTIC: [2] Declaration of Common\Model\PositionModel::find($id) should be compatible with Think\Model::find($options = Array) F:\Thinkphp\Application\Common\Model\PositionModel.class.php 第 9 行.
SQL: SHOW COLUMNS FROM `cms_position` [ RunTime:0.0150s ]
SQL: SELECT * FROM `cms_position` WHERE `status` = 1 ORDER BY id  [ RunTime:0.0000s ]
NOTIC: [8] Undefined index: title F:\Thinkphp\Application\Admin\Controller\PositioncontentController.class.php 第 20 行.
NOTIC: [8] Undefined index: position_id F:\Thinkphp\Application\Admin\Controller\PositioncontentController.class.php 第 26 行.
NOTIC: [2] Declaration of Common\Model\PositionContentModel::find($id) should be compatible with Think\Model::find($options = Array) F:\Thinkphp\Application\Common\Model\PositionContentModel.class.php 第 113 行.
SQL: SHOW COLUMNS FROM `cms_position_content` [ RunTime:0.0150s ]
NOTIC: [8] Undefined index: title F:\Thinkphp\Application\Common\Model\PositionContentModel.class.php 第 42 行.
SQL: SELECT * FROM `cms_position_content` WHERE `status` <> -1 AND `position_id` = 1 ORDER BY listorder desc,id desc  [ RunTime:0.0010s ]
INFO: [ view_parse ] --START--
INFO: [ template_filter ] --START--
INFO: Run Behavior\ContentReplaceBehavior [ RunTime:0.001000s ]
INFO: [ template_filter ] --END-- [ RunTime:0.001000s ]
NOTIC: [2] Declaration of Common\Model\MenuModel::find($id) should be compatible with Think\Model::find($options = Array) F:\Thinkphp\Application\Common\Model\MenuModel.class.php 第 146 行.
SQL: SHOW COLUMNS FROM `cms_menu` [ RunTime:0.0150s ]
SQL: SELECT * FROM `cms_menu` WHERE `status` <> -1 AND `type` = 1 ORDER BY listorder desc,menu_id  [ RunTime:0.0010s ]
NOTIC: [8] Undefined variable: index F:\Thinkphp\Application\Runtime\Cache\Admin\b8a8b9d170e6c07d7b463ea02385894d.php 第 99 行.
NOTIC: [8] Undefined index: a F:\Thinkphp\Application\Common\Common\function.php 第 63 行.
NOTIC: [8] Undefined index: a F:\Thinkphp\Application\Common\Common\function.php 第 63 行.
NOTIC: [8] Undefined index: a F:\Thinkphp\Application\Common\Common\function.php 第 63 行.
NOTIC: [8] Undefined index: a F:\Thinkphp\Application\Common\Common\function.php 第 63 行.
NOTIC: [8] Undefined index: a F:\Thinkphp\Application\Common\Common\function.php 第 63 行.
NOTIC: [8] Undefined index: a F:\Thinkphp\Application\Common\Common\function.php 第 63 行.
NOTIC: [8] Undefined index: a F:\Thinkphp\Application\Common\Common\function.php 第 63 行.
NOTIC: [8] Undefined variable: title F:\Thinkphp\Application\Runtime\Cache\Admin\b8a8b9d170e6c07d7b463ea02385894d.php 第 130 行.
INFO: Run Behavior\ParseTemplateBehavior [ RunTime:0.069004s ]
INFO: [ view_parse ] --END-- [ RunTime:0.070004s ]
INFO: [ view_filter ] --START--
INFO: Run Behavior\WriteHtmlCacheBehavior [ RunTime:0.001000s ]
INFO: [ view_filter ] --END-- [ RunTime:0.002000s ]
INFO: [ app_end ] --START--
INFO: Run Behavior\ShowPageTraceBehavior [ RunTime:0.002000s ]
INFO: [ app_end ] --END-- [ RunTime:0.002000s ]

