[ 2017-07-29T06:33:45+08:00 ] 127.0.0.1 /admin.php?c=login
INFO: [ app_init ] --START--
INFO: Run Behavior\BuildLiteBehavior [ RunTime:0.000000s ]
INFO: [ app_init ] --END-- [ RunTime:0.024002s ]
INFO: [ app_begin ] --START--
INFO: Run Behavior\ReadHtmlCacheBehavior [ RunTime:0.014000s ]
INFO: [ app_begin ] --END-- [ RunTime:0.015000s ]
INFO: [ view_parse ] --START--
INFO: [ template_filter ] --START--
INFO: Run Behavior\ContentReplaceBehavior [ RunTime:0.028002s ]
INFO: [ template_filter ] --END-- [ RunTime:0.030002s ]
INFO: Run Behavior\ParseTemplateBehavior [ RunTime:0.208012s ]
INFO: [ view_parse ] --END-- [ RunTime:0.210012s ]
INFO: [ view_filter ] --START--
INFO: Run Behavior\WriteHtmlCacheBehavior [ RunTime:0.198011s ]
INFO: [ view_filter ] --END-- [ RunTime:0.200011s ]
INFO: [ app_end ] --START--
INFO: Run Behavior\ShowPageTraceBehavior [ RunTime:0.016001s ]
INFO: [ app_end ] --END-- [ RunTime:0.019001s ]

[ 2017-07-29T06:33:53+08:00 ] 127.0.0.1 /admin.php?c=login&a=check
INFO: [ app_init ] --START--
INFO: Run Behavior\BuildLiteBehavior [ RunTime:0.000000s ]
INFO: [ app_init ] --END-- [ RunTime:0.002000s ]
INFO: [ app_begin ] --START--
INFO: Run Behavior\ReadHtmlCacheBehavior [ RunTime:0.001000s ]
INFO: [ app_begin ] --END-- [ RunTime:0.002000s ]
SQL: SHOW COLUMNS FROM `cms_admin` [ RunTime:0.0770s ]
SQL: SELECT * FROM `cms_admin` WHERE ( username="admin" ) LIMIT 1   [ RunTime:0.0020s ]
SQL: UPDATE `cms_admin` SET `lastlogintime`='1501281233' WHERE ( admin_id=2 ) [ RunTime:0.0000s ]

[ 2017-07-29T06:33:57+08:00 ] 127.0.0.1 /admin.php
INFO: [ app_init ] --START--
INFO: Run Behavior\BuildLiteBehavior [ RunTime:0.000000s ]
INFO: [ app_init ] --END-- [ RunTime:0.003000s ]
INFO: [ app_begin ] --START--
INFO: Run Behavior\ReadHtmlCacheBehavior [ RunTime:0.001001s ]
INFO: [ app_begin ] --END-- [ RunTime:0.002001s ]
NOTIC: [2] Declaration of Common\Model\NewsModel::find($id) should be compatible with Think\Model::find($options = Array) F:\Thinkphp\Application\Common\Model\NewsModel.class.php 第 10 行.
SQL: SHOW COLUMNS FROM `cms_news` [ RunTime:0.0670s ]
SQL: SELECT * FROM `cms_news` WHERE `status` = 1 ORDER BY countnum desc LIMIT 1   [ RunTime:0.0150s ]
SQL: SELECT COUNT(*) AS tp_count FROM `cms_news` WHERE `status` <> -1 LIMIT 1   [ RunTime:0.0000s ]
NOTIC: [2] Declaration of Common\Model\PositionModel::find($id) should be compatible with Think\Model::find($options = Array) F:\Thinkphp\Application\Common\Model\PositionModel.class.php 第 111 行.
SQL: SHOW COLUMNS FROM `cms_position` [ RunTime:0.0550s ]
SQL: SELECT COUNT(*) AS tp_count FROM `cms_position` WHERE `status` = 1 LIMIT 1   [ RunTime:0.0170s ]
SQL: SHOW COLUMNS FROM `cms_admin` [ RunTime:0.0040s ]
SQL: SELECT COUNT(*) AS tp_count FROM `cms_admin` WHERE `status` = 1 AND `lastlogintime` > 1501257600 LIMIT 1   [ RunTime:0.0000s ]
NOTIC: [2] Illegal string offset 'tp_count' F:\Thinkphp\Application\Common\Model\AdminModel.class.php 第 106 行.
INFO: [ view_parse ] --START--
INFO: [ template_filter ] --START--
INFO: Run Behavior\ContentReplaceBehavior [ RunTime:0.000000s ]
INFO: [ template_filter ] --END-- [ RunTime:0.001000s ]
INFO: Run Behavior\ParseTemplateBehavior [ RunTime:0.050003s ]
INFO: [ view_parse ] --END-- [ RunTime:0.050003s ]
INFO: [ view_filter ] --START--
INFO: Run Behavior\WriteHtmlCacheBehavior [ RunTime:0.001000s ]
INFO: [ view_filter ] --END-- [ RunTime:0.002000s ]
INFO: [ app_end ] --START--
INFO: Run Behavior\ShowPageTraceBehavior [ RunTime:0.003000s ]
INFO: [ app_end ] --END-- [ RunTime:0.005000s ]

[ 2017-07-29T06:34:01+08:00 ] 127.0.0.1 /admin.php?c=content
INFO: [ app_init ] --START--
INFO: Run Behavior\BuildLiteBehavior [ RunTime:0.000000s ]
INFO: [ app_init ] --END-- [ RunTime:0.003000s ]
INFO: [ app_begin ] --START--
INFO: Run Behavior\ReadHtmlCacheBehavior [ RunTime:0.002000s ]
INFO: [ app_begin ] --END-- [ RunTime:0.002000s ]
NOTIC: [2] Declaration of Admin\Controller\ContentController::setStatus() should be compatible with Admin\Controller\CommonController::setStatus($data, $models) F:\Thinkphp\Application\Admin\Controller\ContentController.class.php 第 10 行.
NOTIC: [2] Declaration of Admin\Controller\ContentController::listorder() should be compatible with Admin\Controller\CommonController::listorder($model = '') F:\Thinkphp\Application\Admin\Controller\ContentController.class.php 第 10 行.
NOTIC: [8] Undefined index: title F:\Thinkphp\Application\Admin\Controller\ContentController.class.php 第 17 行.
NOTIC: [8] Undefined index: catid F:\Thinkphp\Application\Admin\Controller\ContentController.class.php 第 23 行.
NOTIC: [8] Undefined index: p F:\Thinkphp\Application\Admin\Controller\ContentController.class.php 第 29 行.
NOTIC: [2] Declaration of Common\Model\NewsModel::find($id) should be compatible with Think\Model::find($options = Array) F:\Thinkphp\Application\Common\Model\NewsModel.class.php 第 10 行.
SQL: SHOW COLUMNS FROM `cms_news` [ RunTime:0.0030s ]
SQL: SELECT * FROM `cms_news` WHERE `status` <> -1 ORDER BY listorder desc,news_id desc LIMIT 0,5   [ RunTime:0.0010s ]
SQL: SELECT COUNT(*) AS tp_count FROM `cms_news` WHERE `status` <> -1 LIMIT 1   [ RunTime:0.0000s ]
NOTIC: [2] Declaration of Common\Model\PositionModel::find($id) should be compatible with Think\Model::find($options = Array) F:\Thinkphp\Application\Common\Model\PositionModel.class.php 第 111 行.
SQL: SHOW COLUMNS FROM `cms_position` [ RunTime:0.0070s ]
SQL: SELECT * FROM `cms_position` WHERE `status` = 1 ORDER BY id  [ RunTime:0.0020s ]
NOTIC: [2] Declaration of Common\Model\MenuModel::find($id) should be compatible with Think\Model::find($options = Array) F:\Thinkphp\Application\Common\Model\MenuModel.class.php 第 146 行.
SQL: SHOW COLUMNS FROM `cms_menu` [ RunTime:0.0680s ]
SQL: SELECT * FROM `cms_menu` WHERE `status` = 1 AND `type` = 0 ORDER BY listorder desc,menu_id  [ RunTime:0.0020s ]
INFO: [ view_parse ] --START--
INFO: [ template_filter ] --START--
INFO: Run Behavior\ContentReplaceBehavior [ RunTime:0.001000s ]
INFO: [ template_filter ] --END-- [ RunTime:0.001000s ]
SQL: SELECT * FROM `cms_menu` WHERE `status` <> -1 AND `type` = 1 ORDER BY listorder desc,menu_id  [ RunTime:0.0030s ]
NOTIC: [8] Undefined index: a F:\Thinkphp\Application\Common\Common\function.php 第 63 行.
NOTIC: [8] Undefined index: a F:\Thinkphp\Application\Common\Common\function.php 第 63 行.
NOTIC: [8] Undefined index: a F:\Thinkphp\Application\Common\Common\function.php 第 63 行.
NOTIC: [8] Undefined index: a F:\Thinkphp\Application\Common\Common\function.php 第 63 行.
NOTIC: [8] Undefined index: a F:\Thinkphp\Application\Common\Common\function.php 第 63 行.
NOTIC: [8] Undefined index: a F:\Thinkphp\Application\Common\Common\function.php 第 63 行.
NOTIC: [8] Undefined index: a F:\Thinkphp\Application\Common\Common\function.php 第 63 行.
NOTIC: [8] Undefined variable: menuId F:\Thinkphp\Application\Runtime\Cache\Admin\ccc9ced3ad798311a07cb47b740981c5.php 第 121 行.
NOTIC: [8] Undefined variable: menuId F:\Thinkphp\Application\Runtime\Cache\Admin\ccc9ced3ad798311a07cb47b740981c5.php 第 121 行.
NOTIC: [8] Undefined variable: menuId F:\Thinkphp\Application\Runtime\Cache\Admin\ccc9ced3ad798311a07cb47b740981c5.php 第 121 行.
NOTIC: [8] Undefined variable: menuId F:\Thinkphp\Application\Runtime\Cache\Admin\ccc9ced3ad798311a07cb47b740981c5.php 第 121 行.
NOTIC: [8] Undefined variable: menuId F:\Thinkphp\Application\Runtime\Cache\Admin\ccc9ced3ad798311a07cb47b740981c5.php 第 121 行.
NOTIC: [8] Undefined variable: menuId F:\Thinkphp\Application\Runtime\Cache\Admin\ccc9ced3ad798311a07cb47b740981c5.php 第 121 行.
NOTIC: [8] Undefined variable: menuId F:\Thinkphp\Application\Runtime\Cache\Admin\ccc9ced3ad798311a07cb47b740981c5.php 第 121 行.
INFO: Run Behavior\ParseTemplateBehavior [ RunTime:0.153008s ]
INFO: [ view_parse ] --END-- [ RunTime:0.154008s ]
INFO: [ view_filter ] --START--
INFO: Run Behavior\WriteHtmlCacheBehavior [ RunTime:0.001000s ]
INFO: [ view_filter ] --END-- [ RunTime:0.003001s ]
INFO: [ app_end ] --START--
INFO: Run Behavior\ShowPageTraceBehavior [ RunTime:0.002000s ]
INFO: [ app_end ] --END-- [ RunTime:0.004000s ]

[ 2017-07-29T06:34:03+08:00 ] 127.0.0.1 /admin.php?c=content&a=add
INFO: [ app_init ] --START--
INFO: Run Behavior\BuildLiteBehavior [ RunTime:0.000000s ]
INFO: [ app_init ] --END-- [ RunTime:0.002000s ]
INFO: [ app_begin ] --START--
INFO: Run Behavior\ReadHtmlCacheBehavior [ RunTime:0.001000s ]
INFO: [ app_begin ] --END-- [ RunTime:0.002000s ]
NOTIC: [2] Declaration of Admin\Controller\ContentController::setStatus() should be compatible with Admin\Controller\CommonController::setStatus($data, $models) F:\Thinkphp\Application\Admin\Controller\ContentController.class.php 第 10 行.
NOTIC: [2] Declaration of Admin\Controller\ContentController::listorder() should be compatible with Admin\Controller\CommonController::listorder($model = '') F:\Thinkphp\Application\Admin\Controller\ContentController.class.php 第 10 行.
NOTIC: [2] Declaration of Common\Model\MenuModel::find($id) should be compatible with Think\Model::find($options = Array) F:\Thinkphp\Application\Common\Model\MenuModel.class.php 第 10 行.
SQL: SHOW COLUMNS FROM `cms_menu` [ RunTime:0.0030s ]
SQL: SELECT * FROM `cms_menu` WHERE `status` = 1 AND `type` = 0 ORDER BY listorder desc,menu_id  [ RunTime:0.0010s ]
INFO: [ view_parse ] --START--
INFO: [ template_filter ] --START--
INFO: Run Behavior\ContentReplaceBehavior [ RunTime:0.000000s ]
INFO: [ template_filter ] --END-- [ RunTime:0.001000s ]
SQL: SELECT * FROM `cms_menu` WHERE `status` <> -1 AND `type` = 1 ORDER BY listorder desc,menu_id  [ RunTime:0.0010s ]
NOTIC: [8] Undefined variable: index F:\Thinkphp\Application\Runtime\Cache\Admin\e2744aea2724da3a85f9df759ede898a.php 第 96 行.
NOTIC: [8] Undefined index: a F:\Thinkphp\Application\Common\Common\function.php 第 63 行.
NOTIC: [8] Undefined index: a F:\Thinkphp\Application\Common\Common\function.php 第 63 行.
NOTIC: [8] Undefined index: a F:\Thinkphp\Application\Common\Common\function.php 第 63 行.
NOTIC: [8] Undefined index: a F:\Thinkphp\Application\Common\Common\function.php 第 63 行.
NOTIC: [8] Undefined index: a F:\Thinkphp\Application\Common\Common\function.php 第 63 行.
NOTIC: [8] Undefined index: a F:\Thinkphp\Application\Common\Common\function.php 第 63 行.
NOTIC: [8] Undefined index: a F:\Thinkphp\Application\Common\Common\function.php 第 63 行.
INFO: Run Behavior\ParseTemplateBehavior [ RunTime:0.056004s ]
INFO: [ view_parse ] --END-- [ RunTime:0.056004s ]
INFO: [ view_filter ] --START--
INFO: Run Behavior\WriteHtmlCacheBehavior [ RunTime:0.001000s ]
INFO: [ view_filter ] --END-- [ RunTime:0.001000s ]
INFO: [ app_end ] --START--
INFO: Run Behavior\ShowPageTraceBehavior [ RunTime:0.001000s ]
INFO: [ app_end ] --END-- [ RunTime:0.002000s ]

[ 2017-07-29T06:35:07+08:00 ] 127.0.0.1 /admin.php?c=login
INFO: [ app_init ] --START--
INFO: Run Behavior\BuildLiteBehavior [ RunTime:0.000000s ]
INFO: [ app_init ] --END-- [ RunTime:0.002000s ]
INFO: [ app_begin ] --START--
INFO: Run Behavior\ReadHtmlCacheBehavior [ RunTime:0.002001s ]
INFO: [ app_begin ] --END-- [ RunTime:0.002001s ]
NOTIC: [8] Undefined variable: module F:\Thinkphp\ThinkPHP\Common\functions.php 第 990 行.
NOTIC: [8] Undefined variable: var F:\Thinkphp\ThinkPHP\Common\functions.php 第 990 行.
NOTIC: [2] array_reverse() expects parameter 1 to be array, null given F:\Thinkphp\ThinkPHP\Common\functions.php 第 990 行.
NOTIC: [2] http_build_query(): Parameter 1 expected to be Array or Object.  Incorrect value given F:\Thinkphp\ThinkPHP\Common\functions.php 第 990 行.

[ 2017-07-29T06:35:07+08:00 ] 127.0.0.1 /admin.php?m=&&c=index
INFO: [ app_init ] --START--
INFO: Run Behavior\BuildLiteBehavior [ RunTime:0.000000s ]
INFO: [ app_init ] --END-- [ RunTime:0.001000s ]
INFO: [ app_begin ] --START--
INFO: Run Behavior\ReadHtmlCacheBehavior [ RunTime:0.002000s ]
INFO: [ app_begin ] --END-- [ RunTime:0.002000s ]
NOTIC: [2] Declaration of Common\Model\NewsModel::find($id) should be compatible with Think\Model::find($options = Array) F:\Thinkphp\Application\Common\Model\NewsModel.class.php 第 10 行.
SQL: SHOW COLUMNS FROM `cms_news` [ RunTime:0.0060s ]
SQL: SELECT * FROM `cms_news` WHERE `status` = 1 ORDER BY countnum desc LIMIT 1   [ RunTime:0.0010s ]
SQL: SELECT COUNT(*) AS tp_count FROM `cms_news` WHERE `status` <> -1 LIMIT 1   [ RunTime:0.0010s ]
NOTIC: [2] Declaration of Common\Model\PositionModel::find($id) should be compatible with Think\Model::find($options = Array) F:\Thinkphp\Application\Common\Model\PositionModel.class.php 第 111 行.
SQL: SHOW COLUMNS FROM `cms_position` [ RunTime:0.0040s ]
SQL: SELECT COUNT(*) AS tp_count FROM `cms_position` WHERE `status` = 1 LIMIT 1   [ RunTime:0.0010s ]
SQL: SHOW COLUMNS FROM `cms_admin` [ RunTime:0.0040s ]
SQL: SELECT COUNT(*) AS tp_count FROM `cms_admin` WHERE `status` = 1 AND `lastlogintime` > 1501257600 LIMIT 1   [ RunTime:0.0010s ]
NOTIC: [2] Illegal string offset 'tp_count' F:\Thinkphp\Application\Common\Model\AdminModel.class.php 第 106 行.
INFO: [ view_parse ] --START--
INFO: [ template_filter ] --START--
INFO: Run Behavior\ContentReplaceBehavior [ RunTime:0.000000s ]
INFO: [ template_filter ] --END-- [ RunTime:0.001000s ]
INFO: Run Behavior\ParseTemplateBehavior [ RunTime:0.019001s ]
INFO: [ view_parse ] --END-- [ RunTime:0.020001s ]
INFO: [ view_filter ] --START--
INFO: Run Behavior\WriteHtmlCacheBehavior [ RunTime:0.001001s ]
INFO: [ view_filter ] --END-- [ RunTime:0.002001s ]
INFO: [ app_end ] --START--
INFO: Run Behavior\ShowPageTraceBehavior [ RunTime:0.004000s ]
INFO: [ app_end ] --END-- [ RunTime:0.005000s ]

