[ 2017-04-27T05:04:00+08:00 ] 127.0.0.1 //admin.php?c=login
INFO: [ app_init ] --START--
INFO: Run Behavior\BuildLiteBehavior [ RunTime:0.000000s ]
INFO: [ app_init ] --END-- [ RunTime:0.055003s ]
INFO: [ app_begin ] --START--
INFO: Run Behavior\ReadHtmlCacheBehavior [ RunTime:0.015001s ]
INFO: [ app_begin ] --END-- [ RunTime:0.015001s ]
INFO: [ view_parse ] --START--
INFO: [ template_filter ] --START--
INFO: Run Behavior\ContentReplaceBehavior [ RunTime:0.039002s ]
INFO: [ template_filter ] --END-- [ RunTime:0.039002s ]
INFO: Run Behavior\ParseTemplateBehavior [ RunTime:0.188011s ]
INFO: [ view_parse ] --END-- [ RunTime:0.188011s ]
INFO: [ view_filter ] --START--
INFO: Run Behavior\WriteHtmlCacheBehavior [ RunTime:0.024001s ]
INFO: [ view_filter ] --END-- [ RunTime:0.024001s ]
INFO: [ app_end ] --START--
INFO: Run Behavior\ShowPageTraceBehavior [ RunTime:0.010001s ]
INFO: [ app_end ] --END-- [ RunTime:0.010001s ]

[ 2017-04-27T08:12:25+08:00 ] 127.0.0.1 /admin.php?c=login
INFO: [ app_init ] --START--
INFO: Run Behavior\BuildLiteBehavior [ RunTime:0.000000s ]
INFO: [ app_init ] --END-- [ RunTime:0.063004s ]
INFO: [ app_begin ] --START--
INFO: Run Behavior\ReadHtmlCacheBehavior [ RunTime:0.015001s ]
INFO: [ app_begin ] --END-- [ RunTime:0.015001s ]
INFO: [ view_parse ] --START--
INFO: [ template_filter ] --START--
INFO: Run Behavior\ContentReplaceBehavior [ RunTime:0.035002s ]
INFO: [ template_filter ] --END-- [ RunTime:0.035002s ]
INFO: Run Behavior\ParseTemplateBehavior [ RunTime:0.179010s ]
INFO: [ view_parse ] --END-- [ RunTime:0.179010s ]
INFO: [ view_filter ] --START--
INFO: Run Behavior\WriteHtmlCacheBehavior [ RunTime:0.032002s ]
INFO: [ view_filter ] --END-- [ RunTime:0.032002s ]
INFO: [ app_end ] --START--
INFO: Run Behavior\ShowPageTraceBehavior [ RunTime:0.021001s ]
INFO: [ app_end ] --END-- [ RunTime:0.021001s ]

[ 2017-04-27T08:12:32+08:00 ] 127.0.0.1 /admin.php?c=login&a=check
INFO: [ app_init ] --START--
INFO: Run Behavior\BuildLiteBehavior [ RunTime:0.000000s ]
INFO: [ app_init ] --END-- [ RunTime:0.001000s ]
INFO: [ app_begin ] --START--
INFO: Run Behavior\ReadHtmlCacheBehavior [ RunTime:0.001000s ]
INFO: [ app_begin ] --END-- [ RunTime:0.001000s ]
SQL: SHOW COLUMNS FROM `cms_admin` [ RunTime:0.1880s ]
SQL: SELECT * FROM `cms_admin` WHERE ( username="admin" ) LIMIT 1   [ RunTime:0.1140s ]
SQL: UPDATE `cms_admin` SET `lastlogintime`='1493251951' WHERE ( admin_id=2 ) [ RunTime:0.1630s ]

[ 2017-04-27T08:12:33+08:00 ] 127.0.0.1 /admin.php
INFO: [ app_init ] --START--
INFO: Run Behavior\BuildLiteBehavior [ RunTime:0.000000s ]
INFO: [ app_init ] --END-- [ RunTime:0.001000s ]
INFO: [ app_begin ] --START--
INFO: Run Behavior\ReadHtmlCacheBehavior [ RunTime:0.001001s ]
INFO: [ app_begin ] --END-- [ RunTime:0.001001s ]
NOTIC: [2] Declaration of Common\Model\NewsModel::find($id) should be compatible with Think\Model::find($options = Array) F:\Thinkphp\Application\Common\Model\NewsModel.class.php 第 10 行.
SQL: SHOW COLUMNS FROM `cms_news` [ RunTime:0.1390s ]
SQL: SELECT * FROM `cms_news` WHERE `status` = 1 ORDER BY countnum desc LIMIT 1   [ RunTime:0.0880s ]
SQL: SELECT COUNT(*) AS tp_count FROM `cms_news` WHERE `status` <> -1 LIMIT 1   [ RunTime:0.0810s ]
NOTIC: [2] Declaration of Common\Model\PositionModel::find($id) should be compatible with Think\Model::find($options = Array) F:\Thinkphp\Application\Common\Model\PositionModel.class.php 第 111 行.
SQL: SHOW COLUMNS FROM `cms_position` [ RunTime:0.1020s ]
SQL: SELECT COUNT(*) AS tp_count FROM `cms_position` WHERE `status` = 1 LIMIT 1   [ RunTime:0.0200s ]
SQL: SHOW COLUMNS FROM `cms_admin` [ RunTime:0.0090s ]
SQL: SELECT COUNT(*) AS tp_count FROM `cms_admin` WHERE `status` = 1 AND `lastlogintime` > 1493222400 LIMIT 1   [ RunTime:0.0000s ]
NOTIC: [2] Illegal string offset 'tp_count' F:\Thinkphp\Application\Common\Model\AdminModel.class.php 第 106 行.
INFO: [ view_parse ] --START--
INFO: [ template_filter ] --START--
INFO: Run Behavior\ContentReplaceBehavior [ RunTime:0.000000s ]
INFO: [ template_filter ] --END-- [ RunTime:0.000000s ]
INFO: Run Behavior\ParseTemplateBehavior [ RunTime:0.030002s ]
INFO: [ view_parse ] --END-- [ RunTime:0.030002s ]
INFO: [ view_filter ] --START--
INFO: Run Behavior\WriteHtmlCacheBehavior [ RunTime:0.001000s ]
INFO: [ view_filter ] --END-- [ RunTime:0.001000s ]
INFO: [ app_end ] --START--
INFO: Run Behavior\ShowPageTraceBehavior [ RunTime:0.001000s ]
INFO: [ app_end ] --END-- [ RunTime:0.001000s ]

[ 2017-04-27T08:12:36+08:00 ] 127.0.0.1 /admin.php?c=admin
INFO: [ app_init ] --START--
INFO: Run Behavior\BuildLiteBehavior [ RunTime:0.000000s ]
INFO: [ app_init ] --END-- [ RunTime:0.000000s ]
INFO: [ app_begin ] --START--
INFO: Run Behavior\ReadHtmlCacheBehavior [ RunTime:0.001000s ]
INFO: [ app_begin ] --END-- [ RunTime:0.001000s ]
NOTIC: [2] Declaration of Admin\Controller\AdminController::setStatus() should be compatible with Admin\Controller\CommonController::setStatus($data, $models) F:\Thinkphp\Application\Admin\Controller\AdminController.class.php 第 12 行.
SQL: SHOW COLUMNS FROM `cms_admin` [ RunTime:0.0050s ]
SQL: SELECT * FROM `cms_admin` WHERE `status` <> -1 ORDER BY admin_id desc  [ RunTime:0.0010s ]
INFO: [ view_parse ] --START--
INFO: [ template_filter ] --START--
INFO: Run Behavior\ContentReplaceBehavior [ RunTime:0.000000s ]
INFO: [ template_filter ] --END-- [ RunTime:0.000000s ]
NOTIC: [2] Declaration of Common\Model\MenuModel::find($id) should be compatible with Think\Model::find($options = Array) F:\Thinkphp\Application\Common\Model\MenuModel.class.php 第 146 行.
SQL: SHOW COLUMNS FROM `cms_menu` [ RunTime:0.0910s ]
SQL: SELECT * FROM `cms_menu` WHERE `status` <> -1 AND `type` = 1 ORDER BY listorder desc,menu_id  [ RunTime:0.0010s ]
NOTIC: [8] Undefined index: a F:\Thinkphp\Application\Common\Common\function.php 第 63 行.
NOTIC: [8] Undefined index: a F:\Thinkphp\Application\Common\Common\function.php 第 63 行.
NOTIC: [8] Undefined index: a F:\Thinkphp\Application\Common\Common\function.php 第 63 行.
NOTIC: [8] Undefined index: a F:\Thinkphp\Application\Common\Common\function.php 第 63 行.
NOTIC: [8] Undefined index: a F:\Thinkphp\Application\Common\Common\function.php 第 63 行.
NOTIC: [8] Undefined index: a F:\Thinkphp\Application\Common\Common\function.php 第 63 行.
NOTIC: [8] Undefined index: a F:\Thinkphp\Application\Common\Common\function.php 第 63 行.
NOTIC: [8] Undefined variable: pageRes F:\Thinkphp\Application\Runtime\Cache\Admin\b682812e058c4f7cab74d08ab9eabe11.php 第 152 行.
INFO: Run Behavior\ParseTemplateBehavior [ RunTime:0.210012s ]
INFO: [ view_parse ] --END-- [ RunTime:0.210012s ]
INFO: [ view_filter ] --START--
INFO: Run Behavior\WriteHtmlCacheBehavior [ RunTime:0.000000s ]
INFO: [ view_filter ] --END-- [ RunTime:0.000000s ]
INFO: [ app_end ] --START--
INFO: Run Behavior\ShowPageTraceBehavior [ RunTime:0.001000s ]
INFO: [ app_end ] --END-- [ RunTime:0.001000s ]

[ 2017-04-27T08:12:40+08:00 ] 127.0.0.1 /admin.php?c=content
INFO: [ app_init ] --START--
INFO: Run Behavior\BuildLiteBehavior [ RunTime:0.000000s ]
INFO: [ app_init ] --END-- [ RunTime:0.000000s ]
INFO: [ app_begin ] --START--
INFO: Run Behavior\ReadHtmlCacheBehavior [ RunTime:0.000000s ]
INFO: [ app_begin ] --END-- [ RunTime:0.000000s ]
NOTIC: [2] Declaration of Admin\Controller\ContentController::setStatus() should be compatible with Admin\Controller\CommonController::setStatus($data, $models) F:\Thinkphp\Application\Admin\Controller\ContentController.class.php 第 10 行.
NOTIC: [2] Declaration of Admin\Controller\ContentController::listorder() should be compatible with Admin\Controller\CommonController::listorder($model = '') F:\Thinkphp\Application\Admin\Controller\ContentController.class.php 第 10 行.
NOTIC: [8] Undefined index: title F:\Thinkphp\Application\Admin\Controller\ContentController.class.php 第 17 行.
NOTIC: [8] Undefined index: catid F:\Thinkphp\Application\Admin\Controller\ContentController.class.php 第 23 行.
NOTIC: [8] Undefined index: p F:\Thinkphp\Application\Admin\Controller\ContentController.class.php 第 29 行.
NOTIC: [2] Declaration of Common\Model\NewsModel::find($id) should be compatible with Think\Model::find($options = Array) F:\Thinkphp\Application\Common\Model\NewsModel.class.php 第 10 行.
SQL: SHOW COLUMNS FROM `cms_news` [ RunTime:0.0050s ]
SQL: SELECT * FROM `cms_news` WHERE `status` <> -1 ORDER BY listorder desc,news_id desc LIMIT 0,5   [ RunTime:0.0000s ]
SQL: SELECT COUNT(*) AS tp_count FROM `cms_news` WHERE `status` <> -1 LIMIT 1   [ RunTime:0.0000s ]
NOTIC: [2] Declaration of Common\Model\PositionModel::find($id) should be compatible with Think\Model::find($options = Array) F:\Thinkphp\Application\Common\Model\PositionModel.class.php 第 111 行.
SQL: SHOW COLUMNS FROM `cms_position` [ RunTime:0.0050s ]
SQL: SELECT * FROM `cms_position` WHERE `status` = 1 ORDER BY id  [ RunTime:0.0000s ]
NOTIC: [2] Declaration of Common\Model\MenuModel::find($id) should be compatible with Think\Model::find($options = Array) F:\Thinkphp\Application\Common\Model\MenuModel.class.php 第 146 行.
SQL: SHOW COLUMNS FROM `cms_menu` [ RunTime:0.0040s ]
SQL: SELECT * FROM `cms_menu` WHERE `status` = 1 AND `type` = 0 ORDER BY listorder desc,menu_id  [ RunTime:0.0150s ]
INFO: [ view_parse ] --START--
INFO: [ template_filter ] --START--
INFO: Run Behavior\ContentReplaceBehavior [ RunTime:0.000000s ]
INFO: [ template_filter ] --END-- [ RunTime:0.000000s ]
SQL: SELECT * FROM `cms_menu` WHERE `status` <> -1 AND `type` = 1 ORDER BY listorder desc,menu_id  [ RunTime:0.0010s ]
NOTIC: [8] Undefined index: a F:\Thinkphp\Application\Common\Common\function.php 第 63 行.
NOTIC: [8] Undefined index: a F:\Thinkphp\Application\Common\Common\function.php 第 63 行.
NOTIC: [8] Undefined index: a F:\Thinkphp\Application\Common\Common\function.php 第 63 行.
NOTIC: [8] Undefined index: a F:\Thinkphp\Application\Common\Common\function.php 第 63 行.
NOTIC: [8] Undefined index: a F:\Thinkphp\Application\Common\Common\function.php 第 63 行.
NOTIC: [8] Undefined index: a F:\Thinkphp\Application\Common\Common\function.php 第 63 行.
NOTIC: [8] Undefined index: a F:\Thinkphp\Application\Common\Common\function.php 第 63 行.
NOTIC: [8] Undefined variable: menuId F:\Thinkphp\Application\Runtime\Cache\Admin\ccc9ced3ad798311a07cb47b740981c5.php 第 121 行.
NOTIC: [8] Undefined variable: menuId F:\Thinkphp\Application\Runtime\Cache\Admin\ccc9ced3ad798311a07cb47b740981c5.php 第 121 行.
NOTIC: [8] Undefined variable: menuId F:\Thinkphp\Application\Runtime\Cache\Admin\ccc9ced3ad798311a07cb47b740981c5.php 第 121 行.
NOTIC: [8] Undefined variable: menuId F:\Thinkphp\Application\Runtime\Cache\Admin\ccc9ced3ad798311a07cb47b740981c5.php 第 121 行.
NOTIC: [8] Undefined variable: menuId F:\Thinkphp\Application\Runtime\Cache\Admin\ccc9ced3ad798311a07cb47b740981c5.php 第 121 行.
NOTIC: [8] Undefined variable: menuId F:\Thinkphp\Application\Runtime\Cache\Admin\ccc9ced3ad798311a07cb47b740981c5.php 第 121 行.
NOTIC: [8] Undefined variable: menuId F:\Thinkphp\Application\Runtime\Cache\Admin\ccc9ced3ad798311a07cb47b740981c5.php 第 121 行.
INFO: Run Behavior\ParseTemplateBehavior [ RunTime:0.034001s ]
INFO: [ view_parse ] --END-- [ RunTime:0.034001s ]
INFO: [ view_filter ] --START--
INFO: Run Behavior\WriteHtmlCacheBehavior [ RunTime:0.000000s ]
INFO: [ view_filter ] --END-- [ RunTime:0.000000s ]
INFO: [ app_end ] --START--
INFO: Run Behavior\ShowPageTraceBehavior [ RunTime:0.001000s ]
INFO: [ app_end ] --END-- [ RunTime:0.001000s ]

[ 2017-04-27T08:12:41+08:00 ] 127.0.0.1 /admin.php?c=menu
INFO: [ app_init ] --START--
INFO: Run Behavior\BuildLiteBehavior [ RunTime:0.000000s ]
INFO: [ app_init ] --END-- [ RunTime:0.001000s ]
INFO: [ app_begin ] --START--
INFO: Run Behavior\ReadHtmlCacheBehavior [ RunTime:0.001000s ]
INFO: [ app_begin ] --END-- [ RunTime:0.001000s ]
NOTIC: [2] Declaration of Admin\Controller\MenuController::setStatus() should be compatible with Admin\Controller\CommonController::setStatus($data, $models) F:\Thinkphp\Application\Admin\Controller\MenuController.class.php 第 11 行.
NOTIC: [2] Declaration of Admin\Controller\MenuController::listorder() should be compatible with Admin\Controller\CommonController::listorder($model = '') F:\Thinkphp\Application\Admin\Controller\MenuController.class.php 第 11 行.
NOTIC: [8] Undefined index: p F:\Thinkphp\Application\Admin\Controller\MenuController.class.php 第 27 行.
NOTIC: [8] Undefined index: pageSize F:\Thinkphp\Application\Admin\Controller\MenuController.class.php 第 28 行.
NOTIC: [2] Declaration of Common\Model\MenuModel::find($id) should be compatible with Think\Model::find($options = Array) F:\Thinkphp\Application\Common\Model\MenuModel.class.php 第 10 行.
SQL: SHOW COLUMNS FROM `cms_menu` [ RunTime:0.0080s ]
SQL: SELECT * FROM `cms_menu` WHERE `status` <> -1 ORDER BY listorder desc,menu_id LIMIT 0,10   [ RunTime:0.0010s ]
SQL: SELECT COUNT(*) AS tp_count FROM `cms_menu` WHERE `status` <> -1 LIMIT 1   [ RunTime:0.0010s ]
INFO: [ view_parse ] --START--
INFO: [ template_filter ] --START--
INFO: Run Behavior\ContentReplaceBehavior [ RunTime:0.000000s ]
INFO: [ template_filter ] --END-- [ RunTime:0.000000s ]
SQL: SELECT * FROM `cms_menu` WHERE `status` <> -1 AND `type` = 1 ORDER BY listorder desc,menu_id  [ RunTime:0.0010s ]
NOTIC: [8] Undefined index: a F:\Thinkphp\Application\Common\Common\function.php 第 63 行.
NOTIC: [8] Undefined index: a F:\Thinkphp\Application\Common\Common\function.php 第 63 行.
NOTIC: [8] Undefined index: a F:\Thinkphp\Application\Common\Common\function.php 第 63 行.
NOTIC: [8] Undefined index: a F:\Thinkphp\Application\Common\Common\function.php 第 63 行.
NOTIC: [8] Undefined index: a F:\Thinkphp\Application\Common\Common\function.php 第 63 行.
NOTIC: [8] Undefined index: a F:\Thinkphp\Application\Common\Common\function.php 第 63 行.
NOTIC: [8] Undefined index: a F:\Thinkphp\Application\Common\Common\function.php 第 63 行.
INFO: Run Behavior\ParseTemplateBehavior [ RunTime:0.034002s ]
INFO: [ view_parse ] --END-- [ RunTime:0.034002s ]
INFO: [ view_filter ] --START--
INFO: Run Behavior\WriteHtmlCacheBehavior [ RunTime:0.001000s ]
INFO: [ view_filter ] --END-- [ RunTime:0.001000s ]
INFO: [ app_end ] --START--
INFO: Run Behavior\ShowPageTraceBehavior [ RunTime:0.001000s ]
INFO: [ app_end ] --END-- [ RunTime:0.001000s ]

[ 2017-04-27T08:12:55+08:00 ] 127.0.0.1 /admin.php?type=0&c=menu&a=index
INFO: [ app_init ] --START--
INFO: Run Behavior\BuildLiteBehavior [ RunTime:0.000000s ]
INFO: [ app_init ] --END-- [ RunTime:0.001000s ]
INFO: [ app_begin ] --START--
INFO: Run Behavior\ReadHtmlCacheBehavior [ RunTime:0.001000s ]
INFO: [ app_begin ] --END-- [ RunTime:0.001000s ]
NOTIC: [2] Declaration of Admin\Controller\MenuController::setStatus() should be compatible with Admin\Controller\CommonController::setStatus($data, $models) F:\Thinkphp\Application\Admin\Controller\MenuController.class.php 第 11 行.
NOTIC: [2] Declaration of Admin\Controller\MenuController::listorder() should be compatible with Admin\Controller\CommonController::listorder($model = '') F:\Thinkphp\Application\Admin\Controller\MenuController.class.php 第 11 行.
NOTIC: [8] Undefined index: p F:\Thinkphp\Application\Admin\Controller\MenuController.class.php 第 27 行.
NOTIC: [8] Undefined index: pageSize F:\Thinkphp\Application\Admin\Controller\MenuController.class.php 第 28 行.
NOTIC: [2] Declaration of Common\Model\MenuModel::find($id) should be compatible with Think\Model::find($options = Array) F:\Thinkphp\Application\Common\Model\MenuModel.class.php 第 10 行.
SQL: SHOW COLUMNS FROM `cms_menu` [ RunTime:0.0040s ]
SQL: SELECT * FROM `cms_menu` WHERE `type` = 0 AND `status` <> -1 ORDER BY listorder desc,menu_id LIMIT 0,10   [ RunTime:0.0000s ]
SQL: SELECT COUNT(*) AS tp_count FROM `cms_menu` WHERE `type` = 0 AND `status` <> -1 LIMIT 1   [ RunTime:0.0010s ]
INFO: [ view_parse ] --START--
INFO: [ template_filter ] --START--
INFO: Run Behavior\ContentReplaceBehavior [ RunTime:0.000000s ]
INFO: [ template_filter ] --END-- [ RunTime:0.001000s ]
SQL: SELECT * FROM `cms_menu` WHERE `status` <> -1 AND `type` = 1 ORDER BY listorder desc,menu_id  [ RunTime:0.0010s ]
NOTIC: [8] Undefined index: a F:\Thinkphp\Application\Common\Common\function.php 第 63 行.
NOTIC: [8] Undefined index: a F:\Thinkphp\Application\Common\Common\function.php 第 63 行.
NOTIC: [8] Undefined index: a F:\Thinkphp\Application\Common\Common\function.php 第 63 行.
NOTIC: [8] Undefined index: a F:\Thinkphp\Application\Common\Common\function.php 第 63 行.
NOTIC: [8] Undefined index: a F:\Thinkphp\Application\Common\Common\function.php 第 63 行.
NOTIC: [8] Undefined index: a F:\Thinkphp\Application\Common\Common\function.php 第 63 行.
NOTIC: [8] Undefined index: a F:\Thinkphp\Application\Common\Common\function.php 第 63 行.
INFO: Run Behavior\ParseTemplateBehavior [ RunTime:0.011001s ]
INFO: [ view_parse ] --END-- [ RunTime:0.011001s ]
INFO: [ view_filter ] --START--
INFO: Run Behavior\WriteHtmlCacheBehavior [ RunTime:0.001000s ]
INFO: [ view_filter ] --END-- [ RunTime:0.001000s ]
INFO: [ app_end ] --START--
INFO: Run Behavior\ShowPageTraceBehavior [ RunTime:0.002000s ]
INFO: [ app_end ] --END-- [ RunTime:0.002000s ]

[ 2017-04-27T08:13:04+08:00 ] 127.0.0.1 /admin.php?c=content
INFO: [ app_init ] --START--
INFO: Run Behavior\BuildLiteBehavior [ RunTime:0.000000s ]
INFO: [ app_init ] --END-- [ RunTime:0.001000s ]
INFO: [ app_begin ] --START--
INFO: Run Behavior\ReadHtmlCacheBehavior [ RunTime:0.001000s ]
INFO: [ app_begin ] --END-- [ RunTime:0.001000s ]
NOTIC: [2] Declaration of Admin\Controller\ContentController::setStatus() should be compatible with Admin\Controller\CommonController::setStatus($data, $models) F:\Thinkphp\Application\Admin\Controller\ContentController.class.php 第 10 行.
NOTIC: [2] Declaration of Admin\Controller\ContentController::listorder() should be compatible with Admin\Controller\CommonController::listorder($model = '') F:\Thinkphp\Application\Admin\Controller\ContentController.class.php 第 10 行.
NOTIC: [8] Undefined index: title F:\Thinkphp\Application\Admin\Controller\ContentController.class.php 第 17 行.
NOTIC: [8] Undefined index: catid F:\Thinkphp\Application\Admin\Controller\ContentController.class.php 第 23 行.
NOTIC: [8] Undefined index: p F:\Thinkphp\Application\Admin\Controller\ContentController.class.php 第 29 行.
NOTIC: [2] Declaration of Common\Model\NewsModel::find($id) should be compatible with Think\Model::find($options = Array) F:\Thinkphp\Application\Common\Model\NewsModel.class.php 第 10 行.
SQL: SHOW COLUMNS FROM `cms_news` [ RunTime:0.0050s ]
SQL: SELECT * FROM `cms_news` WHERE `status` <> -1 ORDER BY listorder desc,news_id desc LIMIT 0,5   [ RunTime:0.0010s ]
SQL: SELECT COUNT(*) AS tp_count FROM `cms_news` WHERE `status` <> -1 LIMIT 1   [ RunTime:0.0000s ]
NOTIC: [2] Declaration of Common\Model\PositionModel::find($id) should be compatible with Think\Model::find($options = Array) F:\Thinkphp\Application\Common\Model\PositionModel.class.php 第 111 行.
SQL: SHOW COLUMNS FROM `cms_position` [ RunTime:0.0040s ]
SQL: SELECT * FROM `cms_position` WHERE `status` = 1 ORDER BY id  [ RunTime:0.0010s ]
NOTIC: [2] Declaration of Common\Model\MenuModel::find($id) should be compatible with Think\Model::find($options = Array) F:\Thinkphp\Application\Common\Model\MenuModel.class.php 第 146 行.
SQL: SHOW COLUMNS FROM `cms_menu` [ RunTime:0.0040s ]
SQL: SELECT * FROM `cms_menu` WHERE `status` = 1 AND `type` = 0 ORDER BY listorder desc,menu_id  [ RunTime:0.0000s ]
INFO: [ view_parse ] --START--
INFO: [ template_filter ] --START--
INFO: Run Behavior\ContentReplaceBehavior [ RunTime:0.000000s ]
INFO: [ template_filter ] --END-- [ RunTime:0.000000s ]
SQL: SELECT * FROM `cms_menu` WHERE `status` <> -1 AND `type` = 1 ORDER BY listorder desc,menu_id  [ RunTime:0.0000s ]
NOTIC: [8] Undefined index: a F:\Thinkphp\Application\Common\Common\function.php 第 63 行.
NOTIC: [8] Undefined index: a F:\Thinkphp\Application\Common\Common\function.php 第 63 行.
NOTIC: [8] Undefined index: a F:\Thinkphp\Application\Common\Common\function.php 第 63 行.
NOTIC: [8] Undefined index: a F:\Thinkphp\Application\Common\Common\function.php 第 63 行.
NOTIC: [8] Undefined index: a F:\Thinkphp\Application\Common\Common\function.php 第 63 行.
NOTIC: [8] Undefined index: a F:\Thinkphp\Application\Common\Common\function.php 第 63 行.
NOTIC: [8] Undefined index: a F:\Thinkphp\Application\Common\Common\function.php 第 63 行.
NOTIC: [8] Undefined variable: menuId F:\Thinkphp\Application\Runtime\Cache\Admin\ccc9ced3ad798311a07cb47b740981c5.php 第 121 行.
NOTIC: [8] Undefined variable: menuId F:\Thinkphp\Application\Runtime\Cache\Admin\ccc9ced3ad798311a07cb47b740981c5.php 第 121 行.
NOTIC: [8] Undefined variable: menuId F:\Thinkphp\Application\Runtime\Cache\Admin\ccc9ced3ad798311a07cb47b740981c5.php 第 121 行.
NOTIC: [8] Undefined variable: menuId F:\Thinkphp\Application\Runtime\Cache\Admin\ccc9ced3ad798311a07cb47b740981c5.php 第 121 行.
NOTIC: [8] Undefined variable: menuId F:\Thinkphp\Application\Runtime\Cache\Admin\ccc9ced3ad798311a07cb47b740981c5.php 第 121 行.
NOTIC: [8] Undefined variable: menuId F:\Thinkphp\Application\Runtime\Cache\Admin\ccc9ced3ad798311a07cb47b740981c5.php 第 121 行.
NOTIC: [8] Undefined variable: menuId F:\Thinkphp\Application\Runtime\Cache\Admin\ccc9ced3ad798311a07cb47b740981c5.php 第 121 行.
INFO: Run Behavior\ParseTemplateBehavior [ RunTime:0.010000s ]
INFO: [ view_parse ] --END-- [ RunTime:0.010000s ]
INFO: [ view_filter ] --START--
INFO: Run Behavior\WriteHtmlCacheBehavior [ RunTime:0.000000s ]
INFO: [ view_filter ] --END-- [ RunTime:0.000000s ]
INFO: [ app_end ] --START--
INFO: Run Behavior\ShowPageTraceBehavior [ RunTime:0.001000s ]
INFO: [ app_end ] --END-- [ RunTime:0.001000s ]

[ 2017-04-27T08:13:05+08:00 ] 127.0.0.1 /admin.php?c=content&a=add
INFO: [ app_init ] --START--
INFO: Run Behavior\BuildLiteBehavior [ RunTime:0.000000s ]
INFO: [ app_init ] --END-- [ RunTime:0.001000s ]
INFO: [ app_begin ] --START--
INFO: Run Behavior\ReadHtmlCacheBehavior [ RunTime:0.001000s ]
INFO: [ app_begin ] --END-- [ RunTime:0.001000s ]
NOTIC: [2] Declaration of Admin\Controller\ContentController::setStatus() should be compatible with Admin\Controller\CommonController::setStatus($data, $models) F:\Thinkphp\Application\Admin\Controller\ContentController.class.php 第 10 行.
NOTIC: [2] Declaration of Admin\Controller\ContentController::listorder() should be compatible with Admin\Controller\CommonController::listorder($model = '') F:\Thinkphp\Application\Admin\Controller\ContentController.class.php 第 10 行.
NOTIC: [2] Declaration of Common\Model\MenuModel::find($id) should be compatible with Think\Model::find($options = Array) F:\Thinkphp\Application\Common\Model\MenuModel.class.php 第 10 行.
SQL: SHOW COLUMNS FROM `cms_menu` [ RunTime:0.0060s ]
SQL: SELECT * FROM `cms_menu` WHERE `status` = 1 AND `type` = 0 ORDER BY listorder desc,menu_id  [ RunTime:0.0000s ]
INFO: [ view_parse ] --START--
INFO: [ template_filter ] --START--
INFO: Run Behavior\ContentReplaceBehavior [ RunTime:0.000000s ]
INFO: [ template_filter ] --END-- [ RunTime:0.000000s ]
SQL: SELECT * FROM `cms_menu` WHERE `status` <> -1 AND `type` = 1 ORDER BY listorder desc,menu_id  [ RunTime:0.0000s ]
NOTIC: [8] Undefined variable: index F:\Thinkphp\Application\Runtime\Cache\Admin\e2744aea2724da3a85f9df759ede898a.php 第 96 行.
NOTIC: [8] Undefined index: a F:\Thinkphp\Application\Common\Common\function.php 第 63 行.
NOTIC: [8] Undefined index: a F:\Thinkphp\Application\Common\Common\function.php 第 63 行.
NOTIC: [8] Undefined index: a F:\Thinkphp\Application\Common\Common\function.php 第 63 行.
NOTIC: [8] Undefined index: a F:\Thinkphp\Application\Common\Common\function.php 第 63 行.
NOTIC: [8] Undefined index: a F:\Thinkphp\Application\Common\Common\function.php 第 63 行.
NOTIC: [8] Undefined index: a F:\Thinkphp\Application\Common\Common\function.php 第 63 行.
NOTIC: [8] Undefined index: a F:\Thinkphp\Application\Common\Common\function.php 第 63 行.
INFO: Run Behavior\ParseTemplateBehavior [ RunTime:0.068004s ]
INFO: [ view_parse ] --END-- [ RunTime:0.068004s ]
INFO: [ view_filter ] --START--
INFO: Run Behavior\WriteHtmlCacheBehavior [ RunTime:0.000000s ]
INFO: [ view_filter ] --END-- [ RunTime:0.000000s ]
INFO: [ app_end ] --START--
INFO: Run Behavior\ShowPageTraceBehavior [ RunTime:0.001000s ]
INFO: [ app_end ] --END-- [ RunTime:0.002000s ]

[ 2017-04-27T08:14:10+08:00 ] 127.0.0.1 /admin.php?c=image&a=ajaxuploadimage
INFO: [ app_init ] --START--
INFO: Run Behavior\BuildLiteBehavior [ RunTime:0.000000s ]
INFO: [ app_init ] --END-- [ RunTime:0.000000s ]
INFO: [ app_begin ] --START--
INFO: Run Behavior\ReadHtmlCacheBehavior [ RunTime:0.000000s ]
INFO: [ app_begin ] --END-- [ RunTime:0.001001s ]
NOTIC: [8] Use of undefined constant Y - assumed 'Y' F:\Thinkphp\Application\Common\Model\UploadImageModel.class.php 第 19 行.
NOTIC: [8] Use of undefined constant m - assumed 'm' F:\Thinkphp\Application\Common\Model\UploadImageModel.class.php 第 19 行.
NOTIC: [8] Use of undefined constant d - assumed 'd' F:\Thinkphp\Application\Common\Model\UploadImageModel.class.php 第 19 行.
NOTIC: [2] call_user_func() expects parameter 1 to be a valid callback, no array or string given F:\Thinkphp\ThinkPHP\Library\Think\Upload.class.php 第 170 行.

[ 2017-04-27T08:14:13+08:00 ] 127.0.0.1 /admin.php?c=content&a=add
INFO: [ app_init ] --START--
INFO: Run Behavior\BuildLiteBehavior [ RunTime:0.000000s ]
INFO: [ app_init ] --END-- [ RunTime:0.001000s ]
INFO: [ app_begin ] --START--
INFO: Run Behavior\ReadHtmlCacheBehavior [ RunTime:0.001000s ]
INFO: [ app_begin ] --END-- [ RunTime:0.001000s ]
NOTIC: [2] Declaration of Admin\Controller\ContentController::setStatus() should be compatible with Admin\Controller\CommonController::setStatus($data, $models) F:\Thinkphp\Application\Admin\Controller\ContentController.class.php 第 10 行.
NOTIC: [2] Declaration of Admin\Controller\ContentController::listorder() should be compatible with Admin\Controller\CommonController::listorder($model = '') F:\Thinkphp\Application\Admin\Controller\ContentController.class.php 第 10 行.
NOTIC: [8] Undefined index: news_id F:\Thinkphp\Application\Admin\Controller\ContentController.class.php 第 73 行.
NOTIC: [2] Declaration of Common\Model\NewsModel::find($id) should be compatible with Think\Model::find($options = Array) F:\Thinkphp\Application\Common\Model\NewsModel.class.php 第 10 行.
SQL: SHOW COLUMNS FROM `cms_news` [ RunTime:0.0050s ]
SQL: INSERT INTO `cms_news` (`title`,`small_title`,`thumb`,`title_font_color`,`catid`,`copyfrom`,`description`,`keywords`,`recommend`,`create_time`,`username`) VALUES ('PHP解决抢购、秒杀、抢楼、抽奖等阻塞式高并发库存防控超量的思路方法','秒杀','/upload/2017/04/27/590137d24a81f.jpg','#5674ed','13','0','秒杀','秒杀','1','1493252053','admin') [ RunTime:0.0650s ]
NOTIC: [2] Declaration of Common\Model\NewsContentModel::find($id) should be compatible with Think\Model::find($options = Array) F:\Thinkphp\Application\Common\Model\NewsContentModel.class.php 第 62 行.
SQL: SHOW COLUMNS FROM `cms_news_content` [ RunTime:0.0650s ]
SQL: INSERT INTO `cms_news_content` (`content`,`news_id`,`create_time`) VALUES ('&lt;span style=&quot;color:#362E2B;font-family:Arial;font-size:14px;background-color:#FFFFFF;&quot;&gt;如今在电商行业里,秒杀抢购活动已经是商家常用促销手段。但是库存数量有限，而同时下单人数超过了库存量，就会导致商品超卖甚至库存变负数的问题。&lt;/span&gt;&lt;br /&gt;
&lt;span style=&quot;color:#362E2B;font-family:Arial;font-size:14px;background-color:#FFFFFF;&quot;&gt;又比如：抢购火车票、论坛抢楼、抽奖乃至爆红微博评论等也会引发阻塞式高并发问题。如果不做任何措施可能在高瞬间造成服务器瘫痪，如何解决这个问题呢？&lt;/span&gt;&lt;br /&gt;
&lt;span style=&quot;color:#362E2B;font-family:Arial;font-size:14px;background-color:#FFFFFF;&quot;&gt;这里提出个人认为比较可行的几个思路方法：&lt;/span&gt;&lt;br /&gt;
&lt;br /&gt;
&lt;span style=&quot;color:#362E2B;font-family:Arial;font-size:14px;background-color:#FFFFFF;&quot;&gt;方案一：使用消息队列来实现&lt;/span&gt;&lt;br /&gt;
&lt;br /&gt;
&lt;span style=&quot;color:#362E2B;font-family:Arial;font-size:14px;background-color:#FFFFFF;&quot;&gt;可以基于例如MemcacheQ等这样的消息队列，具体的实现方案这么表述吧&lt;/span&gt;&lt;br /&gt;
&lt;span style=&quot;color:#362E2B;font-family:Arial;font-size:14px;background-color:#FFFFFF;&quot;&gt;比如有100张票可供用户抢，那么就可以把这100张票放到缓存中，读写时不要加锁。 当并发量大的时候，可能有500人左右抢票成功，这样对于500后面的请求可以直接转到活动结束的静态页面。进去的500个人中有400个人是不可能获得商品的。所以可以根据进入队列的先后顺序只能前100个人购买成功。后面400个人就直接转到活动结束页面。当然进去500个人只是举个例子，至于多少可以自己调整。而活动结束页面一定要用静态页面，不要用数据库。这样就减轻了数据库的压力。&lt;/span&gt;&lt;br /&gt;
&lt;br /&gt;
&lt;span style=&quot;color:#362E2B;font-family:Arial;font-size:14px;background-color:#FFFFFF;&quot;&gt;方案二：当有多台服务器时，可以采用分流的形式实现&lt;/span&gt;&lt;br /&gt;
&lt;br /&gt;
&lt;span style=&quot;color:#362E2B;font-family:Arial;font-size:14px;background-color:#FFFFFF;&quot;&gt;假设有m张票, 有n台产品服务器接收请求,有x个请求路由服务器随机转发&lt;/span&gt;&lt;br /&gt;
&lt;span style=&quot;color:#362E2B;font-family:Arial;font-size:14px;background-color:#FFFFFF;&quot;&gt;直接给每台产品服务器分配 m/n张票&lt;/span&gt;&lt;br /&gt;
&lt;span style=&quot;color:#362E2B;font-family:Arial;font-size:14px;background-color:#FFFFFF;&quot;&gt;每台产品服务器内存做计数器,比如允许m/n*(1+0.1)个人进来。&lt;/span&gt;&lt;br /&gt;
&lt;span style=&quot;color:#362E2B;font-family:Arial;font-size:14px;background-color:#FFFFFF;&quot;&gt;当内存计数器已满：&lt;/span&gt;&lt;br /&gt;
&lt;span style=&quot;color:#362E2B;font-family:Arial;font-size:14px;background-color:#FFFFFF;&quot;&gt;后面进的人, 直接跳到到转到活动结束的静态页面，&lt;/span&gt;&lt;br /&gt;
&lt;span style=&quot;color:#362E2B;font-family:Arial;font-size:14px;background-color:#FFFFFF;&quot;&gt;通知路由服务器,不在路由到这台服务器(这个值得商讨)。&lt;/span&gt;&lt;br /&gt;
&lt;span style=&quot;color:#362E2B;font-family:Arial;font-size:14px;background-color:#FFFFFF;&quot;&gt;所有产品服务器进来的m/n*(1+0.1)个人再全部转发到一台付款服务器上,进入付款环节,看谁手快了,这时候人少,加锁什么的就简单的。&lt;/span&gt;&lt;br /&gt;
&lt;br /&gt;
&lt;span style=&quot;color:#362E2B;font-family:Arial;font-size:14px;background-color:#FFFFFF;&quot;&gt;方案三、如果是单服务器，可以使用Memcache锁来实现&lt;/span&gt;&lt;br /&gt;
&lt;br /&gt;
&lt;span style=&quot;color:#362E2B;font-family:Arial;font-size:14px;background-color:#FFFFFF;&quot;&gt;product_key 为票的key&lt;/span&gt;&lt;br /&gt;
&lt;span style=&quot;color:#362E2B;font-family:Arial;font-size:14px;background-color:#FFFFFF;&quot;&gt;product_lock_key 为票锁key&lt;/span&gt;&lt;br /&gt;
&lt;span style=&quot;color:#362E2B;font-family:Arial;font-size:14px;background-color:#FFFFFF;&quot;&gt;当product_key存在于memcached中时，所有用户都可以进入下单流程。&lt;/span&gt;&lt;br /&gt;
&lt;span style=&quot;color:#362E2B;font-family:Arial;font-size:14px;background-color:#FFFFFF;&quot;&gt;当进入支付流程时，首先往memcached存放add(product_lock_key, “1″),&lt;/span&gt;&lt;br /&gt;
&lt;span style=&quot;color:#362E2B;font-family:Arial;font-size:14px;background-color:#FFFFFF;&quot;&gt;如果返回成功，进入支付流程。&lt;/span&gt;&lt;br /&gt;
&lt;span style=&quot;color:#362E2B;font-family:Arial;font-size:14px;background-color:#FFFFFF;&quot;&gt;如果不成，则说明已经有人进入支付流程，则线程等待N秒，递归执行add操作。&lt;/span&gt;&lt;br /&gt;
&lt;br /&gt;
&lt;span style=&quot;color:#362E2B;font-family:Arial;font-size:14px;background-color:#FFFFFF;&quot;&gt;方案四、借助文件排他锁&lt;/span&gt;&lt;br /&gt;
&lt;br /&gt;
&lt;span style=&quot;color:#362E2B;font-family:Arial;font-size:14px;background-color:#FFFFFF;&quot;&gt;在处理下单请求的时候，用flock锁定一个文件，如果锁定失败说明有其他订单正在处理，此时要么等待要么直接提示用户&quot;服务器繁忙&quot;&lt;/span&gt;&lt;br /&gt;
&lt;span style=&quot;color:#362E2B;font-family:Arial;font-size:14px;background-color:#FFFFFF;&quot;&gt;本文要说的是第4种方案，大致代码如下&lt;/span&gt;&lt;br /&gt;
&lt;br /&gt;
&lt;span style=&quot;color:#362E2B;font-family:Arial;font-size:14px;background-color:#FFFFFF;&quot;&gt;阻塞(等待)模式：&lt;/span&gt;&lt;br /&gt;
&lt;br /&gt;
&lt;span style=&quot;color:#362E2B;font-family:Arial;font-size:14px;background-color:#FFFFFF;&quot;&gt;&amp;lt;?php&lt;/span&gt;&lt;br /&gt;
&lt;span style=&quot;color:#362E2B;font-family:Arial;font-size:14px;background-color:#FFFFFF;&quot;&gt;$fp = fopen(&quot;lock.txt&quot;, &quot;w+&quot;);&lt;/span&gt;&lt;br /&gt;
&lt;span style=&quot;color:#362E2B;font-family:Arial;font-size:14px;background-color:#FFFFFF;&quot;&gt;if(flock($fp,LOCK_EX))&lt;/span&gt;&lt;br /&gt;
&lt;span style=&quot;color:#362E2B;font-family:Arial;font-size:14px;background-color:#FFFFFF;&quot;&gt;{&lt;/span&gt;&lt;br /&gt;
&lt;span style=&quot;color:#362E2B;font-family:Arial;font-size:14px;background-color:#FFFFFF;&quot;&gt;//..处理订单&lt;/span&gt;&lt;br /&gt;
&lt;span style=&quot;color:#362E2B;font-family:Arial;font-size:14px;background-color:#FFFFFF;&quot;&gt;flock($fp,LOCK_UN);&lt;/span&gt;&lt;br /&gt;
&lt;span style=&quot;color:#362E2B;font-family:Arial;font-size:14px;background-color:#FFFFFF;&quot;&gt;}&lt;/span&gt;&lt;br /&gt;
&lt;span style=&quot;color:#362E2B;font-family:Arial;font-size:14px;background-color:#FFFFFF;&quot;&gt;fclose($fp);&lt;/span&gt;&lt;br /&gt;
&lt;span style=&quot;color:#362E2B;font-family:Arial;font-size:14px;background-color:#FFFFFF;&quot;&gt;?&amp;gt;&lt;/span&gt;&lt;br /&gt;
&lt;br /&gt;
&lt;span style=&quot;color:#362E2B;font-family:Arial;font-size:14px;background-color:#FFFFFF;&quot;&gt;非阻塞模式：&lt;/span&gt;&lt;br /&gt;
&lt;br /&gt;
&lt;span style=&quot;color:#362E2B;font-family:Arial;font-size:14px;background-color:#FFFFFF;&quot;&gt;&amp;lt;?php&lt;/span&gt;&lt;br /&gt;
&lt;span style=&quot;color:#362E2B;font-family:Arial;font-size:14px;background-color:#FFFFFF;&quot;&gt;$fp = fopen(&quot;lock.txt&quot;, &quot;w+&quot;);&lt;/span&gt;&lt;br /&gt;
&lt;span style=&quot;color:#362E2B;font-family:Arial;font-size:14px;background-color:#FFFFFF;&quot;&gt;if(flock($fp,LOCK_EX | LOCK_NB))&lt;/span&gt;&lt;br /&gt;
&lt;span style=&quot;color:#362E2B;font-family:Arial;font-size:14px;background-color:#FFFFFF;&quot;&gt;{&lt;/span&gt;&lt;br /&gt;
&lt;span style=&quot;color:#362E2B;font-family:Arial;font-size:14px;background-color:#FFFFFF;&quot;&gt;//..处理订单&lt;/span&gt;&lt;br /&gt;
&lt;span style=&quot;color:#362E2B;font-family:Arial;font-size:14px;background-color:#FFFFFF;&quot;&gt;flock($fp,LOCK_UN);&lt;/span&gt;&lt;br /&gt;
&lt;span style=&quot;color:#362E2B;font-family:Arial;font-size:14px;background-color:#FFFFFF;&quot;&gt;}&lt;/span&gt;&lt;br /&gt;
&lt;span style=&quot;color:#362E2B;font-family:Arial;font-size:14px;background-color:#FFFFFF;&quot;&gt;else&lt;/span&gt;&lt;br /&gt;
&lt;span style=&quot;color:#362E2B;font-family:Arial;font-size:14px;background-color:#FFFFFF;&quot;&gt;{&lt;/span&gt;&lt;br /&gt;
&lt;span style=&quot;color:#362E2B;font-family:Arial;font-size:14px;background-color:#FFFFFF;&quot;&gt;echo &quot;系统繁忙，请稍后再试&quot;;&lt;/span&gt;&lt;br /&gt;
&lt;span style=&quot;color:#362E2B;font-family:Arial;font-size:14px;background-color:#FFFFFF;&quot;&gt;}&lt;/span&gt;&lt;br /&gt;
&lt;br /&gt;
&lt;span style=&quot;color:#362E2B;font-family:Arial;font-size:14px;background-color:#FFFFFF;&quot;&gt;fclose($fp);&lt;/span&gt;&lt;br /&gt;
&lt;span style=&quot;color:#362E2B;font-family:Arial;font-size:14px;background-color:#FFFFFF;&quot;&gt;?&amp;gt;&lt;/span&gt;','12','1493252053') [ RunTime:0.0420s ]

[ 2017-04-27T08:14:14+08:00 ] 127.0.0.1 /admin.php?c=content
INFO: [ app_init ] --START--
INFO: Run Behavior\BuildLiteBehavior [ RunTime:0.000000s ]
INFO: [ app_init ] --END-- [ RunTime:0.001000s ]
INFO: [ app_begin ] --START--
INFO: Run Behavior\ReadHtmlCacheBehavior [ RunTime:0.001000s ]
INFO: [ app_begin ] --END-- [ RunTime:0.001000s ]
NOTIC: [2] Declaration of Admin\Controller\ContentController::setStatus() should be compatible with Admin\Controller\CommonController::setStatus($data, $models) F:\Thinkphp\Application\Admin\Controller\ContentController.class.php 第 10 行.
NOTIC: [2] Declaration of Admin\Controller\ContentController::listorder() should be compatible with Admin\Controller\CommonController::listorder($model = '') F:\Thinkphp\Application\Admin\Controller\ContentController.class.php 第 10 行.
NOTIC: [8] Undefined index: title F:\Thinkphp\Application\Admin\Controller\ContentController.class.php 第 17 行.
NOTIC: [8] Undefined index: catid F:\Thinkphp\Application\Admin\Controller\ContentController.class.php 第 23 行.
NOTIC: [8] Undefined index: p F:\Thinkphp\Application\Admin\Controller\ContentController.class.php 第 29 行.
NOTIC: [2] Declaration of Common\Model\NewsModel::find($id) should be compatible with Think\Model::find($options = Array) F:\Thinkphp\Application\Common\Model\NewsModel.class.php 第 10 行.
SQL: SHOW COLUMNS FROM `cms_news` [ RunTime:0.0060s ]
SQL: SELECT * FROM `cms_news` WHERE `status` <> -1 ORDER BY listorder desc,news_id desc LIMIT 0,5   [ RunTime:0.0010s ]
SQL: SELECT COUNT(*) AS tp_count FROM `cms_news` WHERE `status` <> -1 LIMIT 1   [ RunTime:0.0000s ]
NOTIC: [2] Declaration of Common\Model\PositionModel::find($id) should be compatible with Think\Model::find($options = Array) F:\Thinkphp\Application\Common\Model\PositionModel.class.php 第 111 行.
SQL: SHOW COLUMNS FROM `cms_position` [ RunTime:0.0050s ]
SQL: SELECT * FROM `cms_position` WHERE `status` = 1 ORDER BY id  [ RunTime:0.0000s ]
NOTIC: [2] Declaration of Common\Model\MenuModel::find($id) should be compatible with Think\Model::find($options = Array) F:\Thinkphp\Application\Common\Model\MenuModel.class.php 第 146 行.
SQL: SHOW COLUMNS FROM `cms_menu` [ RunTime:0.0050s ]
SQL: SELECT * FROM `cms_menu` WHERE `status` = 1 AND `type` = 0 ORDER BY listorder desc,menu_id  [ RunTime:0.0000s ]
INFO: [ view_parse ] --START--
INFO: [ template_filter ] --START--
INFO: Run Behavior\ContentReplaceBehavior [ RunTime:0.000000s ]
INFO: [ template_filter ] --END-- [ RunTime:0.000000s ]
SQL: SELECT * FROM `cms_menu` WHERE `status` <> -1 AND `type` = 1 ORDER BY listorder desc,menu_id  [ RunTime:0.0000s ]
NOTIC: [8] Undefined index: a F:\Thinkphp\Application\Common\Common\function.php 第 63 行.
NOTIC: [8] Undefined index: a F:\Thinkphp\Application\Common\Common\function.php 第 63 行.
NOTIC: [8] Undefined index: a F:\Thinkphp\Application\Common\Common\function.php 第 63 行.
NOTIC: [8] Undefined index: a F:\Thinkphp\Application\Common\Common\function.php 第 63 行.
NOTIC: [8] Undefined index: a F:\Thinkphp\Application\Common\Common\function.php 第 63 行.
NOTIC: [8] Undefined index: a F:\Thinkphp\Application\Common\Common\function.php 第 63 行.
NOTIC: [8] Undefined index: a F:\Thinkphp\Application\Common\Common\function.php 第 63 行.
NOTIC: [8] Undefined variable: menuId F:\Thinkphp\Application\Runtime\Cache\Admin\ccc9ced3ad798311a07cb47b740981c5.php 第 121 行.
NOTIC: [8] Undefined variable: menuId F:\Thinkphp\Application\Runtime\Cache\Admin\ccc9ced3ad798311a07cb47b740981c5.php 第 121 行.
NOTIC: [8] Undefined variable: menuId F:\Thinkphp\Application\Runtime\Cache\Admin\ccc9ced3ad798311a07cb47b740981c5.php 第 121 行.
NOTIC: [8] Undefined variable: menuId F:\Thinkphp\Application\Runtime\Cache\Admin\ccc9ced3ad798311a07cb47b740981c5.php 第 121 行.
NOTIC: [8] Undefined variable: menuId F:\Thinkphp\Application\Runtime\Cache\Admin\ccc9ced3ad798311a07cb47b740981c5.php 第 121 行.
NOTIC: [8] Undefined variable: menuId F:\Thinkphp\Application\Runtime\Cache\Admin\ccc9ced3ad798311a07cb47b740981c5.php 第 121 行.
NOTIC: [8] Undefined variable: menuId F:\Thinkphp\Application\Runtime\Cache\Admin\ccc9ced3ad798311a07cb47b740981c5.php 第 121 行.
INFO: Run Behavior\ParseTemplateBehavior [ RunTime:0.010000s ]
INFO: [ view_parse ] --END-- [ RunTime:0.010000s ]
INFO: [ view_filter ] --START--
INFO: Run Behavior\WriteHtmlCacheBehavior [ RunTime:0.000000s ]
INFO: [ view_filter ] --END-- [ RunTime:0.000000s ]
INFO: [ app_end ] --START--
INFO: Run Behavior\ShowPageTraceBehavior [ RunTime:0.001000s ]
INFO: [ app_end ] --END-- [ RunTime:0.001000s ]

[ 2017-04-27T08:14:22+08:00 ] 127.0.0.1 /admin.php?c=login
INFO: [ app_init ] --START--
INFO: Run Behavior\BuildLiteBehavior [ RunTime:0.000000s ]
INFO: [ app_init ] --END-- [ RunTime:0.001000s ]
INFO: [ app_begin ] --START--
INFO: Run Behavior\ReadHtmlCacheBehavior [ RunTime:0.000000s ]
INFO: [ app_begin ] --END-- [ RunTime:0.000000s ]
NOTIC: [8] Undefined variable: module F:\Thinkphp\ThinkPHP\Common\functions.php 第 990 行.
NOTIC: [8] Undefined variable: var F:\Thinkphp\ThinkPHP\Common\functions.php 第 990 行.
NOTIC: [2] array_reverse() expects parameter 1 to be array, null given F:\Thinkphp\ThinkPHP\Common\functions.php 第 990 行.
NOTIC: [2] http_build_query(): Parameter 1 expected to be Array or Object.  Incorrect value given F:\Thinkphp\ThinkPHP\Common\functions.php 第 990 行.

[ 2017-04-27T08:14:22+08:00 ] 127.0.0.1 /admin.php?m=&&c=index
INFO: [ app_init ] --START--
INFO: Run Behavior\BuildLiteBehavior [ RunTime:0.000000s ]
INFO: [ app_init ] --END-- [ RunTime:0.000000s ]
INFO: [ app_begin ] --START--
INFO: Run Behavior\ReadHtmlCacheBehavior [ RunTime:0.001000s ]
INFO: [ app_begin ] --END-- [ RunTime:0.001000s ]
NOTIC: [2] Declaration of Common\Model\NewsModel::find($id) should be compatible with Think\Model::find($options = Array) F:\Thinkphp\Application\Common\Model\NewsModel.class.php 第 10 行.
SQL: SHOW COLUMNS FROM `cms_news` [ RunTime:0.0040s ]
SQL: SELECT * FROM `cms_news` WHERE `status` = 1 ORDER BY countnum desc LIMIT 1   [ RunTime:0.0010s ]
SQL: SELECT COUNT(*) AS tp_count FROM `cms_news` WHERE `status` <> -1 LIMIT 1   [ RunTime:0.0000s ]
NOTIC: [2] Declaration of Common\Model\PositionModel::find($id) should be compatible with Think\Model::find($options = Array) F:\Thinkphp\Application\Common\Model\PositionModel.class.php 第 111 行.
SQL: SHOW COLUMNS FROM `cms_position` [ RunTime:0.0070s ]
SQL: SELECT COUNT(*) AS tp_count FROM `cms_position` WHERE `status` = 1 LIMIT 1   [ RunTime:0.0000s ]
SQL: SHOW COLUMNS FROM `cms_admin` [ RunTime:0.0040s ]
SQL: SELECT COUNT(*) AS tp_count FROM `cms_admin` WHERE `status` = 1 AND `lastlogintime` > 1493222400 LIMIT 1   [ RunTime:0.0000s ]
NOTIC: [2] Illegal string offset 'tp_count' F:\Thinkphp\Application\Common\Model\AdminModel.class.php 第 106 行.
INFO: [ view_parse ] --START--
INFO: [ template_filter ] --START--
INFO: Run Behavior\ContentReplaceBehavior [ RunTime:0.000000s ]
INFO: [ template_filter ] --END-- [ RunTime:0.001000s ]
INFO: Run Behavior\ParseTemplateBehavior [ RunTime:0.008000s ]
INFO: [ view_parse ] --END-- [ RunTime:0.008000s ]
INFO: [ view_filter ] --START--
INFO: Run Behavior\WriteHtmlCacheBehavior [ RunTime:0.001000s ]
INFO: [ view_filter ] --END-- [ RunTime:0.001000s ]
INFO: [ app_end ] --START--
INFO: Run Behavior\ShowPageTraceBehavior [ RunTime:0.001000s ]
INFO: [ app_end ] --END-- [ RunTime:0.001000s ]

[ 2017-04-27T08:15:18+08:00 ] 127.0.0.1 /admin.php?c=basic
INFO: [ app_init ] --START--
INFO: Run Behavior\BuildLiteBehavior [ RunTime:0.000000s ]
INFO: [ app_init ] --END-- [ RunTime:0.000000s ]
INFO: [ app_begin ] --START--
INFO: Run Behavior\ReadHtmlCacheBehavior [ RunTime:0.001000s ]
INFO: [ app_begin ] --END-- [ RunTime:0.001000s ]
NOTIC: [2] Declaration of Common\Model\BasicModel::save($data = Array) should be compatible with Think\Model::save($data = '', $options = Array) F:\Thinkphp\Application\Common\Model\BasicModel.class.php 第 10 行.
NOTIC: [2] Declaration of Common\Model\BasicModel::select() should be compatible with Think\Model::select($options = Array) F:\Thinkphp\Application\Common\Model\BasicModel.class.php 第 10 行.
INFO: [ view_parse ] --START--
INFO: [ template_filter ] --START--
INFO: Run Behavior\ContentReplaceBehavior [ RunTime:0.000000s ]
INFO: [ template_filter ] --END-- [ RunTime:0.000000s ]
NOTIC: [2] Declaration of Common\Model\MenuModel::find($id) should be compatible with Think\Model::find($options = Array) F:\Thinkphp\Application\Common\Model\MenuModel.class.php 第 146 行.
SQL: SHOW COLUMNS FROM `cms_menu` [ RunTime:0.0050s ]
SQL: SELECT * FROM `cms_menu` WHERE `status` <> -1 AND `type` = 1 ORDER BY listorder desc,menu_id  [ RunTime:0.0000s ]
NOTIC: [8] Undefined variable: index F:\Thinkphp\Application\Runtime\Cache\Admin\bb97361d9e4731aec48331de29e1c4d1.php 第 94 行.
NOTIC: [8] Undefined index: a F:\Thinkphp\Application\Common\Common\function.php 第 63 行.
NOTIC: [8] Undefined index: a F:\Thinkphp\Application\Common\Common\function.php 第 63 行.
NOTIC: [8] Undefined index: a F:\Thinkphp\Application\Common\Common\function.php 第 63 行.
NOTIC: [8] Undefined index: a F:\Thinkphp\Application\Common\Common\function.php 第 63 行.
NOTIC: [8] Undefined index: a F:\Thinkphp\Application\Common\Common\function.php 第 63 行.
NOTIC: [8] Undefined index: a F:\Thinkphp\Application\Common\Common\function.php 第 63 行.
NOTIC: [8] Undefined index: a F:\Thinkphp\Application\Common\Common\function.php 第 63 行.
INFO: Run Behavior\ParseTemplateBehavior [ RunTime:0.034002s ]
INFO: [ view_parse ] --END-- [ RunTime:0.034002s ]
INFO: [ view_filter ] --START--
INFO: Run Behavior\WriteHtmlCacheBehavior [ RunTime:0.001000s ]
INFO: [ view_filter ] --END-- [ RunTime:0.001000s ]
INFO: [ app_end ] --START--
INFO: Run Behavior\ShowPageTraceBehavior [ RunTime:0.002000s ]
INFO: [ app_end ] --END-- [ RunTime:0.002000s ]

[ 2017-04-27T08:15:22+08:00 ] 127.0.0.1 /admin.php?c=basic&a=index
INFO: [ app_init ] --START--
INFO: Run Behavior\BuildLiteBehavior [ RunTime:0.000000s ]
INFO: [ app_init ] --END-- [ RunTime:0.000000s ]
INFO: [ app_begin ] --START--
INFO: Run Behavior\ReadHtmlCacheBehavior [ RunTime:0.001000s ]
INFO: [ app_begin ] --END-- [ RunTime:0.001000s ]
NOTIC: [2] Declaration of Common\Model\BasicModel::save($data = Array) should be compatible with Think\Model::save($data = '', $options = Array) F:\Thinkphp\Application\Common\Model\BasicModel.class.php 第 10 行.
NOTIC: [2] Declaration of Common\Model\BasicModel::select() should be compatible with Think\Model::select($options = Array) F:\Thinkphp\Application\Common\Model\BasicModel.class.php 第 10 行.
INFO: [ view_parse ] --START--
INFO: [ template_filter ] --START--
INFO: Run Behavior\ContentReplaceBehavior [ RunTime:0.000000s ]
INFO: [ template_filter ] --END-- [ RunTime:0.000000s ]
NOTIC: [2] Declaration of Common\Model\MenuModel::find($id) should be compatible with Think\Model::find($options = Array) F:\Thinkphp\Application\Common\Model\MenuModel.class.php 第 146 行.
SQL: SHOW COLUMNS FROM `cms_menu` [ RunTime:0.0050s ]
SQL: SELECT * FROM `cms_menu` WHERE `status` <> -1 AND `type` = 1 ORDER BY listorder desc,menu_id  [ RunTime:0.0010s ]
NOTIC: [8] Undefined variable: index F:\Thinkphp\Application\Runtime\Cache\Admin\bb97361d9e4731aec48331de29e1c4d1.php 第 94 行.
NOTIC: [8] Undefined index: a F:\Thinkphp\Application\Common\Common\function.php 第 63 行.
NOTIC: [8] Undefined index: a F:\Thinkphp\Application\Common\Common\function.php 第 63 行.
NOTIC: [8] Undefined index: a F:\Thinkphp\Application\Common\Common\function.php 第 63 行.
NOTIC: [8] Undefined index: a F:\Thinkphp\Application\Common\Common\function.php 第 63 行.
NOTIC: [8] Undefined index: a F:\Thinkphp\Application\Common\Common\function.php 第 63 行.
NOTIC: [8] Undefined index: a F:\Thinkphp\Application\Common\Common\function.php 第 63 行.
NOTIC: [8] Undefined index: a F:\Thinkphp\Application\Common\Common\function.php 第 63 行.
INFO: Run Behavior\ParseTemplateBehavior [ RunTime:0.019001s ]
INFO: [ view_parse ] --END-- [ RunTime:0.019001s ]
INFO: [ view_filter ] --START--
INFO: Run Behavior\WriteHtmlCacheBehavior [ RunTime:0.001000s ]
INFO: [ view_filter ] --END-- [ RunTime:0.001000s ]
INFO: [ app_end ] --START--
INFO: Run Behavior\ShowPageTraceBehavior [ RunTime:0.000000s ]
INFO: [ app_end ] --END-- [ RunTime:0.000000s ]

[ 2017-04-27T08:17:37+08:00 ] 127.0.0.1 /admin.php?c=admin
INFO: [ app_init ] --START--
INFO: Run Behavior\BuildLiteBehavior [ RunTime:0.000000s ]
INFO: [ app_init ] --END-- [ RunTime:0.001001s ]
INFO: [ app_begin ] --START--
INFO: Run Behavior\ReadHtmlCacheBehavior [ RunTime:0.001000s ]
INFO: [ app_begin ] --END-- [ RunTime:0.001000s ]
NOTIC: [2] Declaration of Admin\Controller\AdminController::setStatus() should be compatible with Admin\Controller\CommonController::setStatus($data, $models) F:\Thinkphp\Application\Admin\Controller\AdminController.class.php 第 12 行.
SQL: SHOW COLUMNS FROM `cms_admin` [ RunTime:0.0060s ]
SQL: SELECT * FROM `cms_admin` WHERE `status` <> -1 ORDER BY admin_id desc  [ RunTime:0.0000s ]
INFO: [ view_parse ] --START--
INFO: [ template_filter ] --START--
INFO: Run Behavior\ContentReplaceBehavior [ RunTime:0.000000s ]
INFO: [ template_filter ] --END-- [ RunTime:0.000000s ]
NOTIC: [2] Declaration of Common\Model\MenuModel::find($id) should be compatible with Think\Model::find($options = Array) F:\Thinkphp\Application\Common\Model\MenuModel.class.php 第 146 行.
SQL: SHOW COLUMNS FROM `cms_menu` [ RunTime:0.0060s ]
SQL: SELECT * FROM `cms_menu` WHERE `status` <> -1 AND `type` = 1 ORDER BY listorder desc,menu_id  [ RunTime:0.0010s ]
NOTIC: [8] Undefined index: a F:\Thinkphp\Application\Common\Common\function.php 第 63 行.
NOTIC: [8] Undefined index: a F:\Thinkphp\Application\Common\Common\function.php 第 63 行.
NOTIC: [8] Undefined index: a F:\Thinkphp\Application\Common\Common\function.php 第 63 行.
NOTIC: [8] Undefined index: a F:\Thinkphp\Application\Common\Common\function.php 第 63 行.
NOTIC: [8] Undefined index: a F:\Thinkphp\Application\Common\Common\function.php 第 63 行.
NOTIC: [8] Undefined index: a F:\Thinkphp\Application\Common\Common\function.php 第 63 行.
NOTIC: [8] Undefined index: a F:\Thinkphp\Application\Common\Common\function.php 第 63 行.
NOTIC: [8] Undefined variable: pageRes F:\Thinkphp\Application\Runtime\Cache\Admin\b682812e058c4f7cab74d08ab9eabe11.php 第 152 行.
INFO: Run Behavior\ParseTemplateBehavior [ RunTime:0.015001s ]
INFO: [ view_parse ] --END-- [ RunTime:0.015001s ]
INFO: [ view_filter ] --START--
INFO: Run Behavior\WriteHtmlCacheBehavior [ RunTime:0.001000s ]
INFO: [ view_filter ] --END-- [ RunTime:0.001000s ]
INFO: [ app_end ] --START--
INFO: Run Behavior\ShowPageTraceBehavior [ RunTime:0.000000s ]
INFO: [ app_end ] --END-- [ RunTime:0.001000s ]

